registrar_id: 1556
registrar_name: Chengdu west dimension digital technology Co., LTD
whois_server: whois.west.cn
referral_url: www.west.cn
domain_id: whois protect
domain_name: 126.info
domain_status: ok
created_date: 2001-10-04T19:03:46.0Z
updated_date: 2001-10-04T19:03:46.0Z
expiration_date: 2019-10-04T19:03:46.0Z
name_servers: ns1-show.myhostadmin.net,ns2-show.myhostadmin.net
domain_dnssec: signedDelegation

registrant
id: info858186333283
name: REDACTED FOR PRIVACY
organization: REDACTED FOR PRIVACY
street: REDACTED FOR PRIVACY
street_ext: 
city: Chengdu
province: Sichuan
postal_code: REDACTED FOR PRIVACY
country: CN
phone: REDACTED FOR PRIVACY
phone_ext: 
fax: REDACTED FOR PRIVACY
fax_ext: 
email: link at https://www.west.cn/web/whoisform?domain=126.info

admin
id: info858186333283
name: REDACTED FOR PRIVACY
organization: REDACTED FOR PRIVACY
street: REDACTED FOR PRIVACY
street_ext: 
city: Chengdu
province: Sichuan
postal_code: REDACTED FOR PRIVACY
country: CN
phone: REDACTED FOR PRIVACY
phone_ext: 
fax: REDACTED FOR PRIVACY
fax_ext: 
email: link at https://www.west.cn/web/whoisform?domain=126.info

tech
id: info858186333283
name: REDACTED FOR PRIVACY
organization: REDACTED FOR PRIVACY
street: REDACTED FOR PRIVACY
street_ext: 
city: Chengdu
province: Sichuan
postal_code: REDACTED FOR PRIVACY
country: CN
phone: REDACTED FOR PRIVACY
phone_ext: 
fax: REDACTED FOR PRIVACY
fax_ext: 
email: link at https://www.west.cn/web/whoisform?domain=126.info

bill
id: 
name: 
organization: 
street: 
street_ext: 
city: 
province: 
postal_code: 
country: 
phone: 
phone_ext: 
fax: 
fax_ext: 
email: 
