registrar_id: 
registrar_name: RU-CENTER-RU
whois_server: 
referral_url: 
domain_id: 
domain_name: 2X4.RU
domain_status: registered,delegated,verified
created_date: 2004-06-23T20:00:00Z
updated_date: 
expiration_date: 2019-06-23T21:00:00Z
name_servers: dns1.yandex.net,dns2.yandex.net
domain_dnssec: 

registrant
id: 
name: 
organization: 
street: 
street_ext: 
city: 
province: 
postal_code: 
country: 
phone: 
phone_ext: 
fax: 
fax_ext: 
email: 

admin
id: 
name: https://www.nic.ru/whois
organization: 
street: 
street_ext: 
city: 
province: 
postal_code: 
country: 
phone: 
phone_ext: 
fax: 
fax_ext: 
email: 

tech
id: 
name: 
organization: 
street: 
street_ext: 
city: 
province: 
postal_code: 
country: 
phone: 
phone_ext: 
fax: 
fax_ext: 
email: 

bill
id: 
name: 
organization: 
street: 
street_ext: 
city: 
province: 
postal_code: 
country: 
phone: 
phone_ext: 
fax: 
fax_ext: 
email: 
