registrar_id: 
registrar_name: 
whois_server: 
referral_url: 
domain_id: 
domain_name: ABS.JP
domain_status: active
created_date: 2009/07/01
updated_date: 2018/03/09 13:34:39 (JST)
expiration_date: 2018/07/31
name_servers: ns1.voodoo.com,ns2.voodoo.com
domain_dnssec: 

registrant
id: 
name: JP-Domains.com WHOIS Privacy Service
organization: 
street: 
street_ext: 
city: 
province: 
postal_code: 160-0023
country: 
phone: 03-6300-7969
phone_ext: 
fax: 
fax_ext: 
email: privacy@jp-domains.com

admin
id: 
name: 
organization: 
street: 
street_ext: 
city: 
province: 
postal_code: 
country: 
phone: 
phone_ext: 
fax: 
fax_ext: 
email: 

tech
id: 
name: 
organization: 
street: 
street_ext: 
city: 
province: 
postal_code: 
country: 
phone: 
phone_ext: 
fax: 
fax_ext: 
email: 

bill
id: 
name: 
organization: 
street: 
street_ext: 
city: 
province: 
postal_code: 
country: 
phone: 
phone_ext: 
fax: 
fax_ext: 
email: 
