
domain
id: D503300000063709937-LRMS
domain: GIT.AC
name: git
extension: ac
status: clientdeleteprohibited,clienttransferprohibited
dnssec: unsigned
whois_server: whois.porkbun.com
name_servers: f1g1ns2.dnspod.net,f1g1ns1.dnspod.net
created_date: 2018-02-09 11:59:43 +0000 UTC
updated_date: 2020-02-01 04:14:40 +0000 UTC
expiration_date: 2021-02-09 11:59:43 +0000 UTC

registrar
id: 1861
name: Porkbun LLC
organization: 
street: 
city: 
province: 
postal_code: 
country: 
phone: +1.5038508351
phone_ext: 
fax: 
fax_ext: 
email: abuse@porkbun.com
referral_url: https://porkbun.com

registrant
id: 
name: 
organization: Private by Design, LLC
street: 
city: 
province: NC
postal_code: 
country: US
phone: 
phone_ext: 
fax: 
fax_ext: 
email: 
referral_url: 

administrative
id: 
name: 
organization: 
street: 
city: 
province: 
postal_code: 
country: 
phone: 
phone_ext: 
fax: 
fax_ext: 
email: 
referral_url: 

technical
id: 
name: 
organization: 
street: 
city: 
province: 
postal_code: 
country: 
phone: 
phone_ext: 
fax: 
fax_ext: 
email: 
referral_url: 

billing
id: 
name: 
organization: 
street: 
city: 
province: 
postal_code: 
country: 
phone: 
phone_ext: 
fax: 
fax_ext: 
email: 
referral_url: 
