
domain
id: D503300000040385778-LRMS
domain: GOOGLE.AC
name: google
extension: ac
status: clientdeleteprohibited,clienttransferprohibited,clientupdateprohibited,serverdeleteprohibited,servertransferprohibited,serverupdateprohibited,renewperiod
dnssec: unsigned
whois_server: whois.markmonitor.com
name_servers: ns1.google.com,ns2.google.com,ns3.google.com,ns4.google.com
created_date: 2006-04-03 13:38:02 +0000 UTC
updated_date: 2020-03-02 10:38:06 +0000 UTC
expiration_date: 2021-04-03 13:38:02 +0000 UTC

registrar
id: 292
name: MarkMonitor Inc.
organization: 
street: 
city: 
province: 
postal_code: 
country: 
phone: +1.2083895740
phone_ext: 
fax: 
fax_ext: 
email: abusecomplaints@markmonitor.com
referral_url: http://www.markmonitor.com

registrant
id: 
name: 
organization: Google LLC
street: 
city: 
province: CA
postal_code: 
country: US
phone: 
phone_ext: 
fax: 
fax_ext: 
email: 
referral_url: 

administrative
id: 
name: 
organization: 
street: 
city: 
province: 
postal_code: 
country: 
phone: 
phone_ext: 
fax: 
fax_ext: 
email: 
referral_url: 

technical
id: 
name: 
organization: 
street: 
city: 
province: 
postal_code: 
country: 
phone: 
phone_ext: 
fax: 
fax_ext: 
email: 
referral_url: 

billing
id: 
name: 
organization: 
street: 
city: 
province: 
postal_code: 
country: 
phone: 
phone_ext: 
fax: 
fax_ext: 
email: 
referral_url: 
