registrar_id: 
registrar_name: WIDE-REG
registrar_organization: Aruba Business s.r.l.
whois_server: 
referral_url: http://www.arubabusiness.it
domain_id: 
domain_name: admin.it
domain_status: ok
created_date: 1999-10-29 00:00:00
updated_date: 2019-02-03 00:56:12
expiration_date: 2020-01-18
name_servers: dns.widhost.net,dns2.widhost.net
domain_dnssec: no

registrant
id: 
name: 
organization: Ebusiness s.r.l.
street: Via Umberto Saba, 46c, Roma, 00144, RM, IT
street_ext: 
city: 
province: 
postal_code: 
country: 
phone: 
phone_ext: 
fax: 
fax_ext: 
email: 

admin
id: 
name: Fabio Ferrari
organization: Ebusiness s.r.l.
street: Via Umberto Saba, 46c, Roma, 00144, RM, IT
street_ext: 
city: 
province: 
postal_code: 
country: 
phone: 
phone_ext: 
fax: 
fax_ext: 
email: 

tech
id: 
name: 
organization: 
street: 
street_ext: 
city: 
province: 
postal_code: 
country: 
phone: 
phone_ext: 
fax: 
fax_ext: 
email: 

bill
id: 
name: 
organization: 
street: 
street_ext: 
city: 
province: 
postal_code: 
country: 
phone: 
phone_ext: 
fax: 
fax_ext: 
email: 
