
domain
id: D108300000004480451-AGRS
domain: GOOGLE.AERO
name: google
extension: aero
status: ok
dnssec: unsigned
whois_server: 
name_servers: ns1.hosting.reg.ru,ns2.hosting.reg.ru
created_date: 2019-08-04 11:35:07 +0000 UTC
updated_date: 2019-08-04 11:35:07 +0000 UTC
expiration_date: 2020-08-04 11:35:07 +0000 UTC

registrar
id: 85
name: EPAG Domainservices GmbH
organization: 
street: 
city: 
province: 
postal_code: 
country: 
phone: 
phone_ext: 
fax: 
fax_ext: 
email: 
referral_url: http://www.epag.de

registrant
id: 
name: 
organization: 
street: 
city: 
province: 
postal_code: 
country: RU
phone: 
phone_ext: 
fax: 
fax_ext: 
email: 
referral_url: 

administrative
id: 
name: 
organization: 
street: 
city: 
province: 
postal_code: 
country: 
phone: 
phone_ext: 
fax: 
fax_ext: 
email: 
referral_url: 

technical
id: 
name: 
organization: 
street: 
city: 
province: 
postal_code: 
country: 
phone: 
phone_ext: 
fax: 
fax_ext: 
email: 
referral_url: 

billing
id: 
name: 
organization: 
street: 
city: 
province: 
postal_code: 
country: 
phone: 
phone_ext: 
fax: 
fax_ext: 
email: 
referral_url: 
