
domain
id: 291858_nic_ai
domain: git.ai
name: git
extension: ai
status: ok
dnssec: unsigned
whois_server: whois.nic.ai
name_servers: ns2.onlydomains.com,ns1.onlydomains.com
created_date: 2017-12-16 03:58:55.24 +0000 UTC
updated_date: 2020-02-27 19:51:17.621 +0000 UTC
expiration_date: 2022-02-28 03:58:55.78 +0000 UTC

registrar
id: 
name: Instra
organization: 
street: 
city: 
province: 
postal_code: 
country: 
phone: 
phone_ext: 
fax: 
fax_ext: 
email: 
referral_url: 

registrant
id: bWZK6-q8G1W
name: Sumihiro Ueda
organization: 
street: 426-17 Hikishou-haradera-cho
city: Sakai-shi Higashi-ku
province: Osaka
postal_code: 599-8112
country: JP
phone: +81.722869606
phone_ext: 
fax: 
fax_ext: 
email: ueda@sumihiro.biz
referral_url: 

administrative
id: lehad-mzYLt
name: Sumihiro Ueda
organization: 
street: 426-17 Hikishou-haradera-cho
city: Sakai-shi Higashi-ku
province: Osaka
postal_code: 599-8112
country: JP
phone: +81.722869606
phone_ext: 
fax: 
fax_ext: 
email: ueda@sumihiro.biz
referral_url: 

technical
id: VuhbW-Dx0th
name: Sumihiro Ueda
organization: 
street: 426-17 Hikishou-haradera-cho
city: Sakai-shi Higashi-ku
province: Osaka
postal_code: 599-8112
country: JP
phone: +81.722869606
phone_ext: 
fax: 
fax_ext: 
email: ueda@sumihiro.biz
referral_url: 

billing
id: ogcgI-B1yA8
name: Sumihiro Ueda
organization: 
street: 426-17 Hikishou-haradera-cho
city: Sakai-shi Higashi-ku
province: Osaka
postal_code: 599-8112
country: JP
phone: +81.722869606
phone_ext: 
fax: 
fax_ext: 
email: ueda@sumihiro.biz
referral_url: 
