registrar_id: 
registrar_name: 
whois_server: 
referral_url: 
domain_id: 
domain_name: ALIBABA.JP
domain_status: active
created_date: 2001/05/08
updated_date: 2013/06/01 01:05:07 (JST)
expiration_date: 2014/05/31
name_servers: ns1.markmonitor.com,ns6.markmonitor.com,ns4.markmonitor.com,ns3.markmonitor.com,ns7.markmonitor.com,ns2.markmonitor.com,ns5.markmonitor.com
domain_dnssec: 

registrant
id: 
name: Alibaba Group Holding Limited
organization: 
street: 
street_ext: 
city: 
province: 
postal_code: KY1-1103
country: 
phone: 85222155100
phone_ext: 
fax: 85222155200
fax_ext: 
email: dnsadmin@hk.alibaba-inc.com

admin
id: 
name: 
organization: 
street: 
street_ext: 
city: 
province: 
postal_code: 
country: 
phone: 
phone_ext: 
fax: 
fax_ext: 
email: 

tech
id: 
name: 
organization: 
street: 
street_ext: 
city: 
province: 
postal_code: 
country: 
phone: 
phone_ext: 
fax: 
fax_ext: 
email: 

bill
id: 
name: 
organization: 
street: 
street_ext: 
city: 
province: 
postal_code: 
country: 
phone: 
phone_ext: 
fax: 
fax_ext: 
email: 
