registrar_id: 814
registrar_name: Internet.bs Corp. (R1601-LROR)
whois_server: 
referral_url: 
domain_id: D160909486-LROR
domain_name: ANONNEWS.ORG
domain_status: clienttransferprohibited
created_date: 2010-12-12T20:31:54Z
updated_date: 2013-11-16T12:22:49Z
expiration_date: 2014-12-12T20:31:54Z
name_servers: lisa.ns.cloudflare.com,ed.ns.cloudflare.com
domain_dnssec: Unsigned

registrant
id: INTE381xro4k9z0m
name: Domain Administrator
organization: Fundacion Private Whois
street: Attn: anonnews.org
street_ext: 
city: Panama
province: 
postal_code: Zona 15
country: PA
phone: +507.65967959
phone_ext: 
fax: 
fax_ext: 
email: 52300fa6c2nzfacc@5225b4d0pi3627q9.privatewhois.net

admin
id: INTErkiewm5586ze
name: Domain Administrator
organization: Fundacion Private Whois
street: Attn: anonnews.org
street_ext: 
city: Panama
province: 
postal_code: Zona 15
country: PA
phone: +507.65967959
phone_ext: 
fax: 
fax_ext: 
email: 52300fa7x2yb6oe6@5225b4d0pi3627q9.privatewhois.net

tech
id: INTEl92g5h18b12w
name: Domain Administrator
organization: Fundacion Private Whois
street: Attn: anonnews.org
street_ext: 
city: Panama
province: 
postal_code: Zona 15
country: PA
phone: +507.65967959
phone_ext: 
fax: 
fax_ext: 
email: 52300fa6vwq931xf@5225b4d0pi3627q9.privatewhois.net

bill
id: 
name: 
organization: 
street: 
street_ext: 
city: 
province: 
postal_code: 
country: 
phone: 
phone_ext: 
fax: 
fax_ext: 
email: 
