registrar_id: 
registrar_name: Synergy Wholesale Pty Ltd
whois_server: whois.auda.org.au
referral_url: 
domain_id: D407400000000574093-AU
domain_name: ARIDNS.NET.AU
domain_status: serverrenewprohibited
created_date: 
updated_date: 2018-08-14T23:20:06Z
expiration_date: 
name_servers: ari.alpha.aridns.net.au,ari.beta.aridns.net.au,ari.delta.aridns.net.au,ari.gamma.aridns.net.au
domain_dnssec: signedDelegation

registrant
id: ABN 16103729620
name: AusRegistry International Pty. Ltd.
organization: 
street: 
street_ext: 
city: 
province: 
postal_code: 
country: 
phone: 
phone_ext: 
fax: 
fax_ext: 
email: 

admin
id: 
name: 
organization: 
street: 
street_ext: 
city: 
province: 
postal_code: 
country: 
phone: 
phone_ext: 
fax: 
fax_ext: 
email: 

tech
id: 83053T1868269
name: Domain Administrator
organization: 
street: 
street_ext: 
city: 
province: 
postal_code: 
country: 
phone: 
phone_ext: 
fax: 
fax_ext: 
email: 

bill
id: 
name: 
organization: 
street: 
street_ext: 
city: 
province: 
postal_code: 
country: 
phone: 
phone_ext: 
fax: 
fax_ext: 
email: 
