{
    "domain": {
        "id": "D425500000052489785-AGRS",
        "domain": "GIT.ASIA",
        "name": "git",
        "extension": "asia",
        "status": "clienttransferprohibited,autorenewperiod",
        "dnssec": "unsigned",
        "whois_server": "",
        "name_servers": "ns1.dnsowl.com,ns2.dnsowl.com,ns3.dnsowl.com",
        "created_date": "2018-09-27T13:26:20Z",
        "updated_date": "2019-09-27T22:24:16Z",
        "expiration_date": "2020-09-27T13:26:20Z"
    },
    "registrar": {
        "id": "1479",
        "name": "NameSilo, LLC",
        "organization": "",
        "street": "",
        "city": "",
        "province": "",
        "postal_code": "",
        "country": "",
        "phone": "",
        "phone_ext": "",
        "fax": "",
        "fax_ext": "",
        "email": "",
        "referral_url": ""
    },
    "registrant": {
        "id": "",
        "name": "",
        "organization": "See PrivacyGuardian.org",
        "street": "",
        "city": "",
        "province": "AZ",
        "postal_code": "",
        "country": "US",
        "phone": "",
        "phone_ext": "",
        "fax": "",
        "fax_ext": "",
        "email": "",
        "referral_url": ""
    },
    "administrative": {
        "id": "",
        "name": "",
        "organization": "",
        "street": "",
        "city": "",
        "province": "",
        "postal_code": "",
        "country": "",
        "phone": "",
        "phone_ext": "",
        "fax": "",
        "fax_ext": "",
        "email": "",
        "referral_url": ""
    },
    "technical": {
        "id": "",
        "name": "",
        "organization": "",
        "street": "",
        "city": "",
        "province": "",
        "postal_code": "",
        "country": "",
        "phone": "",
        "phone_ext": "",
        "fax": "",
        "fax_ext": "",
        "email": "",
        "referral_url": ""
    },
    "billing": {
        "id": "",
        "name": "",
        "organization": "",
        "street": "",
        "city": "",
        "province": "",
        "postal_code": "",
        "country": "",
        "phone": "",
        "phone_ext": "",
        "fax": "",
        "fax_ext": "",
        "email": "",
        "referral_url": ""
    }
}