
domain
id: D407400000002676463-AU
domain: ACMA.GOV.AU
name: acma.gov
extension: au
status: ok
dnssec: unsigned
whois_server: whois.auda.org.au
name_servers: dns4.sge.net,dns2.sge.net,dns1.sge.net,dns3.sge.net
created_date: 0001-01-01 00:00:00 +0000 UTC
updated_date: 2020-01-07 00:00:44 +0000 UTC
expiration_date: 0001-01-01 00:00:00 +0000 UTC

registrar
id: 
name: Digital Transformation Agency
organization: 
street: 
city: 
province: 
postal_code: 
country: 
phone: 
phone_ext: 
fax: 
fax_ext: 
email: registrar@domainname.gov.au
referral_url: https://www.domainname.gov.au/

registrant
id: OTHER GOVAU-DESI1000
name: Australian Communications and Media Authority (ACMA)
organization: 
street: 
city: 
province: 
postal_code: 
country: 
phone: 
phone_ext: 
fax: 
fax_ext: 
email: 
referral_url: 

administrative
id: 
name: 
organization: 
street: 
city: 
province: 
postal_code: 
country: 
phone: 
phone_ext: 
fax: 
fax_ext: 
email: 
referral_url: 

technical
id: GOVAU-DESI1001
name: Nathan Penhaligon
organization: 
street: 
city: 
province: 
postal_code: 
country: 
phone: 
phone_ext: 
fax: 
fax_ext: 
email: 
referral_url: 

billing
id: 
name: 
organization: 
street: 
city: 
province: 
postal_code: 
country: 
phone: 
phone_ext: 
fax: 
fax_ext: 
email: 
referral_url: 
