
domain
id: D0000000243-BERLIN
domain: google.berlin
name: google
extension: berlin
status: clientdeleteprohibited,clienttransferprohibited,clientupdateprohibited
dnssec: unsigned
whois_server: 
name_servers: ns1.googledomains.com,ns2.googledomains.com,ns3.googledomains.com,ns4.googledomains.com
created_date: 2014-02-15 20:24:48 +0000 UTC
updated_date: 2020-01-14 10:32:48 +0000 UTC
expiration_date: 2021-02-15 20:24:48 +0000 UTC

registrar
id: 292
name: MarkMonitor Inc.
organization: 
street: 
city: 
province: 
postal_code: 
country: 
phone: +1.2083895740
phone_ext: 
fax: 
fax_ext: 
email: abusecomplaints@markmonitor.com
referral_url: http://www.markmonitor.com

registrant
id: 
name: 
organization: 
street: 
city: 
province: 
postal_code: 
country: 
phone: 
phone_ext: 
fax: 
fax_ext: 
email: 
referral_url: 

administrative
id: 
name: 
organization: 
street: 
city: 
province: 
postal_code: 
country: 
phone: 
phone_ext: 
fax: 
fax_ext: 
email: 
referral_url: 

technical
id: 
name: 
organization: 
street: 
city: 
province: 
postal_code: 
country: 
phone: 
phone_ext: 
fax: 
fax_ext: 
email: 
referral_url: 

billing
id: 
name: 
organization: 
street: 
city: 
province: 
postal_code: 
country: 
phone: 
phone_ext: 
fax: 
fax_ext: 
email: 
referral_url: 
