
domain
id: D0000176766-BERLIN
domain: toa.berlin
name: toa
extension: berlin
status: clienttransferprohibited
dnssec: unsigned
whois_server: 
name_servers: ns-1232.awsdns-26.org,ns-1962.awsdns-53.co.uk,ns-412.awsdns-51.com,ns-903.awsdns-48.net
created_date: 2014-06-16 19:42:59 +0000 UTC
updated_date: 2017-01-24 23:11:12 +0000 UTC
expiration_date: 2020-06-16 19:42:59 +0000 UTC

registrar
id: 1420
name: InterNetworX GmbH & Co. KG
organization: 
street: 
city: 
province: 
postal_code: 
country: 
phone: +49.309832120
phone_ext: 
fax: 
fax_ext: 
email: info@inwx.de
referral_url: http://www.inwx.berlin

registrant
id: 
name: 
organization: 
street: 
city: 
province: 
postal_code: 
country: 
phone: 
phone_ext: 
fax: 
fax_ext: 
email: 
referral_url: 

administrative
id: 
name: 
organization: 
street: 
city: 
province: 
postal_code: 
country: 
phone: 
phone_ext: 
fax: 
fax_ext: 
email: 
referral_url: 

technical
id: 
name: 
organization: 
street: 
city: 
province: 
postal_code: 
country: 
phone: 
phone_ext: 
fax: 
fax_ext: 
email: 
referral_url: 

billing
id: 
name: 
organization: 
street: 
city: 
province: 
postal_code: 
country: 
phone: 
phone_ext: 
fax: 
fax_ext: 
email: 
referral_url: 
