
domain
id: 
domain: espm.br
name: espm
extension: br
status: published
dnssec: 
whois_server: 
name_servers: ns-1434.awsdns-51.org,ns-340.awsdns-42.com,ns-1751.awsdns-26.co.uk,ns-538.awsdns-03.net
created_date: 1996-12-06 00:00:00 +0000 UTC
updated_date: 2015-04-27 00:00:00 +0000 UTC
expiration_date: 0001-01-01 00:00:00 +0000 UTC

registrar
id: 
name: 
organization: 
street: 
city: 
province: 
postal_code: 
country: 
phone: 
phone_ext: 
fax: 
fax_ext: 
email: 
referral_url: 

registrant
id: 
name: Cosmo Luis Arrivabene
organization: ASSOC.ESC. SUPERIOR DE PROPAGANDA E MARKETING - SP
street: 
city: 
province: 
postal_code: 
country: 
phone: 
phone_ext: 
fax: 
fax_ext: 
email: 
referral_url: 

administrative
id: 
name: Cosmo Luis Arrivabene
organization: 
street: 
city: 
province: 
postal_code: 
country: 
phone: 
phone_ext: 
fax: 
fax_ext: 
email: 
referral_url: 

technical
id: 
name: Cosmo Luis Arrivabene
organization: 
street: 
city: 
province: 
postal_code: 
country: 
phone: 
phone_ext: 
fax: 
fax_ext: 
email: 
referral_url: 

billing
id: 
name: Fabio Takeuti
organization: 
street: 
city: 
province: 
postal_code: 
country: 
phone: 
phone_ext: 
fax: 
fax_ext: 
email: 
referral_url: 
