
domain
id: 
domain: unip.br
name: unip
extension: br
status: published
dnssec: 
whois_server: 
name_servers: datcenter.unip.br,datcenter2.unip.br
created_date: 1999-07-17 00:00:00 +0000 UTC
updated_date: 2019-05-23 00:00:00 +0000 UTC
expiration_date: 0001-01-01 00:00:00 +0000 UTC

registrar
id: 
name: 
organization: 
street: 
city: 
province: 
postal_code: 
country: 
phone: 
phone_ext: 
fax: 
fax_ext: 
email: 
referral_url: 

registrant
id: 
name: Leonardo Barbosa Santos
organization: SOCIEDADE UNIF PAULISTA DE ENSINO REN OBJETIVO
street: 
city: 
province: 
postal_code: 
country: 
phone: 
phone_ext: 
fax: 
fax_ext: 
email: 
referral_url: 

administrative
id: 
name: Leonardo Barbosa Santos
organization: 
street: 
city: 
province: 
postal_code: 
country: 
phone: 
phone_ext: 
fax: 
fax_ext: 
email: 
referral_url: 

technical
id: 
name: Elisangela pereira monaco
organization: 
street: 
city: 
province: 
postal_code: 
country: 
phone: 
phone_ext: 
fax: 
fax_ext: 
email: 
referral_url: 

billing
id: 
name: Tiago Luis de Souza Cunha
organization: 
street: 
city: 
province: 
postal_code: 
country: 
phone: 
phone_ext: 
fax: 
fax_ext: 
email: 
referral_url: 
