registrar_id: 
registrar_name: 
whois_server: 
referral_url: 
domain_id: 
domain_name: byme.at
domain_status: 
created_date: 
updated_date: 20090831 23:08:43
expiration_date: 
name_servers: ns1.xname.org,ns2.he.net,ns2.xname.org,ns4.he.net,ns6.gandi.net
domain_dnssec: 

registrant
id: 
name: NS3437599-NICAT
organization: 
street: 
street_ext: 
city: 
province: 
postal_code: 
country: 
phone: 
phone_ext: 
fax: 
fax_ext: 
email: 

admin
id: 
name: NS3437599-NICAT
organization: 
street: 
street_ext: 
city: 
province: 
postal_code: 
country: 
phone: 
phone_ext: 
fax: 
fax_ext: 
email: 

tech
id: 
name: NS3437599-NICAT
organization: 
street: 
street_ext: 
city: 
province: 
postal_code: 
country: 
phone: 
phone_ext: 
fax: 
fax_ext: 
email: 

bill
id: 
name: 
organization: 
street: 
street_ext: 
city: 
province: 
postal_code: 
country: 
phone: 
phone_ext: 
fax: 
fax_ext: 
email: 
