
domain
id: UNDEF-ROID
domain: git.cat
name: git
extension: cat
status: clienttransferprohibited
dnssec: Unsigned
whois_server: whois.gandi.net
name_servers: ns1.smartgslb.com,ns2.smartgslb.com
created_date: 2018-11-17T16:11:05Z
updated_date: 2019-09-18T15:20:27Z
expiration_date: 2019-11-17T16:11:05Z

registrar
id: 81
name: GANDI SAS
organization: 
street: 
city: 
province: 
postal_code: 
country: 
phone: +33.170377661
phone_ext: 
fax: 
fax_ext: 
email: abuse@support.gandi.net
referral_url: http://www.gandi.net

registrant
id: REDACTED FOR PRIVACY
name: REDACTED FOR PRIVACY
organization: 
street: REDACTED FOR PRIVACY
city: REDACTED FOR PRIVACY
province: 
postal_code: REDACTED FOR PRIVACY
country: CN
phone: REDACTED FOR PRIVACY
phone_ext: 
fax: REDACTED FOR PRIVACY
fax_ext: 
email: 2cd081e85316a178f93dba64aedfd467-11466628@contact.gandi.net
referral_url: 

administrative
id: REDACTED FOR PRIVACY
name: REDACTED FOR PRIVACY
organization: REDACTED FOR PRIVACY
street: REDACTED FOR PRIVACY
city: REDACTED FOR PRIVACY
province: REDACTED FOR PRIVACY
postal_code: REDACTED FOR PRIVACY
country: REDACTED FOR PRIVACY
phone: REDACTED FOR PRIVACY
phone_ext: 
fax: REDACTED FOR PRIVACY
fax_ext: 
email: e5f8b8e62c6cdf6cf1779d13d7979adb-11466632@contact.gandi.net
referral_url: 

technical
id: REDACTED FOR PRIVACY
name: REDACTED FOR PRIVACY
organization: REDACTED FOR PRIVACY
street: REDACTED FOR PRIVACY
city: REDACTED FOR PRIVACY
province: REDACTED FOR PRIVACY
postal_code: REDACTED FOR PRIVACY
country: REDACTED FOR PRIVACY
phone: REDACTED FOR PRIVACY
phone_ext: 
fax: REDACTED FOR PRIVACY
fax_ext: 
email: 0a099929a74cb35f7f1301344a022505-11466636@contact.gandi.net
referral_url: 

billing
id: 
name: 
organization: 
street: 
city: 
province: 
postal_code: 
country: 
phone: 
phone_ext: 
fax: 
fax_ext: 
email: 
referral_url: 
