
domain
id: 
domain: google.ch
name: google
extension: ch
status: 
dnssec: no
whois_server: 
name_servers: ns1.google.com,ns2.google.com,ns3.google.com,ns4.google.com
created_date: 0001-01-01 00:00:00 +0000 UTC
updated_date: 0001-01-01 00:00:00 +0000 UTC
expiration_date: 0001-01-01 00:00:00 +0000 UTC

registrar
id: 
name: MarkMonitor Inc.
organization: 
street: 
city: 
province: 
postal_code: 
country: 
phone: 
phone_ext: 
fax: 
fax_ext: 
email: 
referral_url: 

registrant
id: 
name: Domain Administrator
organization: Google LLC
street: 1600 Amphitheatre Parkway, US-94043 Mountain View, United States
city: 
province: 
postal_code: 
country: 
phone: 
phone_ext: 
fax: 
fax_ext: 
email: 
referral_url: 

administrative
id: 
name: 
organization: 
street: 
city: 
province: 
postal_code: 
country: 
phone: 
phone_ext: 
fax: 
fax_ext: 
email: 
referral_url: 

technical
id: 
name: Domain Administrator
organization: Google LLC
street: 1600 Amphitheatre Parkway, US-94043 Mountain View, United States
city: 
province: 
postal_code: 
country: 
phone: 
phone_ext: 
fax: 
fax_ext: 
email: 
referral_url: 

billing
id: 
name: 
organization: 
street: 
city: 
province: 
postal_code: 
country: 
phone: 
phone_ext: 
fax: 
fax_ext: 
email: 
referral_url: 
