registrar_id: 
registrar_name: RUCENTER-SU
whois_server: 
referral_url: 
domain_id: 
domain_name: CHRONICLE.SU
domain_status: registered,delegated
created_date: 2010-10-08T23:17:02Z
updated_date: 
expiration_date: 2019-10-09T00:17:02Z
name_servers: theo.ns.cloudflare.com,uma.ns.cloudflare.com
domain_dnssec: 

registrant
id: 
name: 
organization: 
street: 
street_ext: 
city: 
province: 
postal_code: 
country: 
phone: 
phone_ext: 
fax: 
fax_ext: 
email: 

admin
id: 
name: 
organization: 
street: 
street_ext: 
city: 
province: 
postal_code: 
country: 
phone: 
phone_ext: 
fax: 
fax_ext: 
email: 

tech
id: 
name: 
organization: 
street: 
street_ext: 
city: 
province: 
postal_code: 
country: 
phone: 
phone_ext: 
fax: 
fax_ext: 
email: 

bill
id: 
name: 
organization: 
street: 
street_ext: 
city: 
province: 
postal_code: 
country: 
phone: 
phone_ext: 
fax: 
fax_ext: 
email: 
