registrar_id: 
registrar_name: 阿里云计算有限公司（万网）
whois_server: 
referral_url: 
domain_id: 20161019s10001s85184339-cn
domain_name: cmsyuns.cn
domain_status: ok
created_date: 2016-10-19 13:58:48
updated_date: 
expiration_date: 2019-10-19 13:58:48
name_servers: f1g1ns1.dnspod.net,f1g1ns2.dnspod.net
domain_dnssec: unsigned

registrant
id: hc7338100301121
name: 金创互动科技（深圳）有限公司
organization: 
street: 
street_ext: 
city: 
province: 
postal_code: 
country: 
phone: 
phone_ext: 
fax: 
fax_ext: 
email: 1344842954@qq.com

admin
id: 
name: 
organization: 
street: 
street_ext: 
city: 
province: 
postal_code: 
country: 
phone: 
phone_ext: 
fax: 
fax_ext: 
email: 

tech
id: 
name: 
organization: 
street: 
street_ext: 
city: 
province: 
postal_code: 
country: 
phone: 
phone_ext: 
fax: 
fax_ext: 
email: 

bill
id: 
name: 
organization: 
street: 
street_ext: 
city: 
province: 
postal_code: 
country: 
phone: 
phone_ext: 
fax: 
fax_ext: 
email: 
