
domain
id: 20030311s10001s00033735-cn
domain: google.cn
name: google
extension: cn
status: clientdeleteprohibited,serverdeleteprohibited,serverupdateprohibited,clienttransferprohibited,servertransferprohibited
dnssec: unsigned
whois_server: 
name_servers: ns2.google.com,ns1.google.com,ns3.google.com,ns4.google.com
created_date: 2003-03-17 12:20:05 +0000 UTC
updated_date: 0001-01-01 00:00:00 +0000 UTC
expiration_date: 2021-03-17 12:48:36 +0000 UTC

registrar
id: 
name: 厦门易名科技股份有限公司
organization: 
street: 
city: 
province: 
postal_code: 
country: 
phone: 
phone_ext: 
fax: 
fax_ext: 
email: 
referral_url: 

registrant
id: ename_el7lxxxazw
name: 北京谷翔信息技术有限公司
organization: 
street: 
city: 
province: 
postal_code: 
country: 
phone: 
phone_ext: 
fax: 
fax_ext: 
email: dns-admin@google.com
referral_url: 

administrative
id: 
name: 
organization: 
street: 
city: 
province: 
postal_code: 
country: 
phone: 
phone_ext: 
fax: 
fax_ext: 
email: 
referral_url: 

technical
id: 
name: 
organization: 
street: 
city: 
province: 
postal_code: 
country: 
phone: 
phone_ext: 
fax: 
fax_ext: 
email: 
referral_url: 

billing
id: 
name: 
organization: 
street: 
city: 
province: 
postal_code: 
country: 
phone: 
phone_ext: 
fax: 
fax_ext: 
email: 
referral_url: 
