
domain
id: D1602048-CO
domain: git.co
name: git
extension: co
status: clientrenewprohibited,clientdeleteprohibited,clientupdateprohibited,clienttransferprohibited
dnssec: unsigned
whois_server: whois.godaddy.com
name_servers: dns1.stabletransit.com,dns2.stabletransit.com
created_date: 2010-07-21 21:16:03 +0000 UTC
updated_date: 2019-07-26 12:37:13 +0000 UTC
expiration_date: 2020-07-20 23:59:59 +0000 UTC

registrar
id: 146
name: GoDaddy.com, Inc.
organization: 
street: 
city: 
province: 
postal_code: 
country: 
phone: +1.4806242505
phone_ext: 
fax: 
fax_ext: 
email: abuse@godaddy.com
referral_url: whois.godaddy.com

registrant
id: 
name: 
organization: 
street: 
city: 
province: California
postal_code: 
country: US
phone: 
phone_ext: 
fax: 
fax_ext: 
email: please query the rdds service of the registrar of record identified in this output for information on how to contact the registrant, admin, or tech contact of the queried domain name.
referral_url: 

administrative
id: 
name: 
organization: 
street: 
city: 
province: 
postal_code: 
country: 
phone: 
phone_ext: 
fax: 
fax_ext: 
email: please query the rdds service of the registrar of record identified in this output for information on how to contact the registrant, admin, or tech contact of the queried domain name.
referral_url: 

technical
id: 
name: 
organization: 
street: 
city: 
province: 
postal_code: 
country: 
phone: 
phone_ext: 
fax: 
fax_ext: 
email: please query the rdds service of the registrar of record identified in this output for information on how to contact the registrant, admin, or tech contact of the queried domain name.
referral_url: 

billing
id: 
name: 
organization: 
street: 
city: 
province: 
postal_code: 
country: 
phone: 
phone_ext: 
fax: 
fax_ext: 
email: 
referral_url: 
