registrar_id: 455
registrar_name: EnCirca, Inc.
registrar_organization: 
registrar_phone: +1.7819429975
registrar_email: abuse-2014-2@encirca.com
registrar_reseller: 
whois_server: whois.encirca.com
referral_url: http://www.encirca.com
domain_id: 4570310_DOMAIN_COM-VRSN
domain_name: ENCIRCA.COM
domain_status: clienttransferprohibited,clientdeleteprohibited
created_date: 1999-03-21T00:00:00Z
updated_date: 2019-03-19T20:31:55Z
expiration_date: 2022-03-22T04:00:00Z
name_servers: dns3.encirca.com,dns4.encirca.com
domain_dnssec: Unsigned

registrant
id: REDACTED FOR PRIVACY
name: REDACTED FOR PRIVACY
organization: EnCirca Inc.
street: REDACTED FOR PRIVACY
street_ext: 
city: REDACTED FOR PRIVACY
province: MA
postal_code: REDACTED FOR PRIVACY
country: United States
phone: REDACTED FOR PRIVACY
phone_ext: REDACTED FOR PRIVACY
fax: REDACTED FOR PRIVACY
fax_ext: REDACTED FOR PRIVACY
email: please query the rdds service of the registrar of record identified in this output for information on how to contact the registrant, admin, or tech contact of the queried domain.

admin
id: REDACTED FOR PRIVACY
name: REDACTED FOR PRIVACY
organization: REDACTED FOR PRIVACY
street: REDACTED FOR PRIVACY
street_ext: 
city: REDACTED FOR PRIVACY
province: REDACTED FOR PRIVACY
postal_code: REDACTED FOR PRIVACY
country: REDACTED FOR PRIVACY
phone: REDACTED FOR PRIVACY
phone_ext: REDACTED FOR PRIVACY
fax: REDACTED FOR PRIVACY
fax_ext: REDACTED FOR PRIVACY
email: please query the rdds service of the registrar of record identified in this output for information on how to contact the registrant, admin, or tech contact of the queried domain.

tech
id: REDACTED FOR PRIVACY
name: REDACTED FOR PRIVACY
organization: REDACTED FOR PRIVACY
street: REDACTED FOR PRIVACY
street_ext: 
city: REDACTED FOR PRIVACY
province: REDACTED FOR PRIVACY
postal_code: REDACTED FOR PRIVACY
country: REDACTED FOR PRIVACY
phone: REDACTED FOR PRIVACY
phone_ext: REDACTED FOR PRIVACY
fax: REDACTED FOR PRIVACY
fax_ext: REDACTED FOR PRIVACY
email: please query the rdds service of the registrar of record identified in this output for information on how to contact the registrant, admin, or tech contact of the queried domain.

bill
id: REDACTED FOR PRIVACY
name: REDACTED FOR PRIVACY
organization: REDACTED FOR PRIVACY
street: REDACTED FOR PRIVACY
street_ext: 
city: REDACTED FOR PRIVACY
province: REDACTED FOR PRIVACY
postal_code: REDACTED FOR PRIVACY
country: REDACTED FOR PRIVACY
phone: REDACTED FOR PRIVACY
phone_ext: REDACTED FOR PRIVACY
fax: REDACTED FOR PRIVACY
fax_ext: REDACTED FOR PRIVACY
email: please query the rdds service of the registrar of record identified in this output for information on how to contact the registrant, admin, or tech contact of the queried domain.
