
domain
id: 2138514_DOMAIN_COM-VRSN
domain: google.com
name: google
extension: com
status: clientupdateprohibited,clienttransferprohibited,clientdeleteprohibited,serverupdateprohibited,servertransferprohibited,serverdeleteprohibited
dnssec: unsigned
whois_server: whois.markmonitor.com
name_servers: ns2.google.com,ns3.google.com,ns4.google.com,ns1.google.com
created_date: 1997-09-15T00:00:00-0700
updated_date: 2019-09-09T08:39:04-0700
expiration_date: 2028-09-13T00:00:00-0700

registrar
id: 292
name: MarkMonitor, Inc.
organization: 
street: 
city: 
province: 
postal_code: 
country: 
phone: +1.2083895740
phone_ext: 
fax: 
fax_ext: 
email: abusecomplaints@markmonitor.com
referral_url: http://www.markmonitor.com

registrant
id: 
name: 
organization: Google LLC
street: 
city: 
province: CA
postal_code: 
country: US
phone: 
phone_ext: 
fax: 
fax_ext: 
email: 
referral_url: 

administrative
id: 
name: 
organization: Google LLC
street: 
city: 
province: CA
postal_code: 
country: US
phone: 
phone_ext: 
fax: 
fax_ext: 
email: 
referral_url: 

technical
id: 
name: 
organization: Google LLC
street: 
city: 
province: CA
postal_code: 
country: US
phone: 
phone_ext: 
fax: 
fax_ext: 
email: 
referral_url: 

billing
id: 
name: 
organization: 
street: 
city: 
province: 
postal_code: 
country: 
phone: 
phone_ext: 
fax: 
fax_ext: 
email: 
referral_url: 
