registrar_id: 814
registrar_name: INTERNET.BS CORP.
whois_server: whois.internet.bs
referral_url: http://www.internet.bs
domain_id: 1585409105_DOMAIN_NET-VRSN
domain_name: CRYTO.NET
domain_status: clienttransferprohibited
created_date: 14-feb-2010
updated_date: 27-jan-2014
expiration_date: 14-feb-2015
name_servers: ns1.he.net,ns2.he.net,ns3.he.net,ns4.he.net,ns5.he.net
domain_dnssec: unsigned

registrant
id: 
name: Sven Slootweg
organization: 
street: Wijnstraat 211
street_ext: 
city: Dordrecht
province: 
postal_code: 3311BV
country: NL
phone: +31.626519955
phone_ext: 
fax: 
fax_ext: 
email: jamsoftgamedev@gmail.com

admin
id: 
name: Sven Slootweg
organization: 
street: Wijnstraat 211
street_ext: 
city: Dordrecht
province: 
postal_code: 3311BV
country: NL
phone: +31.626519955
phone_ext: 
fax: 
fax_ext: 
email: jamsoftgamedev@gmail.com

tech
id: 
name: Sven Slootweg
organization: 
street: Wijnstraat 211
street_ext: 
city: Dordrecht
province: 
postal_code: 3311BV
country: NL
phone: +31.626519955
phone_ext: 
fax: 
fax_ext: 
email: jamsoftgamedev@gmail.com

bill
id: 
name: 
organization: 
street: 
street_ext: 
city: 
province: 
postal_code: 
country: 
phone: 
phone_ext: 
fax: 
fax_ext: 
email: 
