
domain
id: D_0000E309_D0350F89D4EE4DFB8FDE5E7E3AB5D366_0000014C0401D0B4-CYMRU
domain: CGI.CYMRU
name: cgi
extension: cymru
status: clienttransferprohibited
dnssec: unsigned
whois_server: 
name_servers: dns1.cscdns.net,dns2.cscdns.net
created_date: 2015-03-10T14:06:10Z
updated_date: 2019-09-09T09:34:52Z
expiration_date: 2021-03-10T14:06:10Z

registrar
id: 299
name: CSC Corporate Domains, Inc.
organization: 
street: 
city: 
province: 
postal_code: 
country: 
phone: +1.8887802723
phone_ext: 
fax: 
fax_ext: 
email: domainabuse@cscglobal.com
referral_url: http://cscglobal.com

registrant
id: REDACTED FOR PRIVACY
name: REDACTED FOR PRIVACY
organization: REDACTED FOR PRIVACY
street: REDACTED FOR PRIVACY, REDACTED FOR PRIVACY, REDACTED FOR PRIVACY
city: REDACTED FOR PRIVACY
province: QC
postal_code: REDACTED FOR PRIVACY
country: CA
phone: REDACTED FOR PRIVACY
phone_ext: 
fax: REDACTED FOR PRIVACY
fax_ext: 
email: please query the rdds service of the registrar of record identified in this output for information on how to contact the registrant, admin, or tech contact of the queried domain name.
referral_url: 

administrative
id: REDACTED FOR PRIVACY
name: REDACTED FOR PRIVACY
organization: REDACTED FOR PRIVACY
street: REDACTED FOR PRIVACY, REDACTED FOR PRIVACY, REDACTED FOR PRIVACY
city: REDACTED FOR PRIVACY
province: REDACTED FOR PRIVACY
postal_code: REDACTED FOR PRIVACY
country: REDACTED FOR PRIVACY
phone: REDACTED FOR PRIVACY
phone_ext: 
fax: REDACTED FOR PRIVACY
fax_ext: 
email: please query the rdds service of the registrar of record identified in this output for information on how to contact the registrant, admin, or tech contact of the queried domain name.
referral_url: 

technical
id: REDACTED FOR PRIVACY
name: REDACTED FOR PRIVACY
organization: REDACTED FOR PRIVACY
street: REDACTED FOR PRIVACY, REDACTED FOR PRIVACY, REDACTED FOR PRIVACY
city: REDACTED FOR PRIVACY
province: REDACTED FOR PRIVACY
postal_code: REDACTED FOR PRIVACY
country: REDACTED FOR PRIVACY
phone: REDACTED FOR PRIVACY
phone_ext: 
fax: REDACTED FOR PRIVACY
fax_ext: 
email: please query the rdds service of the registrar of record identified in this output for information on how to contact the registrant, admin, or tech contact of the queried domain name.
referral_url: 

billing
id: REDACTED FOR PRIVACY
name: REDACTED FOR PRIVACY
organization: REDACTED FOR PRIVACY
street: REDACTED FOR PRIVACY, REDACTED FOR PRIVACY, REDACTED FOR PRIVACY
city: REDACTED FOR PRIVACY
province: REDACTED FOR PRIVACY
postal_code: REDACTED FOR PRIVACY
country: REDACTED FOR PRIVACY
phone: REDACTED FOR PRIVACY
phone_ext: 
fax: REDACTED FOR PRIVACY
fax_ext: 
email: please query the rdds service of the registrar of record identified in this output for information on how to contact the registrant, admin, or tech contact of the queried domain name.
referral_url: 
