registrar_id: 455
registrar_name: Encirca, Inc.
whois_server: whois.encirca.com
referral_url: http://www.encirca.com
domain_id: 
domain_name: DESIWEDS.COM
domain_status: ok
created_date: 2013-04-21T20:56:09Z
updated_date: 2014-02-21T18:16:40Z
expiration_date: 2016-04-21T18:01:06Z
name_servers: ns1.bluehost.com,ns2.bluehost.com
domain_dnssec: Unsigned

registrant
id: ENCIRCA-27519
name: shena cherian
organization: 
street: 3502 hera dr.
street_ext: 
city: missouri city
province: TX
postal_code: 77459
country: United States
phone: +1.8324931129
phone_ext: 
fax: +1.123456789
fax_ext: 
email: 

admin
id: ENCIRCA
name: EnCirca
organization: EnCirca Inc.
street: 400 W. Cummings Park
street_ext: 
city: Woburn
province: MA
postal_code: 01801
country: United States
phone: +1.7819429975
phone_ext: 
fax: +1.7818238911
fax_ext: 
email: whois-082807@encirca.com

tech
id: ENCIRCA
name: EnCirca
organization: EnCirca Inc.
street: 400 W. Cummings Park
street_ext: 
city: Woburn
province: MA
postal_code: 01801
country: United States
phone: +1.7819429975
phone_ext: 
fax: +1.7818238911
fax_ext: 
email: whois-082807@encirca.com

bill
id: ENCIRCA
name: EnCirca
organization: EnCirca Inc.
street: 400 W. Cummings Park
street_ext: 
city: Woburn
province: MA
postal_code: 01801
country: United States
phone: +1.7819429975
phone_ext: 
fax: +1.7818238911
fax_ext: 
email: whois-082807@encirca.com
