registrar_id: 146
registrar_name: GoDaddy.com, LLC
whois_server: whois.godaddy.com
referral_url: http://www.godaddy.com
domain_id: D1142814-CO
domain_name: DONUTS.CO
domain_status: clienttransferprohibited,clientupdateprohibited,clientrenewprohibited,clientdeleteprohibited
created_date: 2010-07-20T18:01:36Z
updated_date: 2018-10-01T18:20:16Z
expiration_date: 2021-07-19T23:59:59Z
name_servers: pdns07.domaincontrol.com,pdns08.domaincontrol.com
domain_dnssec: signedDelegation

registrant
id: 
name: 
organization: Donuts Inc.
street: 
street_ext: 
city: 
province: Washington
postal_code: 
country: US
phone: 
phone_ext: 
fax: 
fax_ext: 
email: select contact domain holder link at https://www.godaddy.com/whois/results.aspx?domain=donuts.co

admin
id: 
name: 
organization: 
street: 
street_ext: 
city: 
province: 
postal_code: 
country: 
phone: 
phone_ext: 
fax: 
fax_ext: 
email: select contact domain holder link at https://www.godaddy.com/whois/results.aspx?domain=donuts.co

tech
id: 
name: 
organization: 
street: 
street_ext: 
city: 
province: 
postal_code: 
country: 
phone: 
phone_ext: 
fax: 
fax_ext: 
email: select contact domain holder link at https://www.godaddy.com/whois/results.aspx?domain=donuts.co

bill
id: 
name: 
organization: 
street: 
street_ext: 
city: 
province: 
postal_code: 
country: 
phone: 
phone_ext: 
fax: 
fax_ext: 
email: 
