
domain
id: 
domain: SNAI.EDU
name: snai
extension: edu
status: 
dnssec: 
whois_server: 
name_servers: ns1.alidns.com,ns2.alidns.com
created_date: 2001-04-27 00:00:00 +0000 UTC
updated_date: 2019-01-08 00:00:00 +0000 UTC
expiration_date: 2021-07-31 00:00:00 +0000 UTC

registrar
id: 
name: 
organization: 
street: 
city: 
province: 
postal_code: 
country: 
phone: 
phone_ext: 
fax: 
fax_ext: 
email: 
referral_url: 

registrant
id: 
name: 
organization: Shanghai National Accounting Institute
street: 200 Panlong Rd,xu jin,Qing pu zone, Shanghai, SH 201702, China
city: 
province: 
postal_code: 
country: 
phone: 
phone_ext: 
fax: 
fax_ext: 
email: 
referral_url: 

administrative
id: 
name: chengyan Yin
organization: Shanghai National Accounting Institute
street: 200 Panlong Rd,xu jin,Qing pu zone, Shanghai, SH 201702, China
city: 
province: 
postal_code: 
country: 
phone: +86.0216976800068028
phone_ext: 
fax: 
fax_ext: 
email: webmaster@snai.edu
referral_url: 

technical
id: 
name: Jindong Dou
organization: Shanghai National Accounting Institute
street: 200 Panlong Rd,xu jin,Qing pu zone, Shanghai, SH 201702, China
city: 
province: 
postal_code: 
country: 
phone: +86.0216976800068096
phone_ext: 
fax: 
fax_ext: 
email: kindong@snai.edu
referral_url: 

billing
id: 
name: 
organization: 
street: 
city: 
province: 
postal_code: 
country: 
phone: 
phone_ext: 
fax: 
fax_ext: 
email: 
referral_url: 
