
domain
id: 
domain: GIT.EDU
name: git
extension: edu
status: 
dnssec: 
whois_server: 
name_servers: ns1.md-in-28.webhostbox.net,ns2.md-in-28.webhostbox.net
created_date: 1998-12-24 00:00:00 +0000 UTC
updated_date: 2019-09-26 00:00:00 +0000 UTC
expiration_date: 2020-07-31 00:00:00 +0000 UTC

registrar
id: 
name: 
organization: 
street: 
city: 
province: 
postal_code: 
country: 
phone: 
phone_ext: 
fax: 
fax_ext: 
email: 
referral_url: 

registrant
id: 
name: 
organization: Gogte Institute of Technology
street: Udyambag, Belgaum, Karnataka 590008, India
city: 
province: 
postal_code: 
country: 
phone: 
phone_ext: 
fax: 
fax_ext: 
email: 
referral_url: 

administrative
id: 
name: Santosh Saraf
organization: Gogte Institute of Technology
street: Udyambag, Belgaum, Karnataka 590008, India
city: 
province: 
postal_code: 
country: 
phone: +91.8312405500
phone_ext: 
fax: 
fax_ext: 
email: cc@git.edu
referral_url: 

technical
id: 
name: Santosh Saraf
organization: Gogte Institute of Technology
street: Udyambag, Belgaum, Karnataka 590008, India
city: 
province: 
postal_code: 
country: 
phone: +91.8312405500
phone_ext: 
fax: 
fax_ext: 
email: cc@git.edu
referral_url: 

billing
id: 
name: 
organization: 
street: 
city: 
province: 
postal_code: 
country: 
phone: 
phone_ext: 
fax: 
fax_ext: 
email: 
referral_url: 
