registrar_id: 
registrar_name: 
registrar_organization: 
registrar_phone: 
registrar_email: 
registrar_reseller: 
whois_server: 
referral_url: 
domain_id: 
domain_name: US.EDU
domain_status: 
created_date: 24-Aug-1995
updated_date: 04-Jun-2018
expiration_date: 31-Jul-2021
name_servers: pdns02.domaincontrol.com,pdns01.domaincontrol.com
domain_dnssec: 

registrant
id: 
name: 
organization: University School
street: 20701 Brantley Rd
street_ext: Shaker Hts, OH 44122
city: 
province: 
postal_code: 
country: USA
phone: 
phone_ext: 
fax: 
fax_ext: 
email: 

admin
id: 
name: Ross Duncan
organization: University School
street: 20701 Brantley Rd
street_ext: Shaker Heights, OH 44122
city: 
province: 
postal_code: 
country: USA
phone: +1.2163716803
phone_ext: 
fax: 
fax_ext: 
email: rduncan@us.edu

tech
id: 
name: Lisa ulery
organization: University School
street: 20701 Brantley Rd
street_ext: Shaker Heights, OH 44122
city: 
province: 
postal_code: 
country: USA
phone: +1.2163716803
phone_ext: 
fax: 
fax_ext: 
email: nbrown@us.edu

bill
id: 
name: 
organization: 
street: 
street_ext: 
city: 
province: 
postal_code: 
country: 
phone: 
phone_ext: 
fax: 
fax_ext: 
email: 
