
domain
id: 
domain: git.eu
name: git
extension: eu
status: 
dnssec: 
whois_server: 
name_servers: wally.ns.cloudflare.com,thomas.ns.cloudflare.com
created_date: 
updated_date: 
expiration_date: 

registrar
id: 
name: Frankcom EU Service
organization: 
street: 
city: 
province: 
postal_code: 
country: 
phone: 
phone_ext: 
fax: 
fax_ext: 
email: 
referral_url: www.frankcom.eu

registrant
id: 
name: NOT DISCLOSED!
organization: 
street: 
city: 
province: 
postal_code: 
country: 
phone: 
phone_ext: 
fax: 
fax_ext: 
email: 
referral_url: 

administrative
id: 
name: 
organization: 
street: 
city: 
province: 
postal_code: 
country: 
phone: 
phone_ext: 
fax: 
fax_ext: 
email: 
referral_url: 

technical
id: 
name: 
organization: Frankcom IT Service
street: 
city: 
province: 
postal_code: 
country: 
phone: 
phone_ext: 
fax: 
fax_ext: 
email: info@frankcom.info
referral_url: 

billing
id: 
name: 
organization: 
street: 
city: 
province: 
postal_code: 
country: 
phone: 
phone_ext: 
fax: 
fax_ext: 
email: 
referral_url: 
