
domain
id: 
domain: git.fr
name: git
extension: fr
status: active
dnssec: 
whois_server: 
name_servers: ns104.ovh.net,dns104.ovh.net
created_date: 1999-12-22 23:00:00 +0000 UTC
updated_date: 2019-05-05 08:38:28 +0000 UTC
expiration_date: 2020-05-05 08:07:09 +0000 UTC

registrar
id: 
name: OVH
organization: 
street: 2 Rue Kellermann, 59100 ROUBAIX
city: 
province: 
postal_code: 
country: FR
phone: +33 8 99 70 17 61
phone_ext: 
fax: +33 3 20 20 09 58
fax_ext: 
email: support@ovh.net
referral_url: http://www.ovh.com

registrant
id: GGIT3-FRNIC
name: G.I.T. GALVANOPLASTIE INDUSTRIELLE TOULOUSAINE
organization: 
street: 7 rue Joseph-Marie Jacquard, 31270 CUGNAUX
city: 
province: 
postal_code: 
country: FR
phone: +33.561076303
phone_ext: 
fax: 
fax_ext: 
email: git@git.fr
referral_url: 

administrative
id: GGIT8-FRNIC
name: G.I.T. GALVANOPLASTIE INDUSTRIELLE TOULOUSAINE
organization: 
street: G.I.T. GALVANOPLASTIE INDUSTRIELLE TOULOUSAINE, 7, rue Joseph-Marie Jacquard, 31270 CUGNAUX
city: 
province: 
postal_code: 
country: FR
phone: +33.561076303
phone_ext: 
fax: 
fax_ext: 
email: lq29z6vpt0b6de92p3wk@q.o-w-o.info
referral_url: 

technical
id: OVH5-FRNIC
name: OVH NET
organization: 
street: OVH, 140, quai du Sartel, 59100 Roubaix
city: 
province: 
postal_code: 
country: FR
phone: +33 8 99 70 17 61
phone_ext: 
fax: 
fax_ext: 
email: tech@ovh.net
referral_url: 

billing
id: 
name: 
organization: 
street: 
city: 
province: 
postal_code: 
country: 
phone: 
phone_ext: 
fax: 
fax_ext: 
email: 
referral_url: 
