registrar_id: 1479
registrar_name: NameSilo, LLC
whois_server: whois.namesilo.com
referral_url: https://www.namesilo.com/
domain_id: 1622839205_DOMAIN_NET-VRSN
domain_name: freebnc.net
domain_status: clienttransferprohibited
created_date: 2010-10-29T07:00:00Z
updated_date: 2019-01-22T07:00:00Z
expiration_date: 2019-10-29T07:00:00Z
name_servers: noah.ns.cloudflare.com,lady.ns.cloudflare.com
domain_dnssec: unsigned

registrant
id: 
name: Domain Administrator
organization: See PrivacyGuardian.org
street: 1928 E. Highland Ave. Ste F104 PMB# 255
street_ext: 
city: Phoenix
province: AZ
postal_code: 85016
country: US
phone: +1.3478717726
phone_ext: 
fax: 
fax_ext: 
email: pw-79de661496556df821f626f9b10ba57f@privacyguardian.org

admin
id: 
name: Domain Administrator
organization: See PrivacyGuardian.org
street: 1928 E. Highland Ave. Ste F104 PMB# 255
street_ext: 
city: Phoenix
province: AZ
postal_code: 85016
country: US
phone: +1.3478717726
phone_ext: 
fax: 
fax_ext: 
email: pw-79de661496556df821f626f9b10ba57f@privacyguardian.org

tech
id: 
name: Domain Administrator
organization: See PrivacyGuardian.org
street: 1928 E. Highland Ave. Ste F104 PMB# 255
street_ext: 
city: Phoenix
province: AZ
postal_code: 85016
country: US
phone: +1.3478717726
phone_ext: 
fax: 
fax_ext: 
email: pw-79de661496556df821f626f9b10ba57f@privacyguardian.org

bill
id: 
name: 
organization: 
street: 
street_ext: 
city: 
province: 
postal_code: 
country: 
phone: 
phone_ext: 
fax: 
fax_ext: 
email: 
