registrar_id: 
registrar_name: OVH
registrar_organization: 
whois_server: 
referral_url: http://www.ovh.com
domain_id: 
domain_name: git.fr
domain_status: active
created_date: 1999-12-22T23:00:00Z
updated_date: 2019-05-05T08:38:28Z
expiration_date: 2020-05-05T08:07:09Z
name_servers: ns104.ovh.net,dns104.ovh.net
domain_dnssec: 

registrant
id: GGIT3-FRNIC
name: G.I.T. GALVANOPLASTIE INDUSTRIELLE TOULOUSAINE
organization: 
street: 31270 CUGNAUX
street_ext: 
city: 
province: 
postal_code: 
country: FR
phone: +33.561076303
phone_ext: 
fax: 
fax_ext: 
email: git@git.fr

admin
id: GGIT8-FRNIC
name: G.I.T. GALVANOPLASTIE INDUSTRIELLE TOULOUSAINE
organization: 
street: 31270 CUGNAUX
street_ext: 
city: 
province: 
postal_code: 
country: FR
phone: +33.561076303
phone_ext: 
fax: 
fax_ext: 
email: lq29z6vpt0b6de92p3wk@q.o-w-o.info

tech
id: OVH5-FRNIC
name: OVH NET
organization: 
street: 59100 Roubaix
street_ext: 
city: 
province: 
postal_code: 
country: FR
phone: +33 8 99 70 17 61
phone_ext: 
fax: 
fax_ext: 
email: tech@ovh.net

bill
id: 
name: 
organization: 
street: 
street_ext: 
city: 
province: 
postal_code: 
country: 
phone: 
phone_ext: 
fax: 
fax_ext: 
email: 
