registrar_id: 
registrar_name: MarkMonitor Inc.
whois_server: 
referral_url: www.markmonitor.com
domain_id: 
domain_name: github.ro
domain_status: ok
created_date: 2012-07-06
updated_date: 
expiration_date: 2020-09-05
name_servers: ns1.markmonitor.com,ns2.markmonitor.com,ns3.markmonitor.com,ns4.markmonitor.com,ns5.markmonitor.com,ns6.markmonitor.com
domain_dnssec: Inactive

registrant
id: 
name: 
organization: 
street: 
street_ext: 
city: 
province: 
postal_code: 
country: 
phone: 
phone_ext: 
fax: 
fax_ext: 
email: 

admin
id: 
name: 
organization: 
street: 
street_ext: 
city: 
province: 
postal_code: 
country: 
phone: 
phone_ext: 
fax: 
fax_ext: 
email: 

tech
id: 
name: 
organization: 
street: 
street_ext: 
city: 
province: 
postal_code: 
country: 
phone: 
phone_ext: 
fax: 
fax_ext: 
email: 

bill
id: 
name: 
organization: 
street: 
street_ext: 
city: 
province: 
postal_code: 
country: 
phone: 
phone_ext: 
fax: 
fax_ext: 
email: 
