registrar_id: 
registrar_name: OVH-REG
registrar_organization: OVH
whois_server: 
referral_url: http://www.ovh.com/welcome
domain_id: 
domain_name: github.it
domain_status: clientdeleteprohibited
created_date: 2010-12-06 09:34:04
updated_date: 2018-12-03 00:54:08
expiration_date: 2019-11-17
name_servers: dns20.ovh.net,ns20.ovh.net
domain_dnssec: no

registrant
id: 
name: 
organization: MAKEVOID
street: via Bandini 15, Fiesole, 50014, FI, IT
street_ext: 
city: 
province: 
postal_code: 
country: 
phone: 
phone_ext: 
fax: 
fax_ext: 
email: 

admin
id: 
name: hidden
organization: hidden
street: 
street_ext: 
city: 
province: 
postal_code: 
country: 
phone: 
phone_ext: 
fax: 
fax_ext: 
email: 

tech
id: 
name: 
organization: 
street: 
street_ext: 
city: 
province: 
postal_code: 
country: 
phone: 
phone_ext: 
fax: 
fax_ext: 
email: 

bill
id: 
name: 
organization: 
street: 
street_ext: 
city: 
province: 
postal_code: 
country: 
phone: 
phone_ext: 
fax: 
fax_ext: 
email: 
