registrar_id: 146
registrar_name: GoDaddy.com, LLC
whois_server: whois.godaddy.com
referral_url: http://www.godaddy.com
domain_id: D51322538-LRMS
domain_name: GITHUB.INFO
domain_status: clienttransferprohibited,clientupdateprohibited,clientrenewprohibited,clientdeleteprohibited
created_date: 2014-01-05T12:18:22Z
updated_date: 2019-01-06T12:04:19Z
expiration_date: 2020-01-05T12:18:22Z
name_servers: ns.romania-webhosting.com,ns.clausweb.ro,ns.registar.ro
domain_dnssec: unsigned

registrant
id: 
name: 
organization: Tnx
street: 
street_ext: 
city: 
province: Bacau
postal_code: 
country: RO
phone: 
phone_ext: 
fax: 
fax_ext: 
email: select contact domain holder link at https://www.godaddy.com/whois/results.aspx?domain=github.info

admin
id: 
name: 
organization: 
street: 
street_ext: 
city: 
province: 
postal_code: 
country: 
phone: 
phone_ext: 
fax: 
fax_ext: 
email: select contact domain holder link at https://www.godaddy.com/whois/results.aspx?domain=github.info

tech
id: 
name: 
organization: 
street: 
street_ext: 
city: 
province: 
postal_code: 
country: 
phone: 
phone_ext: 
fax: 
fax_ext: 
email: select contact domain holder link at https://www.godaddy.com/whois/results.aspx?domain=github.info

bill
id: 
name: 
organization: 
street: 
street_ext: 
city: 
province: 
postal_code: 
country: 
phone: 
phone_ext: 
fax: 
fax_ext: 
email: 
