registrar_id: 292
registrar_name: MarkMonitor, Inc.
whois_server: whois.markmonitor.com
referral_url: http://www.markmonitor.com
domain_id: 1264983250_DOMAIN_COM-VRSN
domain_name: github.com
domain_status: clientupdateprohibited,clienttransferprohibited,clientdeleteprohibited
created_date: 2007-10-09T11:20:50-0700
updated_date: 2018-09-27T04:00:28-0700
expiration_date: 2020-10-09T11:20:50-0700
name_servers: ns-421.awsdns-52.com,ns4.p16.dynect.net,ns3.p16.dynect.net,ns-1707.awsdns-21.co.uk,ns1.p16.dynect.net,ns2.p16.dynect.net,ns-1283.awsdns-32.org,ns-520.awsdns-01.net
domain_dnssec: unsigned

registrant
id: 
name: 
organization: GitHub, Inc.
street: 
street_ext: 
city: 
province: CA
postal_code: 
country: US
phone: 
phone_ext: 
fax: 
fax_ext: 
email: 

admin
id: 
name: 
organization: GitHub, Inc.
street: 
street_ext: 
city: 
province: CA
postal_code: 
country: US
phone: 
phone_ext: 
fax: 
fax_ext: 
email: 

tech
id: 
name: 
organization: GitHub, Inc.
street: 
street_ext: 
city: 
province: CA
postal_code: 
country: US
phone: 
phone_ext: 
fax: 
fax_ext: 
email: 

bill
id: 
name: 
organization: 
street: 
street_ext: 
city: 
province: 
postal_code: 
country: 
phone: 
phone_ext: 
fax: 
fax_ext: 
email: 
