registrar_id: 292
registrar_name: MarkMonitor, Inc.
whois_server: 
referral_url: www.markmonitor.com
domain_id: D40741417-BIZ
domain_name: github.biz
domain_status: clientupdateprohibited,clientdeleteprohibited,clienttransferprohibited
created_date: 2010-08-05T17:04:27Z
updated_date: 2018-10-21T11:00:23Z
expiration_date: 2020-08-04T23:59:59Z
name_servers: ns2.p16.dynect.net,ns3.p16.dynect.net,ns1.p16.dynect.net,ns4.p16.dynect.net
domain_dnssec: unsigned

registrant
id: 
name: 
organization: GitHub, Inc.
street: 
street_ext: 
city: 
province: CA
postal_code: 
country: US
phone: 
phone_ext: 
fax: 
fax_ext: 
email: please query the rdds service of the registrar of record identified in this output for information on how to contact the registrant, admin, or tech contact of the queried domain name.

admin
id: 
name: 
organization: 
street: 
street_ext: 
city: 
province: 
postal_code: 
country: 
phone: 
phone_ext: 
fax: 
fax_ext: 
email: please query the rdds service of the registrar of record identified in this output for information on how to contact the registrant, admin, or tech contact of the queried domain name.

tech
id: 
name: 
organization: 
street: 
street_ext: 
city: 
province: 
postal_code: 
country: 
phone: 
phone_ext: 
fax: 
fax_ext: 
email: please query the rdds service of the registrar of record identified in this output for information on how to contact the registrant, admin, or tech contact of the queried domain name.

bill
id: 
name: 
organization: 
street: 
street_ext: 
city: 
province: 
postal_code: 
country: 
phone: 
phone_ext: 
fax: 
fax_ext: 
email: 
