registrar_id: 
registrar_name: MARKMONITOR Inc.
registrar_organization: 
whois_server: 
referral_url: http://www.markmonitor.com
domain_id: 
domain_name: google.pm
domain_status: active
created_date: 2011-12-06T09:12:15Z
updated_date: 2019-01-14T10:32:20Z
expiration_date: 2020-02-15T19:06:33Z
name_servers: ns1.markmonitor.com,ns3.markmonitor.com
domain_dnssec: 

registrant
id: GIHU100-FRNIC
name: Google Ireland Holdings Unlimited Company
organization: 
street: Dublin
street_ext: 
city: 
province: 
postal_code: 
country: IE
phone: +353.14361000
phone_ext: 
fax: 
fax_ext: 
email: dns-admin@google.com

admin
id: GIHU100-FRNIC
name: Google Ireland Holdings Unlimited Company
organization: 
street: Dublin
street_ext: 
city: 
province: 
postal_code: 
country: IE
phone: +353.14361000
phone_ext: 
fax: 
fax_ext: 
email: dns-admin@google.com

tech
id: MC239-FRNIC
name: MARKMONITOR CCOPS
organization: 
street: US
street_ext: 
city: 
province: 
postal_code: 
country: 
phone: +01 2083895740
phone_ext: 
fax: 
fax_ext: 
email: ccops@markmonitor.com

bill
id: 
name: 
organization: 
street: 
street_ext: 
city: 
province: 
postal_code: 
country: 
phone: 
phone_ext: 
fax: 
fax_ext: 
email: 
