registrar_id: 
registrar_name: MarkMonitor Inc.
registrar_organization: 
whois_server: 
referral_url: 
domain_id: 
domain_name: google.ch
domain_status: 
created_date: 31 May 1999
updated_date: 
expiration_date: 
name_servers: ns1.google.com,ns2.google.com,ns3.google.com,ns4.google.com
domain_dnssec: no

registrant
id: 
name: Domain Administrator
organization: Google LLC
street: 1600 Amphitheatre Parkway, US-94043 Mountain View, United States
street_ext: 
city: 
province: 
postal_code: 
country: 
phone: 
phone_ext: 
fax: 
fax_ext: 
email: 

admin
id: 
name: 
organization: 
street: 
street_ext: 
city: 
province: 
postal_code: 
country: 
phone: 
phone_ext: 
fax: 
fax_ext: 
email: 

tech
id: 
name: Domain Administrator
organization: Google LLC
street: 1600 Amphitheatre Parkway, US-94043 Mountain View, United States
street_ext: 
city: 
province: 
postal_code: 
country: 
phone: 
phone_ext: 
fax: 
fax_ext: 
email: 

bill
id: 
name: 
organization: 
street: 
street_ext: 
city: 
province: 
postal_code: 
country: 
phone: 
phone_ext: 
fax: 
fax_ext: 
email: 
