registrar_id: 
registrar_name: MARKMONITOR Inc.
registrar_organization: 
registrar_phone: 
registrar_email: 
registrar_reseller: 
whois_server: 
referral_url: http://www.markmonitor.com
domain_id: 
domain_name: google.fr
domain_status: active
created_date: 2000-07-26T22:00:00Z
updated_date: 2018-11-28T10:31:42Z
expiration_date: 2019-12-30T17:16:48Z
name_servers: ns1.google.com,ns2.google.com,ns3.google.com,ns4.google.com
domain_dnssec: 

registrant
id: GIH6-FRNIC
name: Google Ireland Holdings
organization: 
street: 70 Sir John Rogersons Quay, 2 Dublin
street_ext: 
city: 
province: 
postal_code: 
country: IE
phone: +353 14361000
phone_ext: 
fax: 
fax_ext: 
email: dns-admin@google.com

admin
id: GIH5-FRNIC
name: Google Ireland Holdings
organization: 
street: 70 Sir John Rogersons Quay, 2 Dublin
street_ext: 
city: 
province: 
postal_code: 
country: IE
phone: +353 14361000
phone_ext: 
fax: 
fax_ext: 
email: dns-admin@google.com

tech
id: CP4370-FRNIC
name: Ccops Provisioning
organization: 
street: MarkMonitor, 10400 Overland Rd., PMB 155, 83709 Boise
street_ext: 
city: 
province: 
postal_code: 
country: US
phone: +1 2083895740
phone_ext: 
fax: +1 2083895771
fax_ext: 
email: ccops@markmonitor.com

bill
id: 
name: 
organization: 
street: 
street_ext: 
city: 
province: 
postal_code: 
country: 
phone: 
phone_ext: 
fax: 
fax_ext: 
email: 
