registrar_id: 
registrar_name: MARKMONITOR Inc.
registrar_organization: 
registrar_phone: 
registrar_email: 
registrar_reseller: 
whois_server: 
referral_url: http://www.markmonitor.com
domain_id: 
domain_name: google.re
domain_status: active
created_date: 2008-11-19T09:40:52Z
updated_date: 2019-07-01T09:33:52Z
expiration_date: 2020-08-02T23:15:21Z
name_servers: ns1.google.com,ns2.google.com,ns3.google.com,ns4.google.com
domain_dnssec: 

registrant
id: DV1364-FRNIC
name: DIGITAL VOX
organization: 
street: 97400 Saint-Denis
street_ext: 
city: 
province: 
postal_code: 
country: RE
phone: +262 262943943
phone_ext: 
fax: 
fax_ext: 
email: dns-admin@google.com

admin
id: DC2023-FRNIC
name: David Cesar
organization: 
street: 97400 Saint-Denis
street_ext: 
city: 
province: 
postal_code: 
country: RE
phone: +262 262943943
phone_ext: 
fax: 
fax_ext: 
email: contact@digitalvox.net

tech
id: MC239-FRNIC
name: MARKMONITOR CCOPS
organization: 
street: US
street_ext: 
city: 
province: 
postal_code: 
country: 
phone: +01 2083895740
phone_ext: 
fax: 
fax_ext: 
email: ccops@markmonitor.com

bill
id: 
name: 
organization: 
street: 
street_ext: 
city: 
province: 
postal_code: 
country: 
phone: 
phone_ext: 
fax: 
fax_ext: 
email: 
