registrar_id: 
registrar_name: Name.com LLC
registrar_organization: 
registrar_phone: 
registrar_email: 
registrar_reseller: 
whois_server: whois.coccaregistry.org
referral_url: http://www.name.com
domain_id: 893204-CoCCA
domain_name: git.gs
domain_status: clienttransferprohibited
created_date: 2013-04-19T12:25:43.248Z
updated_date: 2019-03-28T17:14:27.619Z
expiration_date: 2020-04-19T12:25:43.504Z
name_servers: ns1.linode.com,ns2.linode.com,ns3.linode.com,ns4.linode.com,ns5.linode.com
domain_dnssec: unsigned

registrant
id: KbOC2-s0Ukx
name: Bent Cardan
organization: 
street: 104-60 Queens Blvd. #15L
city: Forest Hills
province: NY
postal_code: 11375
country: US
phone: +1.6465436717
phone_ext: 
fax: 
fax_ext: 
email: bent@cloudkickr.com

admin
id: fCYBx-a3j5K
name: Bent Cardan
organization: 
street: 104-60 Queens Blvd. #15L
city: Forest Hills
province: NY
postal_code: 11375
country: US
phone: +1.6465436717
phone_ext: 
fax: 
fax_ext: 
email: bent@cloudkickr.com

tech
id: CkmXA-xGQER
name: Bent Cardan
organization: 
street: 104-60 Queens Blvd. #15L
city: Forest Hills
province: NY
postal_code: 11375
country: US
phone: +1.6465436717
phone_ext: 
fax: 
fax_ext: 
email: bent@cloudkickr.com

bill
id: qZiUV-Bw9in
name: Bent Cardan
organization: 
street: 104-60 Queens Blvd. #15L
city: Forest Hills
province: NY
postal_code: 11375
country: US
phone: +1.6465436717
phone_ext: 
fax: 
fax_ext: 
email: bent@cloudkickr.com
