
domain
id: 4258-CoCCA.gs
domain: google.gs
name: google
extension: gs
status: serverupdateprohibited,servertransferprohibited,serverdeleteprohibited,clientupdateprohibited,clienttransferprohibited,clientdeleteprohibited
dnssec: unsigned
whois_server: whois.coccaregistry.org
name_servers: ns1.google.com,ns2.google.com
created_date: 2004-07-08T12:00:00.0Z
updated_date: 2019-06-06T09:32:35.587Z
expiration_date: 2020-07-08T12:00:00.0Z

registrar
id: 
name: MarkMonitor
organization: 
street: 
city: 
province: 
postal_code: 
country: US
phone: 
phone_ext: 
fax: 
fax_ext: 
email: 
referral_url: http://www.markmonitor.com

registrant
id: uo3er-xAcPO
name: Domain Administrator
organization: Google LLC
street: 1600 Amphitheatre Parkway
city: Mountain View
province: CA
postal_code: 94043
country: US
phone: +1.6502530000
phone_ext: 
fax: +1.6502530001
fax_ext: 
email: dns-admin@google.com
referral_url: 

administrative
id: goQ6D-NQBoD
name: Domain Administrator
organization: Google LLC
street: 1600 Amphitheatre Parkway
city: Mountain View
province: CA
postal_code: 94043
country: US
phone: +1.6502530000
phone_ext: 
fax: +1.6502530001
fax_ext: 
email: dns-admin@google.com
referral_url: 

technical
id: ct4fz-Dlnfo
name: Domain Administrator
organization: Google LLC
street: 1600 Amphitheatre Parkway
city: Mountain View
province: CA
postal_code: 94043
country: US
phone: +1.6502530000
phone_ext: 
fax: +1.6502530001
fax_ext: 
email: dns-admin@google.com
referral_url: 

billing
id: XeFuf-jSM9q
name: CCOPS Billing
organization: MarkMonitor Inc.
street: 3540 East Longwing Lane, Suite 300
city: Meridian
province: Idaho
postal_code: 83646
country: US
phone: +1.2083895740
phone_ext: 
fax: +1.2083895771
fax_ext: 
email: ccopsbilling@markmonitor.com
referral_url: 
