registrar_id: 
registrar_name: 
registrar_organization: 
registrar_phone: 
registrar_email: 
registrar_reseller: 
whois_server: 
referral_url: 
domain_id: 
domain_name: google.hm
domain_status: taken
created_date: 
updated_date: 
expiration_date: 
name_servers: ns4.zoneedit.com,ns5.zoneedit.com
domain_dnssec: 

registrant
id: 
name: 
organization: 
street: 
street_ext: 
city: 
province: 
postal_code: 
country: 
phone: 
phone_ext: 
fax: 
fax_ext: 
email: 

admin
id: 
name: 
organization: 
street: 
street_ext: 
city: 
province: 
postal_code: 
country: 
phone: 
phone_ext: 
fax: 
fax_ext: 
email: 

tech
id: 
name: 
organization: 
street: 
street_ext: 
city: 
province: 
postal_code: 
country: 
phone: 
phone_ext: 
fax: 
fax_ext: 
email: 

bill
id: 
name: 
organization: 
street: 
street_ext: 
city: 
province: 
postal_code: 
country: 
phone: 
phone_ext: 
fax: 
fax_ext: 
email: 
