registrar_id: 
registrar_name: INTERNET.BS CORP
whois_server: 
referral_url: 
domain_id: 
domain_name: icetwy.re
domain_status: active
created_date: 19/06/2013
updated_date: 02/11/2013
expiration_date: 
name_servers: josh.ns.cloudflare.com,rita.ns.cloudflare.com
domain_dnssec: 

registrant
id: 
name: 
organization: 
street: 
street_ext: 
city: 
province: 
postal_code: 
country: 
phone: 
phone_ext: 
fax: 
fax_ext: 
email: 

admin
id: MR2133-FRNIC
name: 
organization: 
street: 
street_ext: 
city: 
province: 
postal_code: 
country: 
phone: 
phone_ext: 
fax: 
fax_ext: 
email: 

tech
id: MR2133-FRNIC
name: 
organization: 
street: 
street_ext: 
city: 
province: 
postal_code: 
country: 
phone: 
phone_ext: 
fax: 
fax_ext: 
email: 

bill
id: 
name: 
organization: 
street: 
street_ext: 
city: 
province: 
postal_code: 
country: 
phone: 
phone_ext: 
fax: 
fax_ext: 
email: 
