
domain
id: D21089-IN
domain: google.in
name: google
extension: in
status: clientupdateprohibited,clienttransferprohibited,clientdeleteprohibited
dnssec: unsigned
whois_server: 
name_servers: ns4.google.com,ns2.google.com,ns1.google.com,ns3.google.com
created_date: 2005-02-14 20:35:14 +0000 UTC
updated_date: 2020-01-18 10:35:29 +0000 UTC
expiration_date: 2021-02-14 20:35:14 +0000 UTC

registrar
id: 292
name: MarkMonitor Inc.
organization: 
street: 
city: 
province: 
postal_code: 
country: 
phone: 
phone_ext: 
fax: 
fax_ext: 
email: 
referral_url: http://www.markmonitor.com

registrant
id: 
name: 
organization: Google LLC
street: 
city: 
province: CA
postal_code: 
country: US
phone: 
phone_ext: 
fax: 
fax_ext: 
email: please contact the registrar listed above
referral_url: 

administrative
id: 
name: 
organization: 
street: 
city: 
province: 
postal_code: 
country: 
phone: 
phone_ext: 
fax: 
fax_ext: 
email: please contact the registrar listed above
referral_url: 

technical
id: 
name: 
organization: 
street: 
city: 
province: 
postal_code: 
country: 
phone: 
phone_ext: 
fax: 
fax_ext: 
email: please contact the registrar listed above
referral_url: 

billing
id: 
name: 
organization: 
street: 
city: 
province: 
postal_code: 
country: 
phone: 
phone_ext: 
fax: 
fax_ext: 
email: 
referral_url: 
