
domain
id: D509774-IN
domain: git.in
name: git
extension: in
status: clienttransferprohibited
dnssec: unsigned
whois_server: 
name_servers: dns7.parkpage.foundationapi.com,dns8.parkpage.foundationapi.com
created_date: 2005-02-16 06:54:49 +0000 UTC
updated_date: 2020-03-02 16:21:59 +0000 UTC
expiration_date: 2021-02-16 06:54:49 +0000 UTC

registrar
id: 472
name: Dynadot LLC
organization: 
street: 
city: 
province: 
postal_code: 
country: 
phone: 
phone_ext: 
fax: 
fax_ext: 
email: 
referral_url: http://www.dynadot.com

registrant
id: 
name: 
organization: Treadall Inc.
street: 
city: 
province: ON
postal_code: 
country: CA
phone: 
phone_ext: 
fax: 
fax_ext: 
email: please contact the registrar listed above
referral_url: 

administrative
id: 
name: 
organization: 
street: 
city: 
province: 
postal_code: 
country: 
phone: 
phone_ext: 
fax: 
fax_ext: 
email: please contact the registrar listed above
referral_url: 

technical
id: 
name: 
organization: 
street: 
city: 
province: 
postal_code: 
country: 
phone: 
phone_ext: 
fax: 
fax_ext: 
email: please contact the registrar listed above
referral_url: 

billing
id: 
name: 
organization: 
street: 
city: 
province: 
postal_code: 
country: 
phone: 
phone_ext: 
fax: 
fax_ext: 
email: 
referral_url: 
