
domain
id: D34417-LRMS
domain: WEST.INFO
name: west
extension: info
status: clienttransferprohibited
dnssec: unsigned
whois_server: whois.psi-usa.info
name_servers: dns1.ipmanagerinc.net,dns2.ipmanagerinc.net,dns3.ipmanagerinc.net
created_date: 2001-07-31 21:14:42 +0000 UTC
updated_date: 2019-07-31 22:22:36 +0000 UTC
expiration_date: 2020-07-31 21:14:42 +0000 UTC

registrar
id: 151
name: PSI-USA, Inc. dba Domain Robot
organization: 
street: 
city: 
province: 
postal_code: 
country: 
phone: +49.94159559482
phone_ext: 
fax: 
fax_ext: 
email: domain-abuse@psi-usa.info
referral_url: http://www.psi-usa.info

registrant
id: 
name: 
organization: Imperial Tobacco Limited
street: 
city: 
province: GB
postal_code: 
country: GB
phone: 
phone_ext: 
fax: 
fax_ext: 
email: 
referral_url: 

administrative
id: 
name: 
organization: 
street: 
city: 
province: 
postal_code: 
country: 
phone: 
phone_ext: 
fax: 
fax_ext: 
email: 
referral_url: 

technical
id: 
name: 
organization: 
street: 
city: 
province: 
postal_code: 
country: 
phone: 
phone_ext: 
fax: 
fax_ext: 
email: 
referral_url: 

billing
id: 
name: 
organization: 
street: 
city: 
province: 
postal_code: 
country: 
phone: 
phone_ext: 
fax: 
fax_ext: 
email: 
referral_url: 
