
domain
id: D51322538-LRMS
domain: GITHUB.INFO
name: github
extension: info
status: clientdeleteprohibited,clientrenewprohibited,clienttransferprohibited,clientupdateprohibited
dnssec: unsigned
whois_server: whois.godaddy.com
name_servers: ns.romania-webhosting.com,ns.clausweb.ro,ns.registar.ro
created_date: 2014-01-05 12:18:22 +0000 UTC
updated_date: 2020-01-06 17:37:57 +0000 UTC
expiration_date: 2021-01-05 12:18:22 +0000 UTC

registrar
id: 146
name: GoDaddy.com, LLC
organization: 
street: 
city: 
province: 
postal_code: 
country: 
phone: +1.4806242505
phone_ext: 
fax: 
fax_ext: 
email: abuse@godaddy.com
referral_url: http://www.godaddy.com

registrant
id: 
name: 
organization: Tnx
street: 
city: 
province: Bacau
postal_code: 
country: RO
phone: 
phone_ext: 
fax: 
fax_ext: 
email: 
referral_url: 

administrative
id: 
name: 
organization: 
street: 
city: 
province: 
postal_code: 
country: 
phone: 
phone_ext: 
fax: 
fax_ext: 
email: 
referral_url: 

technical
id: 
name: 
organization: 
street: 
city: 
province: 
postal_code: 
country: 
phone: 
phone_ext: 
fax: 
fax_ext: 
email: 
referral_url: 

billing
id: 
name: 
organization: 
street: 
city: 
province: 
postal_code: 
country: 
phone: 
phone_ext: 
fax: 
fax_ext: 
email: 
referral_url: 
