registrar_id: 
registrar_name: AM-REG
registrar_organization: Algorithmedia S.r.l.
registrar_phone: 
registrar_email: 
registrar_reseller: 
whois_server: 
referral_url: http://www.algorithmedia.com
domain_id: 
domain_name: git.it
domain_status: ok
created_date: 2018-08-28 09:00:00
updated_date: 2019-09-13 00:43:43
expiration_date: 2020-08-28
name_servers: ns1.parkingcrew.net,ns2.parkingcrew.net
domain_dnssec: no

registrant
id: 
name: 
organization: Macrosten LTD
street: 77 Strovolou Avenue, Strovolos Center, off. 204 Strovolos, Nicosia, 2018, Nicosia, CY
street_ext: 
city: 
province: 
postal_code: 
country: 
phone: 
phone_ext: 
fax: 
fax_ext: 
email: 

admin
id: 
name: Macrosten LTD
organization: Macrosten LTD
street: 77 Strovolou Avenue, Strovolos Center, off. 204 Strovolos, Strovolos, Nicosia-Cyprus, 02018, Strovolos, Nicosia-Cyprus, CY
street_ext: 
city: 
province: 
postal_code: 
country: 
phone: 
phone_ext: 
fax: 
fax_ext: 
email: 

tech
id: 
name: 
organization: 
street: 
street_ext: 
city: 
province: 
postal_code: 
country: 
phone: 
phone_ext: 
fax: 
fax_ext: 
email: 

bill
id: 
name: 
organization: 
street: 
street_ext: 
city: 
province: 
postal_code: 
country: 
phone: 
phone_ext: 
fax: 
fax_ext: 
email: 
