registrar_id: 
registrar_name: MARKMONITOR-REG
registrar_organization: MarkMonitor International Limited
registrar_phone: 
registrar_email: 
registrar_reseller: 
whois_server: 
referral_url: https://www.markmonitor.com/
domain_id: 
domain_name: google.it
domain_status: ok
created_date: 1999-12-10 00:00:00
updated_date: 2019-05-07 01:04:50
expiration_date: 2020-04-21
name_servers: ns1.google.com,ns2.google.com,ns3.google.com,ns4.google.com
domain_dnssec: no

registrant
id: 
name: 
organization: Google Ireland Holdings Unlimited Company
street: 70 Sir John Rogerson's Quay, Dublin, 2, Dublin, IE
city: 
province: 
postal_code: 
country: 
phone: 
phone_ext: 
fax: 
fax_ext: 
email: 

admin
id: 
name: Christina Chiou
organization: Google LLC
street: 1600 Amphitheatre Parkway, Mountain View, 94043, CA, US
city: 
province: 
postal_code: 
country: 
phone: 
phone_ext: 
fax: 
fax_ext: 
email: 

tech
id: 
name: 
organization: 
street: 
city: 
province: 
postal_code: 
country: 
phone: 
phone_ext: 
fax: 
fax_ext: 
email: 

bill
id: 
name: 
organization: 
street: 
city: 
province: 
postal_code: 
country: 
phone: 
phone_ext: 
fax: 
fax_ext: 
email: 
