registrar_id: 
registrar_name: 
whois_server: 
referral_url: 
domain_id: 
domain_name: jisc.ac.uk
domain_status: 
created_date: Wednesday 17th September 2003
updated_date: Friday 17th March 2017
expiration_date: Monday 17th Jun 2019
name_servers: ns10.ja.net	128.86.8.53,	ns3.ja.net
domain_dnssec: 

registrant
id: 
name: IT Team
organization: 
street: 
street_ext: 
city: 
province: 
postal_code: 
country: 
phone: 
phone_ext: 
fax: 
fax_ext: 
email: 

admin
id: 
name: 
organization: 
street: 
street_ext: 
city: 
province: 
postal_code: 
country: 
phone: 
phone_ext: 
fax: 
fax_ext: 
email: 

tech
id: 
name: 
organization: 
street: 
street_ext: 
city: 
province: 
postal_code: 
country: 
phone: 
phone_ext: 
fax: 
fax_ext: 
email: 

bill
id: 
name: 
organization: 
street: 
street_ext: 
city: 
province: 
postal_code: 
country: 
phone: 
phone_ext: 
fax: 
fax_ext: 
email: 
