registrar_id: 292
registrar_name: MarkMonitor Inc.
registrar_organization: 
registrar_phone: +1.2083895740
registrar_email: abusecomplaints@markmonitor.com
registrar_reseller: 
whois_server: whois.markmonitor.com
referral_url: http://www.markmonitor.com
domain_id: 86932313_DOMAIN_JOBS-VRSN
domain_name: GOOGLE.JOBS
domain_status: clientdeleteprohibited,clienttransferprohibited,clientupdateprohibited
created_date: 2005-09-15T04:00:00Z
updated_date: 2019-08-14T09:31:37Z
expiration_date: 2020-09-15T04:00:00Z
name_servers: ns1.google.com,ns2.google.com
domain_dnssec: unsigned

registrant
id: REDACTED FOR PRIVACY
name: REDACTED FOR PRIVACY
organization: Google Inc.
street: REDACTED FOR PRIVACY
city: REDACTED FOR PRIVACY
province: CA
postal_code: REDACTED FOR PRIVACY
country: US
phone: REDACTED FOR PRIVACY
phone_ext: REDACTED FOR PRIVACY
fax: REDACTED FOR PRIVACY
fax_ext: REDACTED FOR PRIVACY
email: please query the rdds service of the registrar of record identified in this output for information on how to contact the registrant, admin, or tech contact of the queried domain.

admin
id: REDACTED FOR PRIVACY
name: REDACTED FOR PRIVACY
organization: REDACTED FOR PRIVACY
street: REDACTED FOR PRIVACY
city: REDACTED FOR PRIVACY
province: REDACTED FOR PRIVACY
postal_code: REDACTED FOR PRIVACY
country: REDACTED FOR PRIVACY
phone: REDACTED FOR PRIVACY
phone_ext: REDACTED FOR PRIVACY
fax: REDACTED FOR PRIVACY
fax_ext: REDACTED FOR PRIVACY
email: please query the rdds service of the registrar of record identified in this output for information on how to contact the registrant, admin, or tech contact of the queried domain.

tech
id: REDACTED FOR PRIVACY
name: REDACTED FOR PRIVACY
organization: REDACTED FOR PRIVACY
street: REDACTED FOR PRIVACY
city: REDACTED FOR PRIVACY
province: REDACTED FOR PRIVACY
postal_code: REDACTED FOR PRIVACY
country: REDACTED FOR PRIVACY
phone: REDACTED FOR PRIVACY
phone_ext: REDACTED FOR PRIVACY
fax: REDACTED FOR PRIVACY
fax_ext: REDACTED FOR PRIVACY
email: please query the rdds service of the registrar of record identified in this output for information on how to contact the registrant, admin, or tech contact of the queried domain.

bill
id: REDACTED FOR PRIVACY
name: REDACTED FOR PRIVACY
organization: REDACTED FOR PRIVACY
street: REDACTED FOR PRIVACY
city: REDACTED FOR PRIVACY
province: REDACTED FOR PRIVACY
postal_code: REDACTED FOR PRIVACY
country: REDACTED FOR PRIVACY
phone: REDACTED FOR PRIVACY
phone_ext: REDACTED FOR PRIVACY
fax: REDACTED FOR PRIVACY
fax_ext: REDACTED FOR PRIVACY
email: please query the rdds service of the registrar of record identified in this output for information on how to contact the registrant, admin, or tech contact of the queried domain.
