registrar_id: 85
registrar_name: EPAG DOMAINSERVICES GmbH
registrar_organization: 
registrar_phone: +1.4165350123
registrar_email: legal@tucows.com
registrar_reseller: 
whois_server: whois.enterprice.net
referral_url: http://www.epag.de
domain_id: 90094483_DOMAIN_JOBS-VRSN
domain_name: YBS.JOBS
domain_status: ok
created_date: 2008-11-13T12:41:59Z
updated_date: 2018-01-27T12:16:12Z
expiration_date: 2019-11-13T12:41:59Z
name_servers: ns0.ukfast.co.uk,ns1.ukfast.co.uk
domain_dnssec: unsigned

registrant
id: REDACTED FOR PRIVACY
name: REDACTED FOR PRIVACY
organization: Creed Communications Limited
street: REDACTED FOR PRIVACY
city: REDACTED FOR PRIVACY
province: Cheshire
postal_code: REDACTED FOR PRIVACY
country: GB
phone: REDACTED FOR PRIVACY
phone_ext: REDACTED FOR PRIVACY
fax: REDACTED FOR PRIVACY
fax_ext: REDACTED FOR PRIVACY
email: please query the rdds service of the registrar of record identified in this output for information on how to contact the registrant, admin, or tech contact of the queried domain.

admin
id: REDACTED FOR PRIVACY
name: REDACTED FOR PRIVACY
organization: REDACTED FOR PRIVACY
street: REDACTED FOR PRIVACY
city: REDACTED FOR PRIVACY
province: REDACTED FOR PRIVACY
postal_code: REDACTED FOR PRIVACY
country: REDACTED FOR PRIVACY
phone: REDACTED FOR PRIVACY
phone_ext: REDACTED FOR PRIVACY
fax: REDACTED FOR PRIVACY
fax_ext: REDACTED FOR PRIVACY
email: please query the rdds service of the registrar of record identified in this output for information on how to contact the registrant, admin, or tech contact of the queried domain.

tech
id: REDACTED FOR PRIVACY
name: REDACTED FOR PRIVACY
organization: REDACTED FOR PRIVACY
street: REDACTED FOR PRIVACY
city: REDACTED FOR PRIVACY
province: REDACTED FOR PRIVACY
postal_code: REDACTED FOR PRIVACY
country: REDACTED FOR PRIVACY
phone: REDACTED FOR PRIVACY
phone_ext: REDACTED FOR PRIVACY
fax: REDACTED FOR PRIVACY
fax_ext: REDACTED FOR PRIVACY
email: please query the rdds service of the registrar of record identified in this output for information on how to contact the registrant, admin, or tech contact of the queried domain.

bill
id: REDACTED FOR PRIVACY
name: REDACTED FOR PRIVACY
organization: REDACTED FOR PRIVACY
street: REDACTED FOR PRIVACY
city: REDACTED FOR PRIVACY
province: REDACTED FOR PRIVACY
postal_code: REDACTED FOR PRIVACY
country: REDACTED FOR PRIVACY
phone: REDACTED FOR PRIVACY
phone_ext: REDACTED FOR PRIVACY
fax: REDACTED FOR PRIVACY
fax_ext: REDACTED FOR PRIVACY
email: please query the rdds service of the registrar of record identified in this output for information on how to contact the registrant, admin, or tech contact of the queried domain.
