
domain
id: 
domain: GIT.JP
name: git
extension: jp
status: active
dnssec: 
whois_server: 
name_servers: ns1.onamae.com,ns2.onamae.com
created_date: 2001/05/14
updated_date: 2019/06/01 04:52:02 (JST)
expiration_date: 2020/05/31

registrar
id: 
name: 
organization: 
street: 
city: 
province: 
postal_code: 
country: 
phone: 
phone_ext: 
fax: 
fax_ext: 
email: 
referral_url: 

registrant
id: 
name: GIT Co.,Ltd
organization: 
street: 
city: 
province: 
postal_code: 
country: 
phone: 
phone_ext: 
fax: 
fax_ext: 
email: 
referral_url: 

administrative
id: 
name: GIT Co.,Ltd
organization: 
street: Minato-ku, 3-18-10 AKASAKA, No,2 Osakaya Building 4F
city: 
province: 
postal_code: 107-0052
country: 
phone: 03-3586-2351
phone_ext: 
fax: 03-3582-3175
fax_ext: 
email: shiozawa@git.jp
referral_url: 

technical
id: 
name: 
organization: 
street: 
city: 
province: 
postal_code: 
country: 
phone: 
phone_ext: 
fax: 
fax_ext: 
email: 
referral_url: 

billing
id: 
name: 
organization: 
street: 
city: 
province: 
postal_code: 
country: 
phone: 
phone_ext: 
fax: 
fax_ext: 
email: 
referral_url: 
