
domain
id: 
domain: GOOGLE.JP
name: google
extension: jp
status: active
dnssec: 
whois_server: 
name_servers: ns1.google.com,ns2.google.com,ns3.google.com,ns4.google.com
created_date: 2005-05-30 00:00:00 +0000 UTC
updated_date: 2019-06-01 04:52:02 +0900 KST
expiration_date: 2020-05-31 00:00:00 +0000 UTC

registrar
id: 
name: 
organization: 
street: 
city: 
province: 
postal_code: 
country: 
phone: 
phone_ext: 
fax: 
fax_ext: 
email: 
referral_url: 

registrant
id: 
name: Google LLC
organization: 
street: 
city: 
province: 
postal_code: 
country: 
phone: 
phone_ext: 
fax: 
fax_ext: 
email: 
referral_url: 

administrative
id: 
name: Google LLC
organization: 
street: Mountain View, 1600 Amphitheatre Parkway, CA
city: 
province: 
postal_code: 94043
country: 
phone: 16502530000
phone_ext: 
fax: 16502530001
fax_ext: 
email: dns-admin@google.com
referral_url: 

technical
id: 
name: 
organization: 
street: 
city: 
province: 
postal_code: 
country: 
phone: 
phone_ext: 
fax: 
fax_ext: 
email: 
referral_url: 

billing
id: 
name: 
organization: 
street: 
city: 
province: 
postal_code: 
country: 
phone: 
phone_ext: 
fax: 
fax_ext: 
email: 
referral_url: 
