registrar_id: 
registrar_name: RUCENTER-REG-FID
whois_server: 
referral_url: 
domain_id: 
domain_name: KGB.SU
domain_status: registered, delegated
created_date: 2003.06.27
updated_date: 
expiration_date: 2015.06.27
name_servers: ns1.masterhost.ru,ns2.masterhost.ru,ns.masterhost.ru
domain_dnssec: 

registrant
id: 
name: Private Person
organization: 
street: 
street_ext: 
city: 
province: 
postal_code: 
country: 
phone: 
phone_ext: 
fax: 
fax_ext: 
email: mail@bergoldgross.com

admin
id: 
name: 
organization: 
street: 
street_ext: 
city: 
province: 
postal_code: 
country: 
phone: 
phone_ext: 
fax: 
fax_ext: 
email: 

tech
id: 
name: 
organization: 
street: 
street_ext: 
city: 
province: 
postal_code: 
country: 
phone: 
phone_ext: 
fax: 
fax_ext: 
email: 

bill
id: 
name: 
organization: 
street: 
street_ext: 
city: 
province: 
postal_code: 
country: 
phone: 
phone_ext: 
fax: 
fax_ext: 
email: 
