registrar_id: 1345
registrar_name: Key-Systems GmbH
whois_server: whois.rrpproxy.net
referral_url: http://rrpproxy.com
domain_id: D865CD2B39D1835CE040010AAB015FFF
domain_name: KIWA.WS
domain_status: ok
created_date: 2005-09-05T20:26:28Z
updated_date: 2018-09-05T08:56:12Z
expiration_date: 2019-09-05T20:26:28Z
name_servers: ns1.openprovider.nl,ns2.openprovider.be,ns3.openprovider.eu
domain_dnssec: unsigned

registrant
id: 
name: 
organization: 
street: 
street_ext: 
city: 
province: 
postal_code: 
country: 
phone: 
phone_ext: 
fax: 
fax_ext: 
email: 

admin
id: 
name: 
organization: 
street: 
street_ext: 
city: 
province: 
postal_code: 
country: 
phone: 
phone_ext: 
fax: 
fax_ext: 
email: 

tech
id: 
name: 
organization: 
street: 
street_ext: 
city: 
province: 
postal_code: 
country: 
phone: 
phone_ext: 
fax: 
fax_ext: 
email: 

bill
id: 
name: 
organization: 
street: 
street_ext: 
city: 
province: 
postal_code: 
country: 
phone: 
phone_ext: 
fax: 
fax_ext: 
email: 
