registrar_id: 
registrar_name: Megazone(http://HOSTING.KR)
registrar_organization: 
registrar_phone: 
registrar_email: 
registrar_reseller: 
whois_server: 
referral_url: 
domain_id: 
domain_name: git.kr
domain_status: clienttransferprohibited
created_date: 2012. 05. 19.
updated_date: 2017. 10. 17.
expiration_date: 2020. 05. 19.
name_servers: ns1.parkingcrew.net,ns2.parkingcrew.net
domain_dnssec: unsigned

registrant
id: 
name: beats
organization: 
street: 202-1902 cimsan1cha prugio chilseongdong2ga Oksan-ro,, Buk-gu Daegu
city: 
province: 
postal_code: 41593
country: 
phone: 
phone_ext: 
fax: 
fax_ext: 
email: 

admin
id: 
name: beats
organization: 
street: 
city: 
province: 
postal_code: 
country: 
phone: 82-10-6485-1888
phone_ext: 
fax: 
fax_ext: 
email: lawyer247@hotmail.com

tech
id: 
name: 
organization: 
street: 
city: 
province: 
postal_code: 
country: 
phone: 
phone_ext: 
fax: 
fax_ext: 
email: 

bill
id: 
name: 
organization: 
street: 
city: 
province: 
postal_code: 
country: 
phone: 
phone_ext: 
fax: 
fax_ext: 
email: 
