registrar_id: 
registrar_name: Name.com LLC
registrar_organization: 
registrar_phone: +1.7202492374
registrar_email: support@registry.la
registrar_reseller: 
whois_server: 
referral_url: 
domain_id: D605176-LANIC
domain_name: GIT.LA
domain_status: clienttransferprohibited
created_date: 2008-11-27T08:14:56.0Z
updated_date: 2019-03-27T04:42:11.0Z
expiration_date: 2019-11-27T23:59:59.0Z
name_servers: bob.ns.cloudflare.com,ivy.ns.cloudflare.com
domain_dnssec: unsigned

registrant
id: 
name: 
organization: 
street: 
city: 
province: 
postal_code: 
country: 
phone: 
phone_ext: 
fax: 
fax_ext: 
email: https://whois.nic.la/contact/git.la/registrant

admin
id: 
name: 
organization: 
street: 
city: 
province: 
postal_code: 
country: 
phone: 
phone_ext: 
fax: 
fax_ext: 
email: https://whois.nic.la/contact/git.la/admin

tech
id: 
name: 
organization: 
street: 
city: 
province: 
postal_code: 
country: 
phone: 
phone_ext: 
fax: 
fax_ext: 
email: https://whois.nic.la/contact/git.la/tech

bill
id: 
name: 
organization: 
street: 
city: 
province: 
postal_code: 
country: 
phone: 
phone_ext: 
fax: 
fax_ext: 
email: https://whois.nic.la/contact/git.la/billing
