registrar_id: 
registrar_name: LCN.COM LTD.
whois_server: whois.lcn.com
referral_url: http://www.lcn.com
domain_id: 
domain_name: lcn.com
domain_status: clientdeleteprohibited,clienttransferprohibited,clientupdateprohibited
created_date: 10-feb-1996
updated_date: 12-mar-2012
expiration_date: 11-feb-2019
name_servers: ns0.ai270.net,ns1.ai270.net
domain_dnssec: 

registrant
id: 
name: 
organization: 
street: 
street_ext: 
city: 
province: 
postal_code: 
country: 
phone: 
phone_ext: 
fax: 
fax_ext: 
email: 

admin
id: 
name: AI-677207
organization: 
street: 
street_ext: 
city: 
province: 
postal_code: 
country: 
phone: 
phone_ext: 
fax: 
fax_ext: 
email: 

tech
id: 
name: AI-300624
organization: 
street: 
street_ext: 
city: 
province: 
postal_code: 
country: 
phone: 
phone_ext: 
fax: 
fax_ext: 
email: 

bill
id: 
name: AI-300624
organization: 
street: 
street_ext: 
city: 
province: 
postal_code: 
country: 
phone: 
phone_ext: 
fax: 
fax_ext: 
email: 
