registrar_id: 48
registrar_name: ENOM, INC.
whois_server: whois.enom.com
referral_url: http://www.enom.com
domain_id: 1665843940_DOMAIN_COM-VRSN
domain_name: LIKEXIAN.COM
domain_status: clienttransferprohibited
created_date: 08-jul-2011
updated_date: 14-aug-2014
expiration_date: 08-jul-2019
name_servers: f1g1ns1.dnspod.net,f1g1ns2.dnspod.net
domain_dnssec: unSigned

registrant
id: 
name: WHOISGUARD PROTECTED
organization: WHOISGUARD, INC.
street: P.O. BOX 0823-03411
street_ext: 
city: PANAMA
province: PANAMA
postal_code: 00000
country: PA
phone: +507.8365503
phone_ext: 
fax: +51.17057182
fax_ext: 
email: 11965cdff2e643ec8799398e305bbe7f.protect@whoisguard.com

admin
id: 
name: WHOISGUARD PROTECTED
organization: WHOISGUARD, INC.
street: P.O. BOX 0823-03411
street_ext: 
city: PANAMA
province: PANAMA
postal_code: 00000
country: PA
phone: +507.8365503
phone_ext: 
fax: +51.17057182
fax_ext: 
email: 11965cdff2e643ec8799398e305bbe7f.protect@whoisguard.com

tech
id: 
name: WHOISGUARD PROTECTED
organization: WHOISGUARD, INC.
street: P.O. BOX 0823-03411
street_ext: 
city: PANAMA
province: PANAMA
postal_code: 00000
country: PA
phone: +507.8365503
phone_ext: 
fax: +51.17057182
fax_ext: 
email: 11965cdff2e643ec8799398e305bbe7f.protect@whoisguard.com

bill
id: 
name: 
organization: 
street: 
street_ext: 
city: 
province: 
postal_code: 
country: 
phone: 
phone_ext: 
fax: 
fax_ext: 
email: 
