registrar_id: 292
registrar_name: MarkMonitor Inc.
registrar_organization: 
registrar_phone: +1.2083895740
registrar_email: abusecomplaints@markmonitor.com
registrar_reseller: 
whois_server: 
referral_url: 
domain_id: 523959_MMl1-LONDON
domain_name: GOOGLE.LONDON
domain_status: clientdeleteprohibited,clienttransferprohibited,clientupdateprohibited
created_date: 2015-03-04T10:30:28Z
updated_date: 2019-01-31T10:39:36Z
expiration_date: 2020-03-04T10:30:28Z
name_servers: ns4.googledomains.com,ns1.googledomains.com,ns2.googledomains.com,ns3.googledomains.com
domain_dnssec: unsigned

registrant
id: REDACTED FOR PRIVACY
name: REDACTED FOR PRIVACY
organization: REDACTED FOR PRIVACY
street: REDACTED FOR PRIVACY, REDACTED FOR PRIVACY, REDACTED FOR PRIVACY
street_ext: 
city: REDACTED FOR PRIVACY
province: CA
postal_code: REDACTED FOR PRIVACY
country: US
phone: REDACTED FOR PRIVACY
phone_ext: 
fax: REDACTED FOR PRIVACY
fax_ext: 
email: please query the rdds service of the registrar of record identified in this output for information on how to contact the registrant, admin, or tech contact of the queried domain name.

admin
id: REDACTED FOR PRIVACY
name: REDACTED FOR PRIVACY
organization: REDACTED FOR PRIVACY
street: REDACTED FOR PRIVACY, REDACTED FOR PRIVACY, REDACTED FOR PRIVACY
street_ext: 
city: REDACTED FOR PRIVACY
province: REDACTED FOR PRIVACY
postal_code: REDACTED FOR PRIVACY
country: REDACTED FOR PRIVACY
phone: REDACTED FOR PRIVACY
phone_ext: 
fax: REDACTED FOR PRIVACY
fax_ext: 
email: please query the rdds service of the registrar of record identified in this output for information on how to contact the registrant, admin, or tech contact of the queried domain name.

tech
id: REDACTED FOR PRIVACY
name: REDACTED FOR PRIVACY
organization: REDACTED FOR PRIVACY
street: REDACTED FOR PRIVACY, REDACTED FOR PRIVACY, REDACTED FOR PRIVACY
street_ext: 
city: REDACTED FOR PRIVACY
province: REDACTED FOR PRIVACY
postal_code: REDACTED FOR PRIVACY
country: REDACTED FOR PRIVACY
phone: REDACTED FOR PRIVACY
phone_ext: 
fax: REDACTED FOR PRIVACY
fax_ext: 
email: please query the rdds service of the registrar of record identified in this output for information on how to contact the registrant, admin, or tech contact of the queried domain name.

bill
id: 
name: 
organization: 
street: 
street_ext: 
city: 
province: 
postal_code: 
country: 
phone: 
phone_ext: 
fax: 
fax_ext: 
email: 
