
domain
id: 383079_MMl1-LONDON
domain: LAT.LONDON
name: lat
extension: london
status: clientdeleteprohibited,clientrenewprohibited,clienttransferprohibited,clientupdateprohibited
dnssec: unsigned
whois_server: 
name_servers: ns-1780.awsdns-30.co.uk,ns-462.awsdns-57.com,ns-881.awsdns-46.net,ns-1139.awsdns-14.org
created_date: 2014-09-19 16:12:13 +0000 UTC
updated_date: 2019-09-24 16:34:14 +0000 UTC
expiration_date: 2020-09-19 16:12:13 +0000 UTC

registrar
id: 146
name: GoDaddy.com, LLC
organization: 
street: 
city: 
province: 
postal_code: 
country: 
phone: +1.4806242505
phone_ext: 
fax: 
fax_ext: 
email: abuse@godaddy.com
referral_url: 

registrant
id: REDACTED FOR PRIVACY
name: REDACTED FOR PRIVACY
organization: REDACTED FOR PRIVACY
street: REDACTED FOR PRIVACY, REDACTED FOR PRIVACY, REDACTED FOR PRIVACY
city: REDACTED FOR PRIVACY
province: London
postal_code: REDACTED FOR PRIVACY
country: GB
phone: REDACTED FOR PRIVACY
phone_ext: 
fax: REDACTED FOR PRIVACY
fax_ext: 
email: please query the rdds service of the registrar of record identified in this output for information on how to contact the registrant, admin, or tech contact of the queried domain name.
referral_url: 

administrative
id: REDACTED FOR PRIVACY
name: REDACTED FOR PRIVACY
organization: REDACTED FOR PRIVACY
street: REDACTED FOR PRIVACY, REDACTED FOR PRIVACY, REDACTED FOR PRIVACY
city: REDACTED FOR PRIVACY
province: REDACTED FOR PRIVACY
postal_code: REDACTED FOR PRIVACY
country: REDACTED FOR PRIVACY
phone: REDACTED FOR PRIVACY
phone_ext: 
fax: REDACTED FOR PRIVACY
fax_ext: 
email: please query the rdds service of the registrar of record identified in this output for information on how to contact the registrant, admin, or tech contact of the queried domain name.
referral_url: 

technical
id: REDACTED FOR PRIVACY
name: REDACTED FOR PRIVACY
organization: REDACTED FOR PRIVACY
street: REDACTED FOR PRIVACY, REDACTED FOR PRIVACY, REDACTED FOR PRIVACY
city: REDACTED FOR PRIVACY
province: REDACTED FOR PRIVACY
postal_code: REDACTED FOR PRIVACY
country: REDACTED FOR PRIVACY
phone: REDACTED FOR PRIVACY
phone_ext: 
fax: REDACTED FOR PRIVACY
fax_ext: 
email: please query the rdds service of the registrar of record identified in this output for information on how to contact the registrant, admin, or tech contact of the queried domain name.
referral_url: 

billing
id: REDACTED FOR PRIVACY
name: REDACTED FOR PRIVACY
organization: REDACTED FOR PRIVACY
street: REDACTED FOR PRIVACY, REDACTED FOR PRIVACY, REDACTED FOR PRIVACY
city: REDACTED FOR PRIVACY
province: REDACTED FOR PRIVACY
postal_code: REDACTED FOR PRIVACY
country: REDACTED FOR PRIVACY
phone: REDACTED FOR PRIVACY
phone_ext: 
fax: REDACTED FOR PRIVACY
fax_ext: 
email: please query the rdds service of the registrar of record identified in this output for information on how to contact the registrant, admin, or tech contact of the queried domain name.
referral_url: 
