
domain
id: D38533842-CNIC
domain: IODP.LOVE
name: iodp
extension: love
status: clienttransferprohibited,clientupdateprohibited,clientdeleteprohibited
dnssec: unsigned
whois_server: whois.meshdigital.com
name_servers: ns1.cloudns.io,ns2.cloudns.io
created_date: 2016-11-10 14:17:33 +0000 UTC
updated_date: 2020-01-24 12:22:38 +0000 UTC
expiration_date: 2020-11-10 23:59:59 +0000 UTC

registrar
id: 1390
name: Mesh Digital Ltd
organization: 
street: 
city: 
province: 
postal_code: 
country: 
phone: +44.1483304030
phone_ext: 
fax: 
fax_ext: 
email: abuse.contact@hosteuropegroup.com
referral_url: 

registrant
id: 
name: 
organization: Innerversity of Divine Perfection
street: 
city: 
province: CA
postal_code: 
country: US
phone: 
phone_ext: 
fax: 
fax_ext: 
email: please query the rdds service of the registrar of record identified in this output for information on how to contact the registrant, admin, or tech contact of the queried domain name.
referral_url: 

administrative
id: 
name: 
organization: 
street: 
city: 
province: 
postal_code: 
country: 
phone: 
phone_ext: 
fax: 
fax_ext: 
email: please query the rdds service of the registrar of record identified in this output for information on how to contact the registrant, admin, or tech contact of the queried domain name.
referral_url: 

technical
id: 
name: 
organization: 
street: 
city: 
province: 
postal_code: 
country: 
phone: 
phone_ext: 
fax: 
fax_ext: 
email: please query the rdds service of the registrar of record identified in this output for information on how to contact the registrant, admin, or tech contact of the queried domain name.
referral_url: 

billing
id: 
name: 
organization: 
street: 
city: 
province: 
postal_code: 
country: 
phone: 
phone_ext: 
fax: 
fax_ext: 
email: please query the rdds service of the registrar of record identified in this output for information on how to contact the registrant, admin, or tech contact of the queried domain name.
referral_url: 
