
domain
id: D108500000001237245-AGRS
domain: GITHUB.ME
name: github
extension: me
status: clientdeleteprohibited,clienttransferprohibited,clientupdateprohibited
dnssec: unsigned
whois_server: 
name_servers: ns1.p16.dynect.net,ns2.p16.dynect.net,ns3.p16.dynect.net,ns4.p16.dynect.net
created_date: 2010-08-05 17:04:24 +0000 UTC
updated_date: 2018-07-04 09:14:12 +0000 UTC
expiration_date: 2020-08-05 17:04:24 +0000 UTC

registrar
id: 292
name: MarkMonitor Inc.
organization: 
street: 
city: 
province: 
postal_code: 
country: 
phone: 
phone_ext: 
fax: 
fax_ext: 
email: 
referral_url: http://www.markmonitor.com

registrant
id: 
name: 
organization: GitHub, Inc.
street: 
city: 
province: CA
postal_code: 
country: US
phone: 
phone_ext: 
fax: 
fax_ext: 
email: 
referral_url: 

administrative
id: 
name: 
organization: 
street: 
city: 
province: 
postal_code: 
country: 
phone: 
phone_ext: 
fax: 
fax_ext: 
email: 
referral_url: 

technical
id: 
name: 
organization: 
street: 
city: 
province: 
postal_code: 
country: 
phone: 
phone_ext: 
fax: 
fax_ext: 
email: 
referral_url: 

billing
id: 
name: 
organization: 
street: 
city: 
province: 
postal_code: 
country: 
phone: 
phone_ext: 
fax: 
fax_ext: 
email: 
referral_url: 
