
domain
id: D108500000000011599-AGRS
domain: GOOGLE.ME
name: google
extension: me
status: clientdeleteprohibited,clienttransferprohibited,clientupdateprohibited,serverdeleteprohibited,servertransferprohibited,serverupdateprohibited
dnssec: unsigned
whois_server: 
name_servers: ns1.google.com,ns2.google.com,ns4.google.com,ns3.google.com
created_date: 2008-06-13 17:17:40 +0000 UTC
updated_date: 2019-05-12 09:35:12 +0000 UTC
expiration_date: 2020-06-13 17:17:40 +0000 UTC

registrar
id: 292
name: MarkMonitor Inc.
organization: 
street: 
city: 
province: 
postal_code: 
country: 
phone: 
phone_ext: 
fax: 
fax_ext: 
email: 
referral_url: http://www.markmonitor.com

registrant
id: 
name: 
organization: Google LLC
street: 
city: 
province: CA
postal_code: 
country: US
phone: 
phone_ext: 
fax: 
fax_ext: 
email: 
referral_url: 

administrative
id: 
name: 
organization: 
street: 
city: 
province: 
postal_code: 
country: 
phone: 
phone_ext: 
fax: 
fax_ext: 
email: 
referral_url: 

technical
id: 
name: 
organization: 
street: 
city: 
province: 
postal_code: 
country: 
phone: 
phone_ext: 
fax: 
fax_ext: 
email: 
referral_url: 

billing
id: 
name: 
organization: 
street: 
city: 
province: 
postal_code: 
country: 
phone: 
phone_ext: 
fax: 
fax_ext: 
email: 
referral_url: 
