registrar_id: 625
registrar_name: Name.com, Inc.
whois_server: whois.name.com
referral_url: http://www.name.com
domain_id: D103235836-LROR
domain_name: MJJ.ORG
domain_status: clienttransferprohibited
created_date: 2003-11-27T16:13:28Z
updated_date: 2017-09-03T21:24:10Z
expiration_date: 2019-11-27T16:13:28Z
name_servers: ns1cvw.name.com,ns2dfg.name.com,ns3cfp.name.com,ns4fqz.name.com
domain_dnssec: unSigned

registrant
id: Not Available From Registry
name: Whois Agent
organization: Domain Protection Services, Inc.
street: PO Box 1769
street_ext: 
city: Denver
province: CO
postal_code: 80201
country: US
phone: +1.7208009072
phone_ext: 
fax: +1.7209758725
fax_ext: 
email: https://www.name.com/contact-domain-whois/mjj.org

admin
id: Not Available From Registry
name: Whois Agent
organization: Domain Protection Services, Inc.
street: PO Box 1769
street_ext: 
city: Denver
province: CO
postal_code: 80201
country: US
phone: +1.7208009072
phone_ext: 
fax: +1.7209758725
fax_ext: 
email: https://www.name.com/contact-domain-whois/mjj.org

tech
id: Not Available From Registry
name: Whois Agent
organization: Domain Protection Services, Inc.
street: PO Box 1769
street_ext: 
city: Denver
province: CO
postal_code: 80201
country: US
phone: +1.7208009072
phone_ext: 
fax: +1.7209758725
fax_ext: 
email: https://www.name.com/contact-domain-whois/mjj.org

bill
id: 
name: 
organization: 
street: 
street_ext: 
city: 
province: 
postal_code: 
country: 
phone: 
phone_ext: 
fax: 
fax_ext: 
email: 
