registrar_id: 146
registrar_name: GoDaddy.com, LLC
whois_server: whois.godaddy.com
referral_url: http://www.godaddy.com
domain_id: D10446780-US
domain_name: mjj.us
domain_status: clienttransferprohibited,clientupdateprohibited,clientrenewprohibited,clientdeleteprohibited
created_date: 2006-07-09T18:08:53Z
updated_date: 2018-07-06T10:40:08Z
expiration_date: 2019-07-08T23:59:59Z
name_servers: ns1.undeveloped.com,ns2.undeveloped.com
domain_dnssec: unsigned

registrant
id: 
name: 
organization: 
street: 
street_ext: 
city: 
province: Pennsylvania
postal_code: 
country: US
phone: 
phone_ext: 
fax: 
fax_ext: 
email: select contact domain holder link at https://www.godaddy.com/whois/results.aspx?domain=mjj.us

admin
id: 
name: 
organization: 
street: 
street_ext: 
city: 
province: 
postal_code: 
country: 
phone: 
phone_ext: 
fax: 
fax_ext: 
email: select contact domain holder link at https://www.godaddy.com/whois/results.aspx?domain=mjj.us

tech
id: 
name: 
organization: 
street: 
street_ext: 
city: 
province: 
postal_code: 
country: 
phone: 
phone_ext: 
fax: 
fax_ext: 
email: select contact domain holder link at https://www.godaddy.com/whois/results.aspx?domain=mjj.us

bill
id: 
name: 
organization: 
street: 
street_ext: 
city: 
province: 
postal_code: 
country: 
phone: 
phone_ext: 
fax: 
fax_ext: 
email: 
