registrar_id: 
registrar_name: REGRU-RU
whois_server: 
referral_url: 
domain_id: 
domain_name: MJJ.RU
domain_status: registered,delegated,unverified
created_date: 2014-09-25T13:06:18Z
updated_date: 
expiration_date: 2019-09-25T14:06:18Z
name_servers: ns1.domainparking.ru,ns2.domainparking.ru
domain_dnssec: 

registrant
id: 
name: 
organization: 
street: 
street_ext: 
city: 
province: 
postal_code: 
country: 
phone: 
phone_ext: 
fax: 
fax_ext: 
email: 

admin
id: 
name: http://www.reg.ru/whois/admin_contact
organization: 
street: 
street_ext: 
city: 
province: 
postal_code: 
country: 
phone: 
phone_ext: 
fax: 
fax_ext: 
email: 

tech
id: 
name: 
organization: 
street: 
street_ext: 
city: 
province: 
postal_code: 
country: 
phone: 
phone_ext: 
fax: 
fax_ext: 
email: 

bill
id: 
name: 
organization: 
street: 
street_ext: 
city: 
province: 
postal_code: 
country: 
phone: 
phone_ext: 
fax: 
fax_ext: 
email: 
