registrar_id: 3775
registrar_name: ALIBABA.COM SINGAPORE E-COMMERCE PRIVATE LIMITED
whois_server: 
referral_url: 
domain_id: D425500000032899133-AGRS
domain_name: MJJ.ASIA
domain_status: ok
created_date: 2018-03-14T08:52:54Z
updated_date: 2018-05-13T21:15:59Z
expiration_date: 2019-03-14T08:52:54Z
name_servers: ns7.alidns.com,ns8.alidns.com
domain_dnssec: unsigned

registrant
id: 
name: 
organization: Nexperian Holding Limited
street: 
street_ext: 
city: 
province: Zhejiang
postal_code: 
country: CN
phone: 
phone_ext: 
fax: 
fax_ext: 
email: 

admin
id: 
name: 
organization: 
street: 
street_ext: 
city: 
province: 
postal_code: 
country: 
phone: 
phone_ext: 
fax: 
fax_ext: 
email: 

tech
id: 
name: 
organization: 
street: 
street_ext: 
city: 
province: 
postal_code: 
country: 
phone: 
phone_ext: 
fax: 
fax_ext: 
email: 

bill
id: 
name: 
organization: 
street: 
street_ext: 
city: 
province: 
postal_code: 
country: 
phone: 
phone_ext: 
fax: 
fax_ext: 
email: 
