registrar_id: 146
registrar_name: GoDaddy.com, LLC
whois_server: whois.godaddy.com
referral_url: http://www.godaddy.com
domain_id: D1000929-BIZ
domain_name: mjj.biz
domain_status: clienttransferprohibited,clientupdateprohibited,clientrenewprohibited,clientdeleteprohibited
created_date: 2001-11-07T09:26:56Z
updated_date: 2018-11-12T18:55:02Z
expiration_date: 2019-11-06T23:59:59Z
name_servers: ns41.domaincontrol.com,ns42.domaincontrol.com
domain_dnssec: unsigned

registrant
id: 
name: 
organization: Owned by the Estate of Michael Jackson
street: 
street_ext: 
city: 
province: California
postal_code: 
country: us
phone: 
phone_ext: 
fax: 
fax_ext: 
email: select contact domain holder link at https://www.godaddy.com/whois/results.aspx?domain=mjj.biz

admin
id: 
name: 
organization: 
street: 
street_ext: 
city: 
province: 
postal_code: 
country: 
phone: 
phone_ext: 
fax: 
fax_ext: 
email: select contact domain holder link at https://www.godaddy.com/whois/results.aspx?domain=mjj.biz

tech
id: 
name: 
organization: 
street: 
street_ext: 
city: 
province: 
postal_code: 
country: 
phone: 
phone_ext: 
fax: 
fax_ext: 
email: select contact domain holder link at https://www.godaddy.com/whois/results.aspx?domain=mjj.biz

bill
id: 
name: 
organization: 
street: 
street_ext: 
city: 
province: 
postal_code: 
country: 
phone: 
phone_ext: 
fax: 
fax_ext: 
email: 
