registrar_id: 146
registrar_name: GoDaddy.com, LLC
whois_server: whois.godaddy.com
referral_url: http://www.godaddy.com
domain_id: D108500000001619032-AGRS
domain_name: mjj.me
domain_status: clienttransferprohibited,clientupdateprohibited,clientrenewprohibited,clientdeleteprohibited
created_date: 2010-11-05T08:42:35Z
updated_date: 2018-10-23T10:06:31Z
expiration_date: 2019-11-05T08:42:35Z
name_servers: f1g1ns1.dnspod.net,f1g1ns2.dnspod.net
domain_dnssec: unsigned

registrant
id: 
name: 
organization: renhaiming
street: 
street_ext: 
city: 
province: Heilongjiang
postal_code: 
country: CN
phone: 
phone_ext: 
fax: 
fax_ext: 
email: select contact domain holder link at https://www.godaddy.com/whois/results.aspx?domain=mjj.me

admin
id: 
name: 
organization: 
street: 
street_ext: 
city: 
province: 
postal_code: 
country: 
phone: 
phone_ext: 
fax: 
fax_ext: 
email: select contact domain holder link at https://www.godaddy.com/whois/results.aspx?domain=mjj.me

tech
id: 
name: 
organization: 
street: 
street_ext: 
city: 
province: 
postal_code: 
country: 
phone: 
phone_ext: 
fax: 
fax_ext: 
email: select contact domain holder link at https://www.godaddy.com/whois/results.aspx?domain=mjj.me

bill
id: 
name: 
organization: 
street: 
street_ext: 
city: 
province: 
postal_code: 
country: 
phone: 
phone_ext: 
fax: 
fax_ext: 
email: 
