registrar_id: 146
registrar_name: GODADDY.COM, LLC
whois_server: whois.godaddy.com
referral_url: http://registrar.godaddy.com
domain_id: 27075471_DOMAIN_COM-VRSN
domain_name: MJJ.COM
domain_status: clientdeleteprohibited,clientrenewprohibited,clienttransferprohibited,clientupdateprohibited
created_date: 15-may-2000
updated_date: 28-feb-2014
expiration_date: 15-may-2015
name_servers: buy.internettraffic.com,sell.internettraffic.com
domain_dnssec: unsigned

registrant
id: 
name: 
organization: NameZoom
street: Bryan Graves 6431BakerRd Seaford, DE 19973
street_ext: 
city: 
province: 
postal_code: 
country: United States
phone: 
phone_ext: 
fax: 
fax_ext: 
email: nocontactsfound@secureserver.net

admin
id: 
name: 
organization: NameZoom
street: Bryan Graves  6431BakerRd Seaford, DE 19973
street_ext: 
city: 
province: 
postal_code: 
country: United States
phone: 3024762700
phone_ext: 
fax: 
fax_ext: 
email: closeout@gmail.com

tech
id: 
name: Bryan Graves
organization: NameZoom
street: 6431BakerRd Seaford, DE 19973
street_ext: 
city: 
province: 
postal_code: 
country: United States
phone: 3024762700
phone_ext: 
fax: 
fax_ext: 
email: closeout@gmail.com

bill
id: 
name: 
organization: 
street: 
street_ext: 
city: 
province: 
postal_code: 
country: 
phone: 
phone_ext: 
fax: 
fax_ext: 
email: 
