registrar_id: 472
registrar_name: DYNADOT LLC
whois_server: whois.dynadot.com
referral_url: http://www.dynadot.com
domain_id: 92566600_DOMAIN_TV-VRSN
domain_name: MJJ.TV
domain_status: clienttransferprohibited
created_date: 2010-05-16T01:02:27.0Z
updated_date: 2018-04-06T02:25:29.0Z
expiration_date: 2019-05-16T01:02:27.0Z
name_servers: ns1.dynadot.com,ns2.dynadot.com
domain_dnssec: unsigned

registrant
id: 
name: LIQIANG
organization: 
street: shandonglinyishuanglingluzhongduan
street_ext: 
city: linyi
province: shandong
postal_code: 276000
country: CN
phone: +86.15653970961
phone_ext: 
fax: 
fax_ext: 
email: yimeng@yandex.ru

admin
id: 
name: LIQIANG
organization: 
street: shandonglinyishuanglingluzhongduan
street_ext: 
city: linyi
province: shandong
postal_code: 276000
country: CN
phone: +86.15653970961
phone_ext: 
fax: 
fax_ext: 
email: yimeng@yandex.ru

tech
id: 
name: LIQIANG
organization: 
street: shandonglinyishuanglingluzhongduan
street_ext: 
city: linyi
province: shandong
postal_code: 276000
country: CN
phone: +86.15653970961
phone_ext: 
fax: 
fax_ext: 
email: yimeng@yandex.ru

bill
id: 
name: 
organization: 
street: 
street_ext: 
city: 
province: 
postal_code: 
country: 
phone: 
phone_ext: 
fax: 
fax_ext: 
email: 
