registrar_id: 
registrar_name: Hong Kong Domain Name Registration Company Limited
whois_server: 
referral_url: 
domain_id: 
domain_name: MJJ.HK
domain_status: overdue
created_date: 22-07-2008
updated_date: 
expiration_date: 23-07-2014
name_servers: ns5.hkdnr.net.hk,ns6.hkdnr.net.hk
domain_dnssec: 

registrant
id: 
name: 
organization: 
street: 
street_ext: 
city: 
province: 
postal_code: 
country: 
phone: 
phone_ext: 
fax: 
fax_ext: 
email: 

admin
id: 
name: 
organization: 
street: 
street_ext: 
city: 
province: 
postal_code: 
country: 
phone: 
phone_ext: 
fax: 
fax_ext: 
email: 

tech
id: 
name: 
organization: 
street: 
street_ext: 
city: 
province: 
postal_code: 
country: 
phone: 
phone_ext: 
fax: 
fax_ext: 
email: 

bill
id: 
name: 
organization: 
street: 
street_ext: 
city: 
province: 
postal_code: 
country: 
phone: 
phone_ext: 
fax: 
fax_ext: 
email: 
