registrar_id: 48
registrar_name: ENOM, INC.
whois_server: WHOIS.ENOM.COM
referral_url: WWW.ENOM.COM
domain_id: 1558436_DOMAIN_NET-VRSN
domain_name: mjj.net
domain_status: clienttransferprohibited,registrar-lock*
created_date: 1998-04-02T05:00:00.00Z
updated_date: 2018-03-31T20:12:49.00Z
expiration_date: 2019-04-01T04:00:00.00Z
name_servers: dns1.name-services.com,dns2.name-services.com,dns3.name-services.com,dns4.name-services.com,dns5.name-services.com
domain_dnssec: UNSIGNED

registrant
id: 
name: REDACTED FOR PRIVACY
organization: REDACTED FOR PRIVACY
street: REDACTED FOR PRIVACY
street_ext: 
city: REDACTED FOR PRIVACY
province: REDACTED FOR PRIVACY
postal_code: REDACTED FOR PRIVACY
country: REDACTED FOR PRIVACY
phone: REDACTED FOR PRIVACY
phone_ext: 
fax: REDACTED FOR PRIVACY
fax_ext: 
email: redacted for privacy

admin
id: 
name: REDACTED FOR PRIVACY
organization: REDACTED FOR PRIVACY
street: REDACTED FOR PRIVACY
street_ext: 
city: REDACTED FOR PRIVACY
province: REDACTED FOR PRIVACY
postal_code: REDACTED FOR PRIVACY
country: REDACTED FOR PRIVACY
phone: REDACTED FOR PRIVACY
phone_ext: 
fax: REDACTED FOR PRIVACY
fax_ext: 
email: redacted for privacy

tech
id: 
name: REDACTED FOR PRIVACY
organization: REDACTED FOR PRIVACY
street: REDACTED FOR PRIVACY
street_ext: 
city: REDACTED FOR PRIVACY
province: REDACTED FOR PRIVACY
postal_code: REDACTED FOR PRIVACY
country: REDACTED FOR PRIVACY
phone: REDACTED FOR PRIVACY
phone_ext: 
fax: REDACTED FOR PRIVACY
fax_ext: 
email: redacted for privacy

bill
id: 
name: 
organization: 
street: 
street_ext: 
city: 
province: 
postal_code: 
country: 
phone: 
phone_ext: 
fax: 
fax_ext: 
email: 
