registrar_id: 
registrar_name: Inames Co., Ltd.(http://www.inames.co.kr)
whois_server: 
referral_url: 
domain_id: 
domain_name: mjj.kr
domain_status: 
created_date: 2013. 09. 26.
updated_date: 2013. 09. 26.
expiration_date: 2016. 09. 26.
name_servers: ns.basehosting.co.kr,ns1.basehosting.co.kr,ns2.basehosting.co.kr,ns3.basehosting.co.kr
domain_dnssec: 

registrant
id: 
name: KIM WON KI
organization: 
street: 
street_ext: 
city: 
province: 
postal_code: 
country: 
phone: 
phone_ext: 
fax: 
fax_ext: 
email: 

admin
id: 
name: KIM WON KI
organization: 
street: 
street_ext: 
city: 
province: 
postal_code: 
country: 
phone: 
phone_ext: 
fax: 
fax_ext: 
email: 

tech
id: 
name: 
organization: 
street: 
street_ext: 
city: 
province: 
postal_code: 
country: 
phone: 
phone_ext: 
fax: 
fax_ext: 
email: 

bill
id: 
name: 
organization: 
street: 
street_ext: 
city: 
province: 
postal_code: 
country: 
phone: 
phone_ext: 
fax: 
fax_ext: 
email: 
