registrar_id: 303
registrar_name: PDR Ltd. d/b/a PublicDomainRegistry.com
whois_server: 
referral_url: http://www.PublicDomainRegistry.com
domain_id: D503300000115507533-LRMS
domain_name: MJJ.MOBI
domain_status: clienttransferprohibited
created_date: 2018-07-07T11:33:47Z
updated_date: 2018-09-05T20:31:29Z
expiration_date: 2021-07-07T11:33:47Z
name_servers: coge318280.venus.orderbox-dns.com,coge318280.mercury.orderbox-dns.com
domain_dnssec: unsigned

registrant
id: 
name: 
organization: wenqiang wei
street: 
street_ext: 
city: 
province: Zhejiang
postal_code: 
country: CN
phone: 
phone_ext: 
fax: 
fax_ext: 
email: 

admin
id: 
name: 
organization: 
street: 
street_ext: 
city: 
province: 
postal_code: 
country: 
phone: 
phone_ext: 
fax: 
fax_ext: 
email: 

tech
id: 
name: 
organization: 
street: 
street_ext: 
city: 
province: 
postal_code: 
country: 
phone: 
phone_ext: 
fax: 
fax_ext: 
email: 

bill
id: 
name: 
organization: 
street: 
street_ext: 
city: 
province: 
postal_code: 
country: 
phone: 
phone_ext: 
fax: 
fax_ext: 
email: 
