registrar_id: 1626
registrar_name: Domainbox Limited
whois_server: 
referral_url: www.domainbox.com
domain_id: D1224290-CO
domain_name: mjj.co
domain_status: ok
created_date: 2010-07-20T18:13:41Z
updated_date: 2018-08-20T02:53:35Z
expiration_date: 2019-07-19T23:59:59Z
name_servers: ns1.sedoparking.com,ns2.sedoparking.com
domain_dnssec: unsigned

registrant
id: 
name: 
organization: 
street: 
street_ext: 
city: 
province: jiangsu
postal_code: 
country: CN
phone: 
phone_ext: 
fax: 
fax_ext: 
email: please query the rdds service of the registrar of record identified in this output for information on how to contact the registrant, admin, or tech contact of the queried domain name.

admin
id: 
name: 
organization: 
street: 
street_ext: 
city: 
province: 
postal_code: 
country: 
phone: 
phone_ext: 
fax: 
fax_ext: 
email: please query the rdds service of the registrar of record identified in this output for information on how to contact the registrant, admin, or tech contact of the queried domain name.

tech
id: 
name: 
organization: 
street: 
street_ext: 
city: 
province: 
postal_code: 
country: 
phone: 
phone_ext: 
fax: 
fax_ext: 
email: please query the rdds service of the registrar of record identified in this output for information on how to contact the registrant, admin, or tech contact of the queried domain name.

bill
id: 
name: 
organization: 
street: 
street_ext: 
city: 
province: 
postal_code: 
country: 
phone: 
phone_ext: 
fax: 
fax_ext: 
email: 
