registrar_id: 
registrar_name: 厦门易名科技有限公司（原厦门易名网络科技有限公司）
whois_server: 
referral_url: 
domain_id: 20060704s10001s56772678-cn
domain_name: mjj.cn
domain_status: clientdeleteprohibited,clienttransferprohibited
created_date: 2006-07-04 19:47:07
updated_date: 
expiration_date: 2020-07-04 19:47:07
name_servers: dns1.iidns.com,dns2.iidns.com,dns3.iidns.com,dns4.iidns.com,dns5.iidns.com,dns6.iidns.com
domain_dnssec: unsigned

registrant
id: ename_0bgf309imq
name: 深圳市华源轩家具股份有限公司
organization: 
street: 
street_ext: 
city: 
province: 
postal_code: 
country: 
phone: 
phone_ext: 
fax: 
fax_ext: 
email: xsc@cn-furniture.com

admin
id: 
name: 
organization: 
street: 
street_ext: 
city: 
province: 
postal_code: 
country: 
phone: 
phone_ext: 
fax: 
fax_ext: 
email: 

tech
id: 
name: 
organization: 
street: 
street_ext: 
city: 
province: 
postal_code: 
country: 
phone: 
phone_ext: 
fax: 
fax_ext: 
email: 

bill
id: 
name: 
organization: 
street: 
street_ext: 
city: 
province: 
postal_code: 
country: 
phone: 
phone_ext: 
fax: 
fax_ext: 
email: 
