
domain
id: 
domain: yp.mo
name: yp
extension: mo
status: 
dnssec: 
whois_server: 
name_servers: kim.ns.cloudflare.com,art.ns.cloudflare.com
created_date: 2005-04-15 21:43:27 +0000 UTC
updated_date: 0001-01-01 00:00:00 +0000 UTC
expiration_date: 2020-11-02 00:00:00 +0000 UTC

registrar
id: 
name: 
organization: 
street: 
city: 
province: 
postal_code: 
country: 
phone: 
phone_ext: 
fax: 
fax_ext: 
email: 
referral_url: 

registrant
id: 
name: George Shew
organization: Directel Macau Ltd.
street: Alm.Dr. Carlos d'Assumpcao 411-417, Dynasty Plaza 21/O
city: Macau
province: 
postal_code: 
country: 
phone: 28517520
phone_ext: 
fax: 28517523
fax_ext: 
email: george@yp.mo
referral_url: 

administrative
id: 
name: Simon Leung
organization: Directel Macau Ltd.
street: Alm.Dr. Carlos d'Assumpcao 411-417, Dynasty Plaza 21/O
city: Macau
province: 
postal_code: 
country: 
phone: 28517520
phone_ext: 
fax: 28517523
fax_ext: 
email: domain@yp.com.mo
referral_url: 

technical
id: 
name: Simon Leung
organization: Directel Macau Ltd.
street: Alm Dr. Carlos d'Assumpcao 411-417, Edf. Dynasty Plaza 21
city: Macau
province: 
postal_code: 
country: 
phone: 28517520
phone_ext: 
fax: 28517523
fax_ext: 
email: simon.leung@yp.com.mo
referral_url: 

billing
id: 
name: Eliza Loi
organization: Directel Macau Ltd.
street: Alm Dr. Carlos d'Assumpcao 411-417, Edf. Dynasty Plaza 21
city: Macau
province: 
postal_code: 
country: 
phone: 28517520
phone_ext: 
fax: 28517523
fax_ext: 
email: eliza.loi@yp.com.mo
referral_url: 
