
domain
id: D102500000008551731-LRMS
domain: GIT.MOBI
name: git
extension: mobi
status: clienttransferprohibited,clientupdateprohibited
dnssec: unsigned
whois_server: whois.rebel.com
name_servers: ns1.parklogic.com,ns2.parklogic.com
created_date: 2015-05-19 03:25:15 +0000 UTC
updated_date: 2019-08-25 04:21:56 +0000 UTC
expiration_date: 2020-05-19 03:25:15 +0000 UTC

registrar
id: 600
name: Rebel.com Corp.
organization: 
street: 
city: 
province: 
postal_code: 
country: 
phone: +1.8664973235
phone_ext: 
fax: 
fax_ext: 
email: abuse@rebel.com
referral_url: http://www.rebel.com

registrant
id: 
name: 
organization: DotBadger Domains
street: 
city: 
province: Praha
postal_code: 
country: CZ
phone: 
phone_ext: 
fax: 
fax_ext: 
email: 
referral_url: 

administrative
id: 
name: 
organization: 
street: 
city: 
province: 
postal_code: 
country: 
phone: 
phone_ext: 
fax: 
fax_ext: 
email: 
referral_url: 

technical
id: 
name: 
organization: 
street: 
city: 
province: 
postal_code: 
country: 
phone: 
phone_ext: 
fax: 
fax_ext: 
email: 
referral_url: 

billing
id: 
name: 
organization: 
street: 
city: 
province: 
postal_code: 
country: 
phone: 
phone_ext: 
fax: 
fax_ext: 
email: 
referral_url: 
