
domain
id: DOM000000582523-MUSEUM
domain: sea.museum
name: sea
extension: museum
status: clienttransferprohibited
dnssec: unsigned
whois_server: whois.nic.museum
name_servers: ns01.trademarkarea.com,ns02.trademarkearea.com,ns03.trademarkarea.com
created_date: 2018-10-23 14:02:32 +0000 UTC
updated_date: 2019-10-14 09:15:14 +0000 UTC
expiration_date: 2020-10-23 14:02:33 +0000 UTC

registrar
id: 111
name: Secura GmbH
organization: 
street: 
city: 
province: 
postal_code: 
country: 
phone: +49 221 2571213
phone_ext: 
fax: 
fax_ext: 
email: abuse@domainregistry.de
referral_url: 

registrant
id: REDACTED FOR PRIVACY
name: REDACTED FOR PRIVACY
organization: 
street: REDACTED FOR PRIVACY
city: REDACTED FOR PRIVACY
province: 
postal_code: REDACTED FOR PRIVACY
country: AU
phone: REDACTED FOR PRIVACY
phone_ext: 
fax: REDACTED FOR PRIVACY
fax_ext: 
email: please query the rdds service of the registrar of record identified in this output for information on how to contact the registrant, admin, or tech contact of the queried domain name.
referral_url: 

administrative
id: REDACTED FOR PRIVACY
name: REDACTED FOR PRIVACY
organization: REDACTED FOR PRIVACY
street: REDACTED FOR PRIVACY
city: REDACTED FOR PRIVACY
province: REDACTED FOR PRIVACY
postal_code: REDACTED FOR PRIVACY
country: REDACTED FOR PRIVACY
phone: REDACTED FOR PRIVACY
phone_ext: 
fax: REDACTED FOR PRIVACY
fax_ext: 
email: please query the rdds service of the registrar of record identified in this output for information on how to contact the registrant, admin, or tech contact of the queried domain name.
referral_url: 

technical
id: REDACTED FOR PRIVACY
name: REDACTED FOR PRIVACY
organization: REDACTED FOR PRIVACY
street: REDACTED FOR PRIVACY
city: REDACTED FOR PRIVACY
province: REDACTED FOR PRIVACY
postal_code: REDACTED FOR PRIVACY
country: REDACTED FOR PRIVACY
phone: REDACTED FOR PRIVACY
phone_ext: 
fax: REDACTED FOR PRIVACY
fax_ext: 
email: please query the rdds service of the registrar of record identified in this output for information on how to contact the registrant, admin, or tech contact of the queried domain name.
referral_url: 

billing
id: 
name: 
organization: 
street: 
city: 
province: 
postal_code: 
country: 
phone: 
phone_ext: 
fax: 
fax_ext: 
email: 
referral_url: 
