registrar_id: 1420
registrar_name: INWX GMBH & Co. KG
registrar_organization: 
registrar_phone: +4930983212121
registrar_email: abuse@inwx.com
registrar_reseller: 
whois_server: 
referral_url: https://inwx.de
domain_id: DOM000001477194-MUSEUM
domain_name: google.museum
domain_status: clienttransferprohibited
created_date: 2019-05-02T09:18:21Z
updated_date: 2019-05-02T09:18:25Z
expiration_date: 2020-05-02T09:18:22Z
name_servers: ns.inwx.de,ns2.inwx.de,ns3.inwx.eu,ns4.inwx.com,ns5.inwx.net
domain_dnssec: unsigned

registrant
id: REDACTED FOR PRIVACY
name: REDACTED FOR PRIVACY
organization: 
street: REDACTED FOR PRIVACY
city: REDACTED FOR PRIVACY
province: 
postal_code: REDACTED FOR PRIVACY
country: DE
phone: REDACTED FOR PRIVACY
phone_ext: 
fax: REDACTED FOR PRIVACY
fax_ext: 
email: please query the rdds service of the registrar of record identified in this output for information on how to contact the registrant, admin, or tech contact of the queried domain name.

admin
id: REDACTED FOR PRIVACY
name: REDACTED FOR PRIVACY
organization: REDACTED FOR PRIVACY
street: REDACTED FOR PRIVACY
city: REDACTED FOR PRIVACY
province: REDACTED FOR PRIVACY
postal_code: REDACTED FOR PRIVACY
country: REDACTED FOR PRIVACY
phone: REDACTED FOR PRIVACY
phone_ext: 
fax: REDACTED FOR PRIVACY
fax_ext: 
email: please query the rdds service of the registrar of record identified in this output for information on how to contact the registrant, admin, or tech contact of the queried domain name.

tech
id: REDACTED FOR PRIVACY
name: REDACTED FOR PRIVACY
organization: REDACTED FOR PRIVACY
street: REDACTED FOR PRIVACY
city: REDACTED FOR PRIVACY
province: REDACTED FOR PRIVACY
postal_code: REDACTED FOR PRIVACY
country: REDACTED FOR PRIVACY
phone: REDACTED FOR PRIVACY
phone_ext: 
fax: REDACTED FOR PRIVACY
fax_ext: 
email: please query the rdds service of the registrar of record identified in this output for information on how to contact the registrant, admin, or tech contact of the queried domain name.

bill
id: 
name: 
organization: 
street: 
city: 
province: 
postal_code: 
country: 
phone: 
phone_ext: 
fax: 
fax_ext: 
email: 
