
domain
id: 134538139_DOMAIN_NAME-VRSN
domain: GOOGLE.NAME
name: google
extension: name
status: servertransferprohibited,serverupdateprohibited,serverdeleteprohibited
dnssec: 
whois_server: 
name_servers: 
created_date: 0001-01-01 00:00:00 +0000 UTC
updated_date: 0001-01-01 00:00:00 +0000 UTC
expiration_date: 0001-01-01 00:00:00 +0000 UTC

registrar
id: 292
name: MarkMonitor Inc.
organization: 
street: 
city: 
province: 
postal_code: 
country: 
phone: 
phone_ext: 
fax: 
fax_ext: 
email: 
referral_url: 

registrant
id: 
name: 
organization: 
street: 
city: 
province: 
postal_code: 
country: 
phone: 
phone_ext: 
fax: 
fax_ext: 
email: 
referral_url: 

administrative
id: 
name: 
organization: 
street: 
city: 
province: 
postal_code: 
country: 
phone: 
phone_ext: 
fax: 
fax_ext: 
email: 
referral_url: 

technical
id: 
name: 
organization: 
street: 
city: 
province: 
postal_code: 
country: 
phone: 
phone_ext: 
fax: 
fax_ext: 
email: 
referral_url: 

billing
id: 
name: 
organization: 
street: 
city: 
province: 
postal_code: 
country: 
phone: 
phone_ext: 
fax: 
fax_ext: 
email: 
referral_url: 
