registrar_id: 420
registrar_name: Alibaba Cloud Computing (Beijing) Co., Ltd.
registrar_organization: 
registrar_phone: 
registrar_email: 
registrar_reseller: 
whois_server: 
referral_url: 
domain_id: 135788597_DOMAIN_NAME-VRSN
domain_name: GITHUB.NAME
domain_status: ok
created_date: 
updated_date: 
expiration_date: 
name_servers: 
domain_dnssec: 

registrant
id: 
name: 
organization: 
street: 
street_ext: 
city: 
province: 
postal_code: 
country: 
phone: 
phone_ext: 
fax: 
fax_ext: 
email: 

admin
id: 
name: 
organization: 
street: 
street_ext: 
city: 
province: 
postal_code: 
country: 
phone: 
phone_ext: 
fax: 
fax_ext: 
email: 

tech
id: 
name: 
organization: 
street: 
street_ext: 
city: 
province: 
postal_code: 
country: 
phone: 
phone_ext: 
fax: 
fax_ext: 
email: 

bill
id: 
name: 
organization: 
street: 
street_ext: 
city: 
province: 
postal_code: 
country: 
phone: 
phone_ext: 
fax: 
fax_ext: 
email: 
