
domain
id: 6683836_DOMAIN_NET-VRSN
domain: gandi.net
name: gandi
extension: net
status: clientdeleteprohibited,clienttransferprohibited,clientupdateprohibited
dnssec: unsigned
whois_server: whois.gandi.net
name_servers: dns0.gandi.net,dns1.gandi.net,dns2.gandi.net,dns3.gandi.net,dns4.gandi.net,dns6.gandi.net
created_date: 1999-05-21 14:09:21 +0000 UTC
updated_date: 2017-11-06 13:14:01 +0000 UTC
expiration_date: 2025-05-21 14:09:56 +0000 UTC

registrar
id: 81
name: GANDI SAS
organization: 
street: 
city: 
province: 
postal_code: 
country: 
phone: +33.170377661
phone_ext: 
fax: 
fax_ext: 
email: abuse@support.gandi.net
referral_url: http://www.gandi.net

registrant
id: REDACTED FOR PRIVACY
name: REDACTED FOR PRIVACY
organization: Gandi SAS
street: REDACTED FOR PRIVACY
city: REDACTED FOR PRIVACY
province: 
postal_code: REDACTED FOR PRIVACY
country: FR
phone: REDACTED FOR PRIVACY
phone_ext: 
fax: REDACTED FOR PRIVACY
fax_ext: 
email: 1c3a11bd1da2ad84dde09bcc831747a8-523678@contact.gandi.net
referral_url: 

administrative
id: REDACTED FOR PRIVACY
name: REDACTED FOR PRIVACY
organization: REDACTED FOR PRIVACY
street: REDACTED FOR PRIVACY
city: REDACTED FOR PRIVACY
province: REDACTED FOR PRIVACY
postal_code: REDACTED FOR PRIVACY
country: REDACTED FOR PRIVACY
phone: REDACTED FOR PRIVACY
phone_ext: 
fax: REDACTED FOR PRIVACY
fax_ext: 
email: 3521bef593b0080b0644bce75aa22a5d-248842@contact.gandi.net
referral_url: 

technical
id: REDACTED FOR PRIVACY
name: REDACTED FOR PRIVACY
organization: REDACTED FOR PRIVACY
street: REDACTED FOR PRIVACY
city: REDACTED FOR PRIVACY
province: REDACTED FOR PRIVACY
postal_code: REDACTED FOR PRIVACY
country: REDACTED FOR PRIVACY
phone: REDACTED FOR PRIVACY
phone_ext: 
fax: REDACTED FOR PRIVACY
fax_ext: 
email: 3521bef593b0080b0644bce75aa22a5d-248842@contact.gandi.net
referral_url: 

billing
id: 
name: 
organization: 
street: 
city: 
province: 
postal_code: 
country: 
phone: 
phone_ext: 
fax: 
fax_ext: 
email: 
referral_url: 
