registrar_id: 1387
registrar_name: 1API GmbH
registrar_organization: 
registrar_phone: +49.68416984x200
registrar_email: abuse@1api.net
registrar_reseller: HEXONET GmbH http://www.hexonet.net
whois_server: whois.1api.net
referral_url: http://www.1api.net
domain_id: 52772224_DOMAIN_NET-VRSN
domain_name: HEXONET.NET
domain_status: clienttransferprohibited
created_date: 2001-01-20T13:40:16Z
updated_date: 2017-02-28T09:53:46Z
expiration_date: 2021-01-20T13:40:16Z
name_servers: ns1012.hexonet.net,ns2012.hexonet.net,ns3012.hexonet.net
domain_dnssec: unsigned

registrant
id: 
name: REDACTED FOR PRIVACY
organization: REDACTED FOR PRIVACY
street: REDACTED FOR PRIVACY
city: REDACTED FOR PRIVACY
province: Saarland
postal_code: REDACTED FOR PRIVACY
country: DE
phone: REDACTED FOR PRIVACY
phone_ext: 
fax: 
fax_ext: 
email: contact via https://www.1api.net/send-message/hexonet.net/registrant

admin
id: 
name: REDACTED FOR PRIVACY
organization: REDACTED FOR PRIVACY
street: REDACTED FOR PRIVACY
city: REDACTED FOR PRIVACY
province: REDACTED FOR PRIVACY
postal_code: REDACTED FOR PRIVACY
country: REDACTED FOR PRIVACY
phone: REDACTED FOR PRIVACY
phone_ext: 
fax: 
fax_ext: 
email: contact via https://www.1api.net/send-message/hexonet.net/admin

tech
id: 
name: REDACTED FOR PRIVACY
organization: REDACTED FOR PRIVACY
street: REDACTED FOR PRIVACY
city: REDACTED FOR PRIVACY
province: REDACTED FOR PRIVACY
postal_code: REDACTED FOR PRIVACY
country: REDACTED FOR PRIVACY
phone: REDACTED FOR PRIVACY
phone_ext: 
fax: 
fax_ext: 
email: contact via https://www.1api.net/send-message/hexonet.net/tech

bill
id: 
name: 
organization: 
street: 
city: 
province: 
postal_code: 
country: 
phone: 
phone_ext: 
fax: 
fax_ext: 
email: 
