registrar_id: 9999
registrar_name: Donuts Internal (9999)
whois_server: whois.donuts.co
referral_url: http://www.donuts.co
domain_id: a0fb5438b41f49579aadf206bdc8c063-DONUTS
domain_name: nic.technology
domain_status: servertransferprohibited
created_date: 2013-09-23T12:31:33Z
updated_date: 2018-11-07T12:32:11Z
expiration_date: 2019-09-23T12:31:33Z
name_servers: ns-1501.awsdns-59.org,ns-380.awsdns-47.com,ns-811.awsdns-37.net,ns-1597.awsdns-07.co.uk
domain_dnssec: unsigned

registrant
id: REDACTED FOR PRIVACY
name: REDACTED FOR PRIVACY
organization: Donuts Inc.
street: REDACTED FOR PRIVACY
street_ext: 
city: REDACTED FOR PRIVACY
province: WA
postal_code: REDACTED FOR PRIVACY
country: US
phone: REDACTED FOR PRIVACY
phone_ext: REDACTED FOR PRIVACY
fax: REDACTED FOR PRIVACY
fax_ext: REDACTED FOR PRIVACY
email: please query the rdds service of the registrar of record identified in this output for information on how to contact the registrant, admin, or tech contact of the queried domain name.

admin
id: REDACTED FOR PRIVACY
name: REDACTED FOR PRIVACY
organization: REDACTED FOR PRIVACY
street: REDACTED FOR PRIVACY
street_ext: 
city: REDACTED FOR PRIVACY
province: REDACTED FOR PRIVACY
postal_code: REDACTED FOR PRIVACY
country: REDACTED FOR PRIVACY
phone: REDACTED FOR PRIVACY
phone_ext: REDACTED FOR PRIVACY
fax: REDACTED FOR PRIVACY
fax_ext: REDACTED FOR PRIVACY
email: please query the rdds service of the registrar of record identified in this output for information on how to contact the registrant, admin, or tech contact of the queried domain name.

tech
id: REDACTED FOR PRIVACY
name: REDACTED FOR PRIVACY
organization: REDACTED FOR PRIVACY
street: REDACTED FOR PRIVACY
street_ext: 
city: REDACTED FOR PRIVACY
province: REDACTED FOR PRIVACY
postal_code: REDACTED FOR PRIVACY
country: REDACTED FOR PRIVACY
phone: REDACTED FOR PRIVACY
phone_ext: REDACTED FOR PRIVACY
fax: REDACTED FOR PRIVACY
fax_ext: REDACTED FOR PRIVACY
email: please query the rdds service of the registrar of record identified in this output for information on how to contact the registrant, admin, or tech contact of the queried domain name.

bill
id: 
name: 
organization: 
street: 
street_ext: 
city: 
province: 
postal_code: 
country: 
phone: 
phone_ext: 
fax: 
fax_ext: 
email: 
