
domain
id: 
domain: git.nl
name: git
extension: nl
status: active
dnssec: no
whois_server: 
name_servers: ns1.dan.com,ns2.dan.com
created_date: 0001-01-01 00:00:00 +0000 UTC
updated_date: 0001-01-01 00:00:00 +0000 UTC
expiration_date: 0001-01-01 00:00:00 +0000 UTC

registrar
id: 
name: NVA Online Advertising B.V.
organization: 
street: Opper 14, 5406CA UDEN, Netherlands
city: 
province: 
postal_code: 
country: 
phone: 
phone_ext: 
fax: 
fax_ext: 
email: 
referral_url: 

registrant
id: 
name: 
organization: 
street: 
city: 
province: 
postal_code: 
country: 
phone: 
phone_ext: 
fax: 
fax_ext: 
email: 
referral_url: 

administrative
id: 
name: 
organization: 
street: 
city: 
province: 
postal_code: 
country: 
phone: 
phone_ext: 
fax: 
fax_ext: 
email: 
referral_url: 

technical
id: 
name: 
organization: 
street: 
city: 
province: 
postal_code: 
country: 
phone: 
phone_ext: 
fax: 
fax_ext: 
email: 
referral_url: 

billing
id: 
name: 
organization: 
street: 
city: 
province: 
postal_code: 
country: 
phone: 
phone_ext: 
fax: 
fax_ext: 
email: 
referral_url: 
