
domain
id: 
domain: gre.nz
name: gre
extension: nz
status: 200
dnssec: no
whois_server: 
name_servers: ns-196-c.gandi.net,ns-110-a.gandi.net,ns-104-b.gandi.net
created_date: 0001-01-01 00:00:00 +0000 UTC
updated_date: 2020-01-02 04:55:45 +1300 +1300
expiration_date: 0001-01-01 00:00:00 +0000 UTC

registrar
id: 
name: Gandi
organization: 
street: 63/65 bd. Massena
city: Paris
province: 
postal_code: 
country: FR (FRANCE)
phone: +33 1 70393740
phone_ext: 
fax: +33 1 43731851
fax_ext: 
email: reg.nz-admin@gandi.net
referral_url: 

registrant
id: 
name: 
organization: 
street: 
city: 
province: 
postal_code: 
country: 
phone: 
phone_ext: 
fax: 
fax_ext: 
email: 
referral_url: 

administrative
id: 
name: 
organization: 
street: 
city: 
province: 
postal_code: 
country: 
phone: 
phone_ext: 
fax: 
fax_ext: 
email: 
referral_url: 

technical
id: 
name: 
organization: 
street: 
city: 
province: 
postal_code: 
country: 
phone: 
phone_ext: 
fax: 
fax_ext: 
email: 
referral_url: 

billing
id: 
name: 
organization: 
street: 
city: 
province: 
postal_code: 
country: 
phone: 
phone_ext: 
fax: 
fax_ext: 
email: 
referral_url: 
