registrar_id: 
registrar_name: Catalyst DNS Administrator
registrar_organization: 
registrar_phone: +64 4 499 2267
registrar_email: dns@catalyst.net.nz
registrar_reseller: 
whois_server: 
referral_url: 
domain_id: 
domain_name: vote.nz
domain_status: 200
created_date: 
updated_date: 2019-10-12T23:35:35+13:00
expiration_date: 
name_servers: ns3.catalyst.net.nz,ns4.catalyst.net.nz,ns1.catalyst.net.nz,ns2.catalyst.net.nz
domain_dnssec: no

registrant
id: 
name: 
organization: 
street: 
street_ext: 
city: 
province: 
postal_code: 
country: 
phone: 
phone_ext: 
fax: 
fax_ext: 
email: 

admin
id: 
name: 
organization: 
street: 
street_ext: 
city: 
province: 
postal_code: 
country: 
phone: 
phone_ext: 
fax: 
fax_ext: 
email: 

tech
id: 
name: 
organization: 
street: 
street_ext: 
city: 
province: 
postal_code: 
country: 
phone: 
phone_ext: 
fax: 
fax_ext: 
email: 

bill
id: 
name: 
organization: 
street: 
street_ext: 
city: 
province: 
postal_code: 
country: 
phone: 
phone_ext: 
fax: 
fax_ext: 
email: 
