
domain
id: D706686-LROR
domain: APACHE.ORG
name: apache
extension: org
status: clientdeleteprohibited,clienttransferprohibited
dnssec: unsigned
whois_server: whois.namecheap.com
name_servers: ns2.surfnet.nl,ns3.no-ip.com,ns2.no-ip.com,ns1.no-ip.com,ns4.no-ip.com
created_date: 1995-04-11 04:00:00 +0000 UTC
updated_date: 2019-11-24 10:32:55 +0000 UTC
expiration_date: 2029-04-12 04:00:00 +0000 UTC

registrar
id: 1068
name: NameCheap, Inc.
organization: 
street: 
city: 
province: 
postal_code: 
country: 
phone: +1.6613102107
phone_ext: 
fax: 
fax_ext: 
email: abuse@namecheap.com
referral_url: http://www.namecheap.com

registrant
id: 
name: 
organization: The Apache Software Foundation
street: 
city: 
province: MA
postal_code: 
country: US
phone: 
phone_ext: 
fax: 
fax_ext: 
email: 
referral_url: 

administrative
id: 
name: 
organization: 
street: 
city: 
province: 
postal_code: 
country: 
phone: 
phone_ext: 
fax: 
fax_ext: 
email: 
referral_url: 

technical
id: 
name: 
organization: 
street: 
city: 
province: 
postal_code: 
country: 
phone: 
phone_ext: 
fax: 
fax_ext: 
email: 
referral_url: 

billing
id: 
name: 
organization: 
street: 
city: 
province: 
postal_code: 
country: 
phone: 
phone_ext: 
fax: 
fax_ext: 
email: 
referral_url: 
