
domain
id: D150926227-LROR
domain: GITHUB.ORG
name: github
extension: org
status: clienttransferprohibited
dnssec: unsigned
whois_server: whois.enom.com
name_servers: ns1.dnsimple.com,ns2.dnsimple.com,ns3.dnsimple.com,ns4.dnsimple.com
created_date: 2008-02-09 02:07:09 +0000 UTC
updated_date: 2020-01-11 08:21:26 +0000 UTC
expiration_date: 2021-02-09 02:07:09 +0000 UTC

registrar
id: 48
name: eNom, Inc.
organization: 
street: 
city: 
province: 
postal_code: 
country: 
phone: +1.4252982646
phone_ext: 
fax: 
fax_ext: 
email: abuse@enom.com
referral_url: http://www.enom.com

registrant
id: 
name: 
organization: Github
street: 
city: 
province: CA
postal_code: 
country: US
phone: 
phone_ext: 
fax: 
fax_ext: 
email: 
referral_url: 

administrative
id: 
name: 
organization: 
street: 
city: 
province: 
postal_code: 
country: 
phone: 
phone_ext: 
fax: 
fax_ext: 
email: 
referral_url: 

technical
id: 
name: 
organization: 
street: 
city: 
province: 
postal_code: 
country: 
phone: 
phone_ext: 
fax: 
fax_ext: 
email: 
referral_url: 

billing
id: 
name: 
organization: 
street: 
city: 
province: 
postal_code: 
country: 
phone: 
phone_ext: 
fax: 
fax_ext: 
email: 
referral_url: 
