
domain
id: D107300000000011545-LRMS
domain: GOOGLE.PRO
name: google
extension: pro
status: clientdeleteprohibited,clienttransferprohibited,clientupdateprohibited
dnssec: unsigned
whois_server: whois.markmonitor.com
name_servers: ns1.google.com,ns2.google.com
created_date: 2008-07-22 00:00:00 +0000 UTC
updated_date: 2019-08-07 09:30:57 +0000 UTC
expiration_date: 2020-09-08 00:00:00 +0000 UTC

registrar
id: 292
name: MarkMonitor Inc.
organization: 
street: 
city: 
province: 
postal_code: 
country: 
phone: +1.2083895740
phone_ext: 
fax: 
fax_ext: 
email: abusecomplaints@markmonitor.com
referral_url: http://www.markmonitor.com

registrant
id: 
name: 
organization: Google Inc.
street: 
city: 
province: CA
postal_code: 
country: US
phone: 
phone_ext: 
fax: 
fax_ext: 
email: 
referral_url: 

administrative
id: 
name: 
organization: 
street: 
city: 
province: 
postal_code: 
country: 
phone: 
phone_ext: 
fax: 
fax_ext: 
email: 
referral_url: 

technical
id: 
name: 
organization: 
street: 
city: 
province: 
postal_code: 
country: 
phone: 
phone_ext: 
fax: 
fax_ext: 
email: 
referral_url: 

billing
id: 
name: 
organization: 
street: 
city: 
province: 
postal_code: 
country: 
phone: 
phone_ext: 
fax: 
fax_ext: 
email: 
referral_url: 
