registrar_id: 
registrar_name: EgenSajt.se
whois_server: 
referral_url: 
domain_id: 
domain_name: prq.se
domain_status: active,ok
created_date: 2004-06-14
updated_date: 2019-01-15
expiration_date: 2020-06-14
name_servers: ns.prq.se,ns2.prq.se
domain_dnssec: unsigned delegation

registrant
id: 
name: (not shown)
organization: 
street: 
street_ext: 
city: 
province: 
postal_code: 
country: 
phone: 
phone_ext: 
fax: 
fax_ext: 
email: 

admin
id: -
name: 
organization: 
street: 
street_ext: 
city: 
province: 
postal_code: 
country: 
phone: 
phone_ext: 
fax: 
fax_ext: 
email: 

tech
id: -
name: 
organization: 
street: 
street_ext: 
city: 
province: 
postal_code: 
country: 
phone: 
phone_ext: 
fax: 
fax_ext: 
email: 

bill
id: -
name: 
organization: 
street: 
street_ext: 
city: 
province: 
postal_code: 
country: 
phone: 
phone_ext: 
fax: 
fax_ext: 
email: 
