
domain
id: 
domain: git.re
name: git
extension: re
status: active
dnssec: 
whois_server: 
name_servers: dns1.yandex.net,dns2.yandex.net
created_date: 2018-03-13 18:39:24 +0000 UTC
updated_date: 2019-06-21 07:43:29 +0000 UTC
expiration_date: 2022-03-13 18:39:24 +0000 UTC

registrar
id: 
name: TLD Registrar Solutions Ltd
organization: 
street: 35-39 Moorgate, Level 1, EC2R 6AR LONDON
city: 
province: 
postal_code: 
country: GB
phone: +44 2034357304
phone_ext: 
fax: 
fax_ext: 
email: admin@tldregistrarsolutions.com
referral_url: https://internetbs.net/en/domain-name-registrations/price.html?setCurrency=EUR

registrant
id: ANO00-FRNIC
name: Ano Nymous
organization: 
street: 
city: 
province: 
postal_code: 
country: 
phone: 
phone_ext: 
fax: 
fax_ext: 
email: 
referral_url: 

administrative
id: ANO00-FRNIC
name: Ano Nymous
organization: 
street: 
city: 
province: 
postal_code: 
country: 
phone: 
phone_ext: 
fax: 
fax_ext: 
email: 
referral_url: 

technical
id: DA55158-FRNIC
name: Domain Admin
organization: 
street: TLD Registrar Solutions Ltd, Lvl 1, 35-39 Moorgate, EC2R 6AR London
city: 
province: 
postal_code: 
country: GB
phone: +44.2034357312
phone_ext: 
fax: +44.2033880601
fax_ext: 
email: admin@tldregistrarsolutions.com
referral_url: 

billing
id: 
name: 
organization: 
street: 
city: 
province: 
postal_code: 
country: 
phone: 
phone_ext: 
fax: 
fax_ext: 
email: 
referral_url: 
