registrar_id: 1068
registrar_name: NAMECHEAP INC
whois_server: whois.namecheap.com
referral_url: http://www.namecheap.com
domain_id: 1782145281_DOMAIN_NET-VRSN
domain_name: redonate.net
domain_status: clienttransferprohibited,renewperiod
created_date: 2013-02-23T04:21:43.00Z
updated_date: 2018-02-16T11:25:08.00Z
expiration_date: 2019-02-23T04:21:43.00Z
name_servers: ns1.he.net,ns2.he.net,ns3.he.net,ns4.he.net,ns5.he.net
domain_dnssec: unsigned

registrant
id: 
name: WhoisGuard Protected
organization: WhoisGuard, Inc.
street: P.O. Box 0823-03411
street_ext: 
city: Panama
province: Panama
postal_code: 
country: PA
phone: +507.8365503
phone_ext: 
fax: +51.17057182
fax_ext: 
email: cac4bb0f72c443cdbb7c4e04669549c9.protect@whoisguard.com

admin
id: 
name: WhoisGuard Protected
organization: WhoisGuard, Inc.
street: P.O. Box 0823-03411
street_ext: 
city: Panama
province: Panama
postal_code: 
country: PA
phone: +507.8365503
phone_ext: 
fax: +51.17057182
fax_ext: 
email: cac4bb0f72c443cdbb7c4e04669549c9.protect@whoisguard.com

tech
id: 
name: WhoisGuard Protected
organization: WhoisGuard, Inc.
street: P.O. Box 0823-03411
street_ext: 
city: Panama
province: Panama
postal_code: 
country: PA
phone: +507.8365503
phone_ext: 
fax: +51.17057182
fax_ext: 
email: cac4bb0f72c443cdbb7c4e04669549c9.protect@whoisguard.com

bill
id: 
name: 
organization: 
street: 
street_ext: 
city: 
province: 
postal_code: 
country: 
phone: 
phone_ext: 
fax: 
fax_ext: 
email: 
