registrar_id: 
registrar_name: RELCOMHOST-RU
registrar_organization: 
registrar_phone: 
registrar_email: 
registrar_reseller: 
whois_server: 
referral_url: 
domain_id: 
domain_name: GIT.RU
domain_status: registered,delegated,unverified
created_date: 2001-11-19T21:00:00Z
updated_date: 
expiration_date: 2020-11-20T21:00:00Z
name_servers: hosting1.telekom.ru,ns2.telekom.ru
domain_dnssec: 

registrant
id: 
name: Private Person
organization: 
street: 
street_ext: 
city: 
province: 
postal_code: 
country: 
phone: 
phone_ext: 
fax: 
fax_ext: 
email: 

admin
id: 
name: https://relcom.host
organization: 
street: 
street_ext: 
city: 
province: 
postal_code: 
country: 
phone: 
phone_ext: 
fax: 
fax_ext: 
email: 

tech
id: 
name: 
organization: 
street: 
street_ext: 
city: 
province: 
postal_code: 
country: 
phone: 
phone_ext: 
fax: 
fax_ext: 
email: 

bill
id: 
name: 
organization: 
street: 
street_ext: 
city: 
province: 
postal_code: 
country: 
phone: 
phone_ext: 
fax: 
fax_ext: 
email: 
