
domain
id: D23-SCOT
domain: yes.scot
name: yes
extension: scot
status: ok
dnssec: unsigned
whois_server: whois.corehub.net
name_servers: ns-656.awsdns-18.net,ns-319.awsdns-39.com,ns-1031.awsdns-00.org,ns-1938.awsdns-50.co.uk
created_date: 2014-07-15T12:05:57.342Z
updated_date: 2019-08-29T12:08:46.864Z
expiration_date: 2020-07-15T12:05:57.342Z

registrar
id: 15
name: COREhub
organization: 
street: 
city: 
province: 
postal_code: 
country: 
phone: +34.935275235
phone_ext: 
fax: 
fax_ext: 
email: abuse@corehub.net
referral_url: http://corehub.net

registrant
id: 
name: 
organization: Yes Scotland
street: 
city: 
province: 
postal_code: 
country: GB
phone: 
phone_ext: 
fax: 
fax_ext: 
email: please query the whois service of the registrar of record identified in this output for information on how to contact the registrant, admin, or tech contact of the queried domain name.
referral_url: 

administrative
id: 
name: 
organization: 
street: 
city: 
province: 
postal_code: 
country: 
phone: 
phone_ext: 
fax: 
fax_ext: 
email: please query the whois service of the registrar of record identified in this output for information on how to contact the registrant, admin, or tech contact of the queried domain name.
referral_url: 

technical
id: 
name: 
organization: 
street: 
city: 
province: 
postal_code: 
country: 
phone: 
phone_ext: 
fax: 
fax_ext: 
email: please query the whois service of the registrar of record identified in this output for information on how to contact the registrant, admin, or tech contact of the queried domain name.
referral_url: 

billing
id: 
name: 
organization: 
street: 
city: 
province: 
postal_code: 
country: 
phone: 
phone_ext: 
fax: 
fax_ext: 
email: 
referral_url: 
