
domain
id: D10758-SCOT
domain: gov.scot
name: gov
extension: scot
status: clientdeleteprohibited,clienttransferprohibited,clientupdateprohibited
dnssec: unsigned
whois_server: whois.demys.com
name_servers: ns3.ja.net,ns2.ja.net,ns4.ja.net,ns0.ja.net
created_date: 2015-01-07T09:26:57.553Z
updated_date: 2019-09-29T08:12:11.484Z
expiration_date: 2021-01-07T09:26:57.553Z

registrar
id: 1488
name: Demys Limited
organization: 
street: 
city: 
province: 
postal_code: 
country: 
phone: +44.1312260660
phone_ext: 
fax: 
fax_ext: 
email: gtld+abuse@demys.com
referral_url: http://www.demys.com

registrant
id: 
name: 
organization: The Scottish Government
street: 
city: 
province: 
postal_code: 
country: GB
phone: 
phone_ext: 
fax: 
fax_ext: 
email: please query the whois service of the registrar of record identified in this output for information on how to contact the registrant, admin, or tech contact of the queried domain name.
referral_url: 

administrative
id: 
name: 
organization: 
street: 
city: 
province: 
postal_code: 
country: 
phone: 
phone_ext: 
fax: 
fax_ext: 
email: please query the whois service of the registrar of record identified in this output for information on how to contact the registrant, admin, or tech contact of the queried domain name.
referral_url: 

technical
id: 
name: 
organization: 
street: 
city: 
province: 
postal_code: 
country: 
phone: 
phone_ext: 
fax: 
fax_ext: 
email: please query the whois service of the registrar of record identified in this output for information on how to contact the registrant, admin, or tech contact of the queried domain name.
referral_url: 

billing
id: 
name: 
organization: 
street: 
city: 
province: 
postal_code: 
country: 
phone: 
phone_ext: 
fax: 
fax_ext: 
email: 
referral_url: 
