{
    "domain": {
        "id": "DO_72ec7223ff326ec0c21d0d25412fb084-UR",
        "domain": "google.sexy",
        "name": "google",
        "extension": "sexy",
        "status": "clientupdateprohibited,clienttransferprohibited,clientdeleteprohibited",
        "dnssec": "unsigned",
        "whois_server": "whois.markmonitor.com",
        "name_servers": "ns4.googledomains.com,ns2.googledomains.com,ns1.googledomains.com,ns3.googledomains.com",
        "created_date": "2015-01-21T12:27:25-0800",
        "updated_date": "2019-05-01T12:36:55-0700",
        "expiration_date": "2020-01-21T00:00:00-0800"
    },
    "registrar": {
        "id": "292",
        "name": "MarkMonitor, Inc.",
        "organization": "",
        "street": "",
        "city": "",
        "province": "",
        "postal_code": "",
        "country": "",
        "phone": "+1.2083895740",
        "phone_ext": "",
        "fax": "",
        "fax_ext": "",
        "email": "abusecomplaints@markmonitor.com",
        "referral_url": "http://www.markmonitor.com"
    },
    "registrant": {
        "id": "",
        "name": "",
        "organization": "Google LLC",
        "street": "",
        "city": "",
        "province": "CA",
        "postal_code": "",
        "country": "US",
        "phone": "",
        "phone_ext": "",
        "fax": "",
        "fax_ext": "",
        "email": "",
        "referral_url": ""
    },
    "administrative": {
        "id": "",
        "name": "",
        "organization": "Google LLC",
        "street": "",
        "city": "",
        "province": "CA",
        "postal_code": "",
        "country": "US",
        "phone": "",
        "phone_ext": "",
        "fax": "",
        "fax_ext": "",
        "email": "",
        "referral_url": ""
    },
    "technical": {
        "id": "",
        "name": "",
        "organization": "Google LLC",
        "street": "",
        "city": "",
        "province": "CA",
        "postal_code": "",
        "country": "US",
        "phone": "",
        "phone_ext": "",
        "fax": "",
        "fax_ext": "",
        "email": "",
        "referral_url": ""
    },
    "billing": {
        "id": "",
        "name": "",
        "organization": "",
        "street": "",
        "city": "",
        "province": "",
        "postal_code": "",
        "country": "",
        "phone": "",
        "phone_ext": "",
        "fax": "",
        "fax_ext": "",
        "email": "",
        "referral_url": ""
    }
}