
domain
id: 
domain: GIT.SU
name: git
extension: su
status: registered,delegated
dnssec: 
whois_server: 
name_servers: d.ns.git.su,ns2.he.net,ns2.linode.com,ns3.he.net,ns4.he.net,ns4.linode.com,ns5.he.net,ns5.linode.com
created_date: 2013-03-26T19:00:20Z
updated_date: 
expiration_date: 2020-03-26T20:00:20Z

registrar
id: 
name: DOMENUS-SU
organization: 
street: 
city: 
province: 
postal_code: 
country: 
phone: 
phone_ext: 
fax: 
fax_ext: 
email: 
referral_url: 

registrant
id: 
name: Private Person
organization: 
street: 
city: 
province: 
postal_code: 
country: 
phone: 
phone_ext: 
fax: 
fax_ext: 
email: mureninka@yandex.ru
referral_url: 

administrative
id: 
name: 
organization: 
street: 
city: 
province: 
postal_code: 
country: 
phone: 
phone_ext: 
fax: 
fax_ext: 
email: 
referral_url: 

technical
id: 
name: 
organization: 
street: 
city: 
province: 
postal_code: 
country: 
phone: 
phone_ext: 
fax: 
fax_ext: 
email: 
referral_url: 

billing
id: 
name: 
organization: 
street: 
city: 
province: 
postal_code: 
country: 
phone: 
phone_ext: 
fax: 
fax_ext: 
email: 
referral_url: 
