registrar_id: 292
registrar_name: MarkMonitor, Inc.
registrar_organization: 
registrar_phone: +1.2083895740
registrar_email: abusecomplaints@markmonitor.com
registrar_reseller: 
whois_server: 
referral_url: www.markmonitor.com
domain_id: D587349-TEL
domain_name: google.tel
domain_status: clientupdateprohibited,clienttransferprohibited,clientdeleteprohibited
created_date: 2009-01-22T21:06:56Z
updated_date: 2019-02-23T10:48:27Z
expiration_date: 2020-03-22T23:59:59Z
name_servers: ns1.google.com,ns2.google.com,ns4.google.com,ns3.google.com
domain_dnssec: unsigned

registrant
id: 
name: 
organization: Google Inc.
street: 
street_ext: 
city: 
province: CA
postal_code: 
country: US
phone: 
phone_ext: 
fax: 
fax_ext: 
email: please query the rdds service of the registrar of record identified in this output for information on how to contact the registrant, admin, or tech contact of the queried domain name.

admin
id: 
name: 
organization: 
street: 
street_ext: 
city: 
province: 
postal_code: 
country: 
phone: 
phone_ext: 
fax: 
fax_ext: 
email: please query the rdds service of the registrar of record identified in this output for information on how to contact the registrant, admin, or tech contact of the queried domain name.

tech
id: 
name: 
organization: 
street: 
street_ext: 
city: 
province: 
postal_code: 
country: 
phone: 
phone_ext: 
fax: 
fax_ext: 
email: please query the rdds service of the registrar of record identified in this output for information on how to contact the registrant, admin, or tech contact of the queried domain name.

bill
id: 
name: 
organization: 
street: 
street_ext: 
city: 
province: 
postal_code: 
country: 
phone: 
phone_ext: 
fax: 
fax_ext: 
email: 
