
domain
id: 
domain: google.tf
name: google
extension: tf
status: active
dnssec: 
whois_server: 
name_servers: ns1.markmonitor.com,ns3.markmonitor.com
created_date: 2011-12-06 09:12:58 +0000 UTC
updated_date: 2020-01-14 10:32:47 +0000 UTC
expiration_date: 2021-02-15 19:06:41 +0000 UTC

registrar
id: 
name: MARKMONITOR Inc.
organization: 
street: 3540 East Longwing Lane, ID 83646 MERIDIAN
city: 
province: 
postal_code: 
country: US
phone: +1 208 389 5740
phone_ext: 
fax: +1 208 389 5771
fax_ext: 
email: registry.admin@markmonitor.com
referral_url: http://www.markmonitor.com

registrant
id: GIHU100-FRNIC
name: Google Ireland Holdings Unlimited Company
organization: 
street: Google Ireland Holdings Unlimited Company, 70 Sir John Rogerson's Quay, 2 Dublin, Dublin
city: 
province: 
postal_code: 
country: IE
phone: +353.14361000
phone_ext: 
fax: 
fax_ext: 
email: dns-admin@google.com
referral_url: 

administrative
id: GIHU100-FRNIC
name: Google Ireland Holdings Unlimited Company
organization: 
street: Google Ireland Holdings Unlimited Company, 70 Sir John Rogerson's Quay, 2 Dublin, Dublin
city: 
province: 
postal_code: 
country: IE
phone: +353.14361000
phone_ext: 
fax: 
fax_ext: 
email: dns-admin@google.com
referral_url: 

technical
id: MC239-FRNIC
name: MARKMONITOR CCOPS
organization: 
street: eMarkmonitor Inc. dba MarkMonitor, PMB 155, 10400 Overland Road, 83709-1433 Boise, Id, US
city: 
province: 
postal_code: 
country: 
phone: +01 2083895740
phone_ext: 
fax: 
fax_ext: 
email: ccops@markmonitor.com
referral_url: 

billing
id: 
name: 
organization: 
street: 
city: 
province: 
postal_code: 
country: 
phone: 
phone_ext: 
fax: 
fax_ext: 
email: 
referral_url: 
