
domain
id: 
domain: NEW.TK
name: new
extension: tk
status: active
dnssec: 
whois_server: 
name_servers: ns1.domaindiscount24.net,ns2.domaindiscount24.net,ns3.domaindiscount24.net
created_date: 2013-02-05 00:00:00 +0000 UTC
updated_date: 0001-01-01 00:00:00 +0000 UTC
expiration_date: 2022-02-10 00:00:00 +0000 UTC

registrar
id: 
name: 
organization: 
street: 
city: 
province: 
postal_code: 
country: 
phone: 
phone_ext: 
fax: 
fax_ext: 
email: 
referral_url: 

registrant
id: 
name: NewTek Domain manager
organization: NewTek
street: 5131 Beckwith Blvd
city: San Antonio
province: 
postal_code: 78249
country: U.S.A.
phone: +1-210-3708000
phone_ext: 
fax: +1--
fax_ext: 
email: cs@newtek.com
referral_url: 

administrative
id: 
name: NewTek Domain manager
organization: NewTek
street: 5131 Beckwith Blvd
city: San Antonio
province: 
postal_code: 78249
country: U.S.A.
phone: +1-210-3708000
phone_ext: 
fax: +1--
fax_ext: 
email: cs@newtek.com
referral_url: 

technical
id: 
name: NewTek Domain manager
organization: NewTek
street: 5131 Beckwith Blvd
city: San Antonio
province: 
postal_code: 78249
country: U.S.A.
phone: +1-210-3708000
phone_ext: 
fax: +1--
fax_ext: 
email: cs@newtek.com
referral_url: 

billing
id: 
name: NewTek Domain manager
organization: NewTek
street: 5131 Beckwith Blvd
city: San Antonio
province: 
postal_code: 78249
country: U.S.A.
phone: +1-210-3708000
phone_ext: 
fax: +1--
fax_ext: 
email: cs@newtek.com
referral_url: 
