
domain
id: 
domain: YAZEJI.TK
name: yazeji
extension: tk
status: 
dnssec: 
whois_server: 
name_servers: nsb1.hostnet.com.br,nsb3.hostnet.com.br,nsb5.hostnet.com.br,nsb6.hostnet.com.br,nsb4.hostnet.com.br
created_date: 
updated_date: 
expiration_date: 

registrar
id: 
name: 
organization: 
street: 
city: 
province: 
postal_code: 
country: 
phone: 
phone_ext: 
fax: 
fax_ext: 
email: 
referral_url: 

registrant
id: 
name: Dot TK administrator
organization: BV Dot TK
street: P.O. Box 11774, 1001 GT Amsterdam, Netherlands
city: 
province: 
postal_code: 
country: 
phone: +31 20 5315725
phone_ext: 
fax: +31 20 5315721
fax_ext: 
email: abuse: abuse@freenom.com, copyright infringement: copyright@freenom.com
referral_url: 

administrative
id: 
name: 
organization: 
street: 
city: 
province: 
postal_code: 
country: 
phone: 
phone_ext: 
fax: 
fax_ext: 
email: 
referral_url: 

technical
id: 
name: 
organization: 
street: 
city: 
province: 
postal_code: 
country: 
phone: 
phone_ext: 
fax: 
fax_ext: 
email: 
referral_url: 

billing
id: 
name: 
organization: 
street: 
city: 
province: 
postal_code: 
country: 
phone: 
phone_ext: 
fax: 
fax_ext: 
email: 
referral_url: 
