
domain
id: D20150409G10001G_34600327-top
domain: google.top
name: google
extension: top
status: clienttransferprohibited,clientdeleteprohibited,clientupdateprohibited
dnssec: unsigned
whois_server: whois.markmonitor.com
name_servers: ns2.google.com,ns4.google.com,ns1.google.com,ns3.google.com
created_date: 2015-04-09 14:34:13 +0000 UTC
updated_date: 2019-03-08 10:33:43 +0000 UTC
expiration_date: 2020-04-09 14:34:13 +0000 UTC

registrar
id: 292
name: MarkMonitor
organization: 
street: 
city: 
province: 
postal_code: 
country: 
phone: +1.2083895740
phone_ext: 
fax: 
fax_ext: 
email: abusecomplaints@markmonitor.com
referral_url: https://www.markmonitor.com

registrant
id: C20180326C_28606617-top
name: 
organization: 
street: 
city: 
province: 
postal_code: 
country: 
phone: 
phone_ext: 
fax: 
fax_ext: 
email: 
referral_url: 

administrative
id: C20180326C_28606617-top
name: 
organization: 
street: 
city: 
province: 
postal_code: 
country: 
phone: 
phone_ext: 
fax: 
fax_ext: 
email: 
referral_url: 

technical
id: C20180326C_28606617-top
name: 
organization: 
street: 
city: 
province: 
postal_code: 
country: 
phone: 
phone_ext: 
fax: 
fax_ext: 
email: 
referral_url: 

billing
id: 
name: 
organization: 
street: 
city: 
province: 
postal_code: 
country: 
phone: 
phone_ext: 
fax: 
fax_ext: 
email: 
referral_url: 
