registrar_id: 
registrar_name: 
whois_server: 
referral_url: 
domain_id: 
domain_name: TPC.INT
domain_status: 
created_date: 1996-08-08
updated_date: 2007-06-22
expiration_date: 
name_servers: auth02.ns.uu.net,ns1.covalent.net,ns1.simkin.ca,ns1.tpc.int,ns2.simkin.ca
domain_dnssec: 

registrant
id: 
name: Arlington Hewes
organization: 
street: CANADA
street_ext: 
city: 
province: 
postal_code: 
country: 
phone: +1 215 438-4638
phone_ext: 
fax: 
fax_ext: 
email: tpcadmin@info.tpc.int

admin
id: 
name: 
organization: 
street: 
street_ext: 
city: 
province: 
postal_code: 
country: 
phone: 
phone_ext: 
fax: 
fax_ext: 
email: 

tech
id: 
name: 
organization: 
street: 
street_ext: 
city: 
province: 
postal_code: 
country: 
phone: 
phone_ext: 
fax: 
fax_ext: 
email: 

bill
id: 
name: 
organization: 
street: 
street_ext: 
city: 
province: 
postal_code: 
country: 
phone: 
phone_ext: 
fax: 
fax_ext: 
email: 
