
domain
id: D398258-TRAVEL
domain: xplor.travel
name: xplor
extension: travel
status: clienttransferprohibited
dnssec: unsigned
whois_server: whois.encirca.com
name_servers: ns-643.awsdns-16.net,ns-1661.awsdns-15.co.uk,ns-387.awsdns-48.com,ns-1186.awsdns-20.org
created_date: 2008-06-04 05:15:51 +0000 UTC
updated_date: 2019-10-01 22:38:40 +0000 UTC
expiration_date: 2020-06-03 23:59:59 +0000 UTC

registrar
id: 455
name: EnCirca, Inc.
organization: 
street: 
city: 
province: 
postal_code: 
country: 
phone: +1.7819429975
phone_ext: 
fax: 
fax_ext: 
email: abuse-2014-2@encirca.com
referral_url: WWW.ENCIRCA.COM

registrant
id: 
name: 
organization: c/o EnCirca Privacy Service
street: 
city: 
province: MA
postal_code: 
country: US
phone: 
phone_ext: 
fax: 
fax_ext: 
email: please query the rdds service of the registrar of record identified in this output for information on how to contact the registrant, admin, or tech contact of the queried domain name.
referral_url: 

administrative
id: 
name: 
organization: 
street: 
city: 
province: 
postal_code: 
country: 
phone: 
phone_ext: 
fax: 
fax_ext: 
email: please query the rdds service of the registrar of record identified in this output for information on how to contact the registrant, admin, or tech contact of the queried domain name.
referral_url: 

technical
id: 
name: 
organization: 
street: 
city: 
province: 
postal_code: 
country: 
phone: 
phone_ext: 
fax: 
fax_ext: 
email: please query the rdds service of the registrar of record identified in this output for information on how to contact the registrant, admin, or tech contact of the queried domain name.
referral_url: 

billing
id: 
name: 
organization: 
street: 
city: 
province: 
postal_code: 
country: 
phone: 
phone_ext: 
fax: 
fax_ext: 
email: 
referral_url: 
