
domain
id: 87196881_DOMAIN_TV-VRSN
domain: google.tv
name: google
extension: tv
status: clientdeleteprohibited,clienttransferprohibited,clientupdateprohibited,serverdeleteprohibited,servertransferprohibited,serverupdateprohibited
dnssec: unsigned
whois_server: whois.markmonitor.com
name_servers: ns1.google.com,ns2.google.com,ns3.google.com
created_date: 2002-08-02 16:43:36 +0000 UTC
updated_date: 2019-07-01 09:33:39 +0000 UTC
expiration_date: 2020-08-02 16:43:36 +0000 UTC

registrar
id: 292
name: MarkMonitor, Inc.
organization: 
street: 
city: 
province: 
postal_code: 
country: 
phone: +1.2083895770
phone_ext: 
fax: 
fax_ext: 
email: abusecomplaints@markmonitor.com
referral_url: http://www.markmonitor.com

registrant
id: 
name: 
organization: Google Inc.
street: 
city: 
province: CA
postal_code: 
country: US
phone: 
phone_ext: 
fax: 
fax_ext: 
email: select request email form at https://domains.markmonitor.com/whois/google.tv
referral_url: 

administrative
id: 
name: 
organization: Google Inc.
street: 
city: 
province: CA
postal_code: 
country: US
phone: 
phone_ext: 
fax: 
fax_ext: 
email: select request email form at https://domains.markmonitor.com/whois/google.tv
referral_url: 

technical
id: 
name: 
organization: Google Inc.
street: 
city: 
province: CA
postal_code: 
country: US
phone: 
phone_ext: 
fax: 
fax_ext: 
email: select request email form at https://domains.markmonitor.com/whois/google.tv
referral_url: 

billing
id: 
name: 
organization: 
street: 
city: 
province: 
postal_code: 
country: 
phone: 
phone_ext: 
fax: 
fax_ext: 
email: 
referral_url: 
