
domain
id: 
domain: git.tw
name: git
extension: tw
status: clienttransferprohibited
dnssec: 
whois_server: 
name_servers: kristin.ns.cloudflare.com,paul.ns.cloudflare.com
created_date: 2008-05-23 (YYYY-MM-DD)
updated_date: 
expiration_date: 2020-05-23 (YYYY-MM-DD)

registrar
id: 
name: GANDI SAS
organization: 
street: 
city: 
province: 
postal_code: 
country: 
phone: 
phone_ext: 
fax: 
fax_ext: 
email: 
referral_url: http://www.gandi.net/whois

registrant
id: 
name: FR
organization: Not displayed due to GDPR
street: 
city: 
province: 
postal_code: 
country: 
phone: 
phone_ext: 
fax: 
fax_ext: 
email: 
referral_url: 

administrative
id: 
name: Not displayed due to GDPR
organization: 
street: 
city: 
province: 
postal_code: 
country: 
phone: 
phone_ext: 
fax: 
fax_ext: 
email: 
referral_url: 

technical
id: 
name: Not displayed due to GDPR
organization: 
street: 
city: 
province: 
postal_code: 
country: 
phone: 
phone_ext: 
fax: 
fax_ext: 
email: 
referral_url: 

billing
id: 
name: 
organization: 
street: 
city: 
province: 
postal_code: 
country: 
phone: 
phone_ext: 
fax: 
fax_ext: 
email: 
referral_url: 
