
domain
id: 
domain: google.tw
name: google
extension: tw
status: clientupdateprohibited,clienttransferprohibited,clientdeleteprohibited
dnssec: 
whois_server: 
name_servers: ns1.google.com,ns2.google.com,ns3.google.com,ns4.google.com
created_date: 2005-10-27 00:00:00 +0000 UTC
updated_date: 0001-01-01 00:00:00 +0000 UTC
expiration_date: 2020-10-31 00:00:00 +0000 UTC

registrar
id: 
name: Markmonitor, Inc.
organization: 
street: 
city: 
province: 
postal_code: 
country: 
phone: 
phone_ext: 
fax: 
fax_ext: 
email: 
referral_url: http://www.markmonitor.com/

registrant
id: 
name: Domain Administrator
organization: Google LLC
street: 1600 Amphitheatre Parkway, Mountain View, CA, US
city: 
province: 
postal_code: 
country: 
phone: +1.6502530000
phone_ext: 
fax: +1.6502530001
fax_ext: 
email: dns-admin@google.com
referral_url: 

administrative
id: 
name: Domain Administrator
organization: 
street: 
city: 
province: 
postal_code: 
country: 
phone: +1.6502530000
phone_ext: 
fax: +1.6502530001
fax_ext: 
email: dns-admin@google.com
referral_url: 

technical
id: 
name: Domain Administrator
organization: 
street: 
city: 
province: 
postal_code: 
country: 
phone: +1.6502530000
phone_ext: 
fax: +1.6502530001
fax_ext: 
email: dns-admin@google.com
referral_url: 

billing
id: 
name: 
organization: 
street: 
city: 
province: 
postal_code: 
country: 
phone: 
phone_ext: 
fax: 
fax_ext: 
email: 
referral_url: 
