
domain
id: 
domain: msn.tw
name: msn
extension: tw
status: 
dnssec: 
whois_server: 
name_servers: 
created_date: 2005-10-27 00:00:00 +0000 UTC
updated_date: 0001-01-01 00:00:00 +0000 UTC
expiration_date: 2020-10-27 00:00:00 +0000 UTC

registrar
id: 
name: HINET
organization: 
street: 
city: 
province: 
postal_code: 
country: 
phone: 
phone_ext: 
fax: 
fax_ext: 
email: 
referral_url: http://domain.hinet.net

registrant
id: 
name: Simmy Wang
organization: 
street: 
city: 
province: 
postal_code: 
country: 
phone: 
phone_ext: 
fax: 
fax_ext: 
email: simmy.wang@gmail.com
referral_url: 

administrative
id: 
name: 
organization: 
street: 
city: 
province: 
postal_code: 
country: 
phone: 
phone_ext: 
fax: 
fax_ext: 
email: 
referral_url: 

technical
id: 
name: 
organization: 
street: 
city: 
province: 
postal_code: 
country: 
phone: 
phone_ext: 
fax: 
fax_ext: 
email: 
referral_url: 

billing
id: 
name: 
organization: 
street: 
city: 
province: 
postal_code: 
country: 
phone: 
phone_ext: 
fax: 
fax_ext: 
email: 
referral_url: 
