
domain
id: 
domain: git.uk
name: git
extension: uk
status: registered
dnssec: Signed
whois_server: 
name_servers: mona.ns.cloudflare.com,nitin.ns.cloudflare.com
created_date: 2020-01-22 00:00:00 +0000 UTC
updated_date: 2020-01-25 00:00:00 +0000 UTC
expiration_date: 2021-01-22 00:00:00 +0000 UTC

registrar
id: 
name: Digital Ventures Group Ltd [Tag = DIGITALVENTURES]
organization: 
street: 
city: 
province: 
postal_code: 
country: 
phone: 
phone_ext: 
fax: 
fax_ext: 
email: 
referral_url: https://digitalventures.uk

registrant
id: 
name: Digital Ventures Group Ltd
organization: 
street: 71-75 Shelton Street,Covent Garden,London,WC2H 9JQ,United Kingdom
city: 
province: 
postal_code: 
country: 
phone: 
phone_ext: 
fax: 
fax_ext: 
email: 
referral_url: 

administrative
id: 
name: 
organization: 
street: 
city: 
province: 
postal_code: 
country: 
phone: 
phone_ext: 
fax: 
fax_ext: 
email: 
referral_url: 

technical
id: 
name: 
organization: 
street: 
city: 
province: 
postal_code: 
country: 
phone: 
phone_ext: 
fax: 
fax_ext: 
email: 
referral_url: 

billing
id: 
name: 
organization: 
street: 
city: 
province: 
postal_code: 
country: 
phone: 
phone_ext: 
fax: 
fax_ext: 
email: 
referral_url: 
