
domain
id: D1827192-US
domain: git.us
name: git
extension: us
status: clientrenewprohibited,clientdeleteprohibited,clientupdateprohibited,clienttransferprohibited
dnssec: unsigned
whois_server: whois.godaddy.com
name_servers: ns1.namefind.com,ns2.namefind.com
created_date: 2002-04-24 15:27:59 +0000 UTC
updated_date: 2019-07-13 19:37:25 +0000 UTC
expiration_date: 2020-04-23 23:59:59 +0000 UTC

registrar
id: 146
name: GoDaddy.com, Inc.
organization: 
street: 
city: 
province: 
postal_code: 
country: 
phone: +1.4806242505
phone_ext: 
fax: 
fax_ext: 
email: abuse@godaddy.com
referral_url: whois.godaddy.com

registrant
id: CF9A4F78E6B724C70BE57DBF0AE1286BB-NSR
name: Domain Administrator
organization: NameFind LLC
street: 1 Main Street, Suite 1120
city: Cambridge
province: Massachusetts
postal_code: 02142
country: us
phone: +1.7813736856
phone_ext: 
fax: +1.4259744689
fax_ext: 
email: admin@namefind.com
referral_url: 

administrative
id: C51786CC78A8042E5B06019AEA002F7A6-NSR
name: Domain Administrator
organization: NameFind LLC
street: 1 Main Street, Suite 1120
city: Cambridge
province: Massachusetts
postal_code: 02142
country: us
phone: +1.7813736856
phone_ext: 
fax: +1.4259744689
fax_ext: 
email: admin@namefind.com
referral_url: 

technical
id: C154D9426A0DF4369B50222B2DB84A87D-NSR
name: Domain Administrator
organization: NameFind LLC
street: 1 Main Street, Suite 1120
city: Cambridge
province: Massachusetts
postal_code: 02142
country: us
phone: +1.7813736856
phone_ext: 
fax: +1.4258838860
fax_ext: 
email: admin@namefind.com
referral_url: 

billing
id: 
name: 
organization: 
street: 
city: 
province: 
postal_code: 
country: 
phone: 
phone_ext: 
fax: 
fax_ext: 
email: 
referral_url: 
