
domain
id: D775573-US
domain: google.us
name: google
extension: us
status: clientdeleteprohibited,clienttransferprohibited,clientupdateprohibited
dnssec: unsigned
whois_server: 
name_servers: ns2.google.com,ns4.google.com,ns3.google.com,ns1.google.com
created_date: 2002-04-19 23:16:01 +0000 UTC
updated_date: 2019-03-22 09:56:02 +0000 UTC
expiration_date: 2020-04-18 23:59:59 +0000 UTC

registrar
id: 292
name: MarkMonitor, Inc.
organization: 
street: 
city: 
province: 
postal_code: 
country: 
phone: +1.2083895740
phone_ext: 
fax: 
fax_ext: 
email: abusecomplaints@markmonitor.com
referral_url: www.markmonitor.com

registrant
id: C37454483-US
name: Google Inc
organization: Google LLC
street: 1600 Amphitheatre Parkway
city: Mountain View
province: CA
postal_code: 94043
country: US
phone: +1.6502530000
phone_ext: 
fax: +1.6502530001
fax_ext: 
email: dns-admin@google.com
referral_url: 

administrative
id: C37613731-US
name: Christina Chiou
organization: Google Inc.
street: 1600 Amphitheatre Parkway
city: Mountain View
province: CA
postal_code: 94043
country: US
phone: +1.6502530000
phone_ext: 
fax: +1.6502530001
fax_ext: 
email: dns-admin@google.com
referral_url: 

technical
id: C37613731-US
name: Christina Chiou
organization: Google Inc.
street: 1600 Amphitheatre Parkway
city: Mountain View
province: CA
postal_code: 94043
country: US
phone: +1.6502530000
phone_ext: 
fax: +1.6502530001
fax_ext: 
email: dns-admin@google.com
referral_url: 

billing
id: 
name: 
organization: 
street: 
city: 
province: 
postal_code: 
country: 
phone: 
phone_ext: 
fax: 
fax_ext: 
email: 
referral_url: 
