registrar_id: 
registrar_name: Loopia AB
whois_server: 
referral_url: 
domain_id: 
domain_name: vf.se
domain_status: active,ok
created_date: 2003-06-23
updated_date: 2018-06-01
expiration_date: 2019-06-23
name_servers: dns.nkp.se,dns.nwt.se,dns.sla.se
domain_dnssec: unsigned delegation

registrant
id: 
name: pernya8958-00001
organization: 
street: 
street_ext: 
city: 
province: 
postal_code: 
country: 
phone: 
phone_ext: 
fax: 
fax_ext: 
email: 

admin
id: -
name: 
organization: 
street: 
street_ext: 
city: 
province: 
postal_code: 
country: 
phone: 
phone_ext: 
fax: 
fax_ext: 
email: 

tech
id: -
name: 
organization: 
street: 
street_ext: 
city: 
province: 
postal_code: 
country: 
phone: 
phone_ext: 
fax: 
fax_ext: 
email: 

bill
id: -
name: 
organization: 
street: 
street_ext: 
city: 
province: 
postal_code: 
country: 
phone: 
phone_ext: 
fax: 
fax_ext: 
email: 
