registrar_id: 
registrar_name: OVH
whois_server: 
referral_url: 
domain_id: 
domain_name: vie.re
domain_status: active
created_date: 2015-01-30T11:06:10Z
updated_date: 2018-12-18T10:26:14Z
expiration_date: 2019-01-30T11:06:10Z
name_servers: dns200.anycast.me,ns200.anycast.me
domain_dnssec: 

registrant
id: EI2664-FRNIC
name: 
organization: 
street: 
street_ext: 
city: 
province: 
postal_code: 
country: 
phone: 
phone_ext: 
fax: 
fax_ext: 
email: 

admin
id: OK217-FRNIC
name: 
organization: 
street: 
street_ext: 
city: 
province: 
postal_code: 
country: 
phone: 
phone_ext: 
fax: 
fax_ext: 
email: 

tech
id: OK217-FRNIC
name: 
organization: 
street: 
street_ext: 
city: 
province: 
postal_code: 
country: 
phone: 
phone_ext: 
fax: 
fax_ext: 
email: 

bill
id: 
name: 
organization: 
street: 
street_ext: 
city: 
province: 
postal_code: 
country: 
phone: 
phone_ext: 
fax: 
fax_ext: 
email: 
