
domain
id: D865CD29234E835CE040010AAB015FFF
domain: GOOGLE.WS
name: google
extension: ws
status: clienttransferprohibited,clientdeleteprohibited,clientupdateprohibited
dnssec: unsigned
whois_server: whois.markmonitor.com
name_servers: ns1.google.com,ns2.google.com,ns3.google.com,ns4.google.com
created_date: 2002-03-03 18:00:26 +0000 UTC
updated_date: 2020-01-31 10:37:09 +0000 UTC
expiration_date: 2021-03-04 00:00:26 +0000 UTC

registrar
id: 292
name: MarkMonitor Inc.
organization: 
street: 
city: 
province: 
postal_code: 
country: 
phone: 2083895740
phone_ext: 
fax: 
fax_ext: 
email: ccops@markmonitor.com
referral_url: http://www.markmonitor.com/whois.asp

registrant
id: 
name: 
organization: 
street: 
city: 
province: 
postal_code: 
country: 
phone: 
phone_ext: 
fax: 
fax_ext: 
email: 
referral_url: 

administrative
id: 
name: 
organization: 
street: 
city: 
province: 
postal_code: 
country: 
phone: 
phone_ext: 
fax: 
fax_ext: 
email: 
referral_url: 

technical
id: 
name: 
organization: 
street: 
city: 
province: 
postal_code: 
country: 
phone: 
phone_ext: 
fax: 
fax_ext: 
email: 
referral_url: 

billing
id: 
name: 
organization: 
street: 
city: 
province: 
postal_code: 
country: 
phone: 
phone_ext: 
fax: 
fax_ext: 
email: 
referral_url: 
