registrar_id: 1659
registrar_name: UNIREGISTRAR CORP
whois_server: whois.uniregistrar.net
referral_url: http://uniregistry.com
domain_id: DO_5EFF27DC42679E197FD1DEC9826458F2-UR
domain_name: XX.SEXY
domain_status: clienttransferprohibited
created_date: 2019-01-14-T15:24:35Z
updated_date: 2019-01-15-T08:20:48Z
expiration_date: 2020-01-14-T15:24:35Z
name_servers: ns2.uniregistry-dns.net,ns2.uniregistry-dns.com,ns1.uniregistry-dns.net,ns1.uniregistry-dns.com
domain_dnssec: unsigned

registrant
id: UNIREGNTNKE9FH1S
name: BLOCKCHAIN SHOWROOM
organization: 
street: 933 GLEN FORREST BLVD.
street_ext: 
city: WATERLOO
province: ON
postal_code: N5Y5E5
country: CA
phone: +1.2263368334
phone_ext: 
fax: 
fax_ext: 
email: blockchainshowroom@gmail.com

admin
id: UNIREGNTNKE9FH1S
name: BLOCKCHAIN SHOWROOM
organization: 
street: 933 GLEN FORREST BLVD.
street_ext: 
city: WATERLOO
province: ON
postal_code: N5Y5E5
country: CA
phone: +1.2263368334
phone_ext: 
fax: 
fax_ext: 
email: blockchainshowroom@gmail.com

tech
id: UNIREGNTNKE9FH1S
name: BLOCKCHAIN SHOWROOM
organization: 
street: 933 GLEN FORREST BLVD.
street_ext: 
city: WATERLOO
province: ON
postal_code: N5Y5E5
country: CA
phone: +1.2263368334
phone_ext: 
fax: 
fax_ext: 
email: blockchainshowroom@gmail.com

bill
id: 
name: 
organization: 
street: 
street_ext: 
city: 
province: 
postal_code: 
country: 
phone: 
phone_ext: 
fax: 
fax_ext: 
email: 
