registrar_id: 292
registrar_name: MarkMonitor Inc.
registrar_organization: 
registrar_phone: 
registrar_email: 
registrar_reseller: 
whois_server: 
referral_url: http://www.markmonitor.com
domain_id: D29317-AGRS
domain_name: GOOGLE.XXX
domain_status: clientdeleteprohibited,clienttransferprohibited,clientupdateprohibited
created_date: 2011-12-01T21:25:32Z
updated_date: 2018-10-30T09:36:37Z
expiration_date: 2019-12-01T21:25:32Z
name_servers: ns3.googledomains.com,ns1.googledomains.com,ns2.googledomains.com,ns4.googledomains.com
domain_dnssec: unsigned

registrant
id: 
name: 
organization: Google Inc.
street: 
street_ext: 
city: 
province: CA
postal_code: 
country: US
phone: 
phone_ext: 
fax: 
fax_ext: 
email: 

admin
id: 
name: 
organization: 
street: 
street_ext: 
city: 
province: 
postal_code: 
country: 
phone: 
phone_ext: 
fax: 
fax_ext: 
email: 

tech
id: 
name: 
organization: 
street: 
street_ext: 
city: 
province: 
postal_code: 
country: 
phone: 
phone_ext: 
fax: 
fax_ext: 
email: 

bill
id: 
name: 
organization: 
street: 
street_ext: 
city: 
province: 
postal_code: 
country: 
phone: 
phone_ext: 
fax: 
fax_ext: 
email: 
