
domain
id: D1195891-AGRS
domain: porn.xxx
name: porn
extension: xxx
status: ok
dnssec: unsigned
whois_server: whois.eurodns.com
name_servers: ns4.eurodns.com,ns3.eurodns.com,ns1.eurodns.com,ns2.eurodns.com
created_date: 2013-05-16 22:38:13.295 +0000 UTC
updated_date: 2019-11-26 17:59:40.115 +0000 UTC
expiration_date: 2021-05-16 22:38:13.295 +0000 UTC

registrar
id: 1052
name: EuroDNS S.A.
organization: 
street: 
city: 
province: 
postal_code: 
country: 
phone: +352.263725200
phone_ext: 
fax: 
fax_ext: 
email: legal@eurodns.com
referral_url: https://www.eurodns.com/

registrant
id: REDACTED FOR PRIVACY
name: REDACTED FOR PRIVACY
organization: 
street: REDACTED FOR PRIVACY
city: REDACTED FOR PRIVACY
province: 
postal_code: REDACTED FOR PRIVACY
country: 
phone: REDACTED FOR PRIVACY
phone_ext: 
fax: REDACTED FOR PRIVACY
fax_ext: 
email: please query the rdds service of the registrar of record identified in this output for information on how to contact the registrant, admin, or tech contact of the queried domain name.
referral_url: 

administrative
id: REDACTED FOR PRIVACY
name: REDACTED FOR PRIVACY
organization: REDACTED FOR PRIVACY
street: REDACTED FOR PRIVACY
city: REDACTED FOR PRIVACY
province: REDACTED FOR PRIVACY
postal_code: REDACTED FOR PRIVACY
country: REDACTED FOR PRIVACY
phone: REDACTED FOR PRIVACY
phone_ext: 
fax: REDACTED FOR PRIVACY
fax_ext: 
email: please query the rdds service of the registrar of record identified in this output for information on how to contact the registrant, admin, or tech contact of the queried domain name.
referral_url: 

technical
id: REDACTED FOR PRIVACY
name: REDACTED FOR PRIVACY
organization: REDACTED FOR PRIVACY
street: REDACTED FOR PRIVACY
city: REDACTED FOR PRIVACY
province: REDACTED FOR PRIVACY
postal_code: REDACTED FOR PRIVACY
country: REDACTED FOR PRIVACY
phone: REDACTED FOR PRIVACY
phone_ext: 
fax: REDACTED FOR PRIVACY
fax_ext: 
email: please query the rdds service of the registrar of record identified in this output for information on how to contact the registrant, admin, or tech contact of the queried domain name.
referral_url: 

billing
id: REDACTED FOR PRIVACY
name: REDACTED FOR PRIVACY
organization: REDACTED FOR PRIVACY
street: REDACTED FOR PRIVACY
city: REDACTED FOR PRIVACY
province: REDACTED FOR PRIVACY
postal_code: REDACTED FOR PRIVACY
country: REDACTED FOR PRIVACY
phone: REDACTED FOR PRIVACY
phone_ext: 
fax: REDACTED FOR PRIVACY
fax_ext: 
email: please query the rdds service of the registrar of record identified in this output for information on how to contact the registrant, admin, or tech contact of the queried domain name.
referral_url: 
