
domain
id: 
domain: git.yt
name: git
extension: yt
status: active
dnssec: 
whois_server: 
name_servers: ns0.random.sh,ns1.random.sh,ns2.random.sh
created_date: 2015-02-23T09:43:27Z
updated_date: 2019-01-23T08:01:40Z
expiration_date: 2020-02-23T09:43:27Z

registrar
id: 
name: GANDI
organization: 
street: 63-65 boulevard Massena, 75013 PARIS
city: 
province: 
postal_code: 
country: FR
phone: +33 1 70 37 76 61
phone_ext: 
fax: +33 1 43 73 18 51
fax_ext: 
email: support@support.gandi.net
referral_url: https://www.gandi.net/fr/tlds/fr/

registrant
id: ANO00-FRNIC
name: Ano Nymous
organization: 
street: 
city: 
province: 
postal_code: 
country: 
phone: 
phone_ext: 
fax: 
fax_ext: 
email: 
referral_url: 

administrative
id: R12684-FRNIC
name: random.sh
organization: 
street: random.sh, 530, chemin de Cartouche, 30220 Aigues Mortes
city: 
province: 
postal_code: 
country: FR
phone: +33 6 61 88 63 15
phone_ext: 
fax: 
fax_ext: 
email: root+domains@random.sh
referral_url: 

technical
id: GR283-FRNIC
name: GANDI ROLE
organization: 
street: Gandi, 15, place de la Nation, 75011 Paris
city: 
province: 
postal_code: 
country: FR
phone: 
phone_ext: 
fax: 
fax_ext: 
email: noc@gandi.net
referral_url: 

billing
id: 
name: 
organization: 
street: 
city: 
province: 
postal_code: 
country: 
phone: 
phone_ext: 
fax: 
fax_ext: 
email: 
referral_url: 
