registrar_id: 
registrar_name: 123-Reg Limited t/a 123-reg [Tag = 123-REG]
whois_server: 
referral_url: 
domain_id: 
domain_name: zem.org.uk
domain_status: registered
created_date: 15-Apr-2009
updated_date: 08-Apr-2018
expiration_date: 15-Apr-2019
name_servers: ns1.he.net,ns2.he.net,ns3.he.net,ns4.he.net
domain_dnssec: 

registrant
id: 
name: 
organization: 
street: 
street_ext: 
city: 
province: 
postal_code: 
country: 
phone: 
phone_ext: 
fax: 
fax_ext: 
email: 

admin
id: 
name: 
organization: 
street: 
street_ext: 
city: 
province: 
postal_code: 
country: 
phone: 
phone_ext: 
fax: 
fax_ext: 
email: 

tech
id: 
name: 
organization: 
street: 
street_ext: 
city: 
province: 
postal_code: 
country: 
phone: 
phone_ext: 
fax: 
fax_ext: 
email: 

bill
id: 
name: 
organization: 
street: 
street_ext: 
city: 
province: 
postal_code: 
country: 
phone: 
phone_ext: 
fax: 
fax_ext: 
email: 
